*****************************************************************************
ParFlow Output Log
	Version         : v3.9.0
	Compiled on     : Feb 21 2024 14:43:57
*****************************************************************************
==============================================
BEGIN Log Info (SolverRichards)

Transient Problem Solved.
-------------------------

Total Timesteps: 409

-------------------------
Sequence #       Time         \Delta t         Dumpfile #   Recompute?
----------   ------------   ------------ -     ----------   ----------
  000000     0.000000e+00   0.000000e+00 i       000000          n
  000001     1.100000e-02   1.100000e-02 p                       y
  000002     2.310000e-02   1.210000e-02 p                       y
  000003     3.641000e-02   1.331000e-02 p                       y
  000004     5.105100e-02   1.464100e-02 p                       y
  000005     6.715610e-02   1.610510e-02 p                       y
  000006     8.487171e-02   1.771561e-02 p                       y
  000007     1.043589e-01   1.948717e-02 p                       y
  000008     1.257948e-01   2.143589e-02 p                       y
  000009     1.493742e-01   2.357948e-02 p                       y
  000010     1.753117e-01   2.593742e-02 p                       y
  000011     2.038428e-01   2.853117e-02 p                       y
  000012     2.352271e-01   3.138428e-02 p                       y
  000013     2.697498e-01   3.452271e-02 p                       y
  000014     3.077248e-01   3.797498e-02 p                       y
  000015     3.494973e-01   4.177248e-02 p                       y
  000016     3.954470e-01   4.594973e-02 p                       y
  000017     4.459917e-01   5.054470e-02 p                       y
  000018     5.015909e-01   5.559917e-02 p                       y
  000019     5.627500e-01   6.115909e-02 p                       y
  000020     6.300250e-01   6.727500e-02 p                       y
  000021     7.040275e-01   7.400250e-02 p                       y
  000022     7.854302e-01   8.140275e-02 p                       y
  000023     8.749733e-01   8.954302e-02 p                       y
  000024     9.734706e-01   9.849733e-02 p                       y
  000025     1.081818e+00   1.083471e-01 p                       y
  000026     1.200999e+00   1.191818e-01 p                       y
  000027     1.332099e+00   1.310999e-01 p                       y
  000028     1.476309e+00   1.442099e-01 p                       y
  000029     1.634940e+00   1.586309e-01 p                       y
  000030     1.809434e+00   1.744940e-01 p                       y
  000031     2.001378e+00   1.919434e-01 p                       y
  000032     2.212515e+00   2.111378e-01 p                       y
  000033     2.444767e+00   2.322515e-01 p                       y
  000034     2.700244e+00   2.554767e-01 p                       y
  000035     2.981268e+00   2.810244e-01 p                       y
  000036     3.290395e+00   3.091268e-01 p                       y
  000037     3.630434e+00   3.400395e-01 p                       y
  000038     4.004478e+00   3.740434e-01 p                       y
  000039     4.415926e+00   4.114478e-01 p                       y
  000040     4.868518e+00   4.525926e-01 p                       y
  000041     5.366370e+00   4.978518e-01 p                       y
  000042     5.914007e+00   5.476370e-01 p                       y
  000043     6.516408e+00   6.024007e-01 p                       y
  000044     7.179048e+00   6.626408e-01 p                       y
  000045     7.907953e+00   7.289048e-01 p                       y
  000046     8.709749e+00   8.017953e-01 p                       y
  000047     9.591723e+00   8.819749e-01 p                       y
  000048     1.056190e+01   9.701723e-01 p                       y
  000049     1.162909e+01   1.067190e+00 p                       y
  000050     1.280299e+01   1.173909e+00 p                       y
  000051     1.409429e+01   1.291299e+00 p                       y
  000052     1.551472e+01   1.420429e+00 p                       y
  000053     1.707719e+01   1.562472e+00 p                       y
  000054     1.879591e+01   1.718719e+00 p                       y
  000055     2.068651e+01   1.890591e+00 p                       y
  000056     2.276616e+01   2.079651e+00 p                       y
  000057     2.400000e+01   1.233844e+00 p       000001          y
  000058     2.535723e+01   1.357228e+00 p                       y
  000059     2.685018e+01   1.492951e+00 p                       y
  000060     2.849243e+01   1.642246e+00 p                       y
  000061     3.029890e+01   1.806471e+00 p                       y
  000062     3.228601e+01   1.987118e+00 p                       y
  000063     3.447184e+01   2.185829e+00 p                       y
  000064     3.687626e+01   2.404412e+00 p                       y
  000065     3.952111e+01   2.644854e+00 p                       y
  000066     4.243045e+01   2.909339e+00 p                       y
  000067     4.563072e+01   3.200273e+00 p                       y
  000068     4.800000e+01   2.369279e+00 p       000002          y
  000069     5.060621e+01   2.606207e+00 p                       y
  000070     5.347303e+01   2.866827e+00 p                       y
  000071     5.662654e+01   3.153510e+00 p                       y
  000072     6.009541e+01   3.468861e+00 p                       y
  000073     6.391115e+01   3.815747e+00 p                       y
  000074     6.810848e+01   4.197322e+00 p                       y
  000075     7.200000e+01   3.891525e+00 p       000003          y
  000076     7.628068e+01   4.280677e+00 p                       y
  000077     8.098942e+01   4.708745e+00 p                       y
  000078     8.616904e+01   5.179620e+00 p                       y
  000079     9.186662e+01   5.697582e+00 p                       y
  000080     9.600000e+01   4.133377e+00 p       000004          y
  000081     1.005467e+02   4.546714e+00 p                       y
  000082     1.055481e+02   5.001386e+00 p                       y
  000083     1.110496e+02   5.501524e+00 p                       y
  000084     1.171013e+02   6.051677e+00 p                       y
  000085     1.200000e+02   2.898699e+00 p       000005          y
  000086     1.215943e+02   1.594285e+00 p                       y
  000087     1.224711e+02   8.768566e-01 p                       y
  000088     1.234357e+02   9.645422e-01 p                       y
  000089     1.244967e+02   1.060996e+00 p                       y
  000090     1.256638e+02   1.167096e+00 p                       y
  000091     1.263057e+02   6.419028e-01 p                       y
  000092     1.270118e+02   7.060931e-01 p                       y
  000093     1.277885e+02   7.767024e-01 p                       y
  000094     1.286428e+02   8.543727e-01 p                       y
  000095     1.291128e+02   4.699050e-01 p                       y
  000096     1.296296e+02   5.168955e-01 p                       y
  000097     1.301982e+02   5.685850e-01 p                       y
  000098     1.308237e+02   6.254435e-01 p                       y
  000099     1.311677e+02   3.439939e-01 p                       y
  000100     1.315461e+02   3.783933e-01 p                       y
  000101     1.319623e+02   4.162327e-01 p                       y
  000102     1.321912e+02   2.289280e-01 p                       y
  000103     1.324430e+02   2.518208e-01 p                       y
  000104     1.327200e+02   2.770028e-01 p                       y
  000105     1.330248e+02   3.047031e-01 p                       y
  000106     1.333599e+02   3.351734e-01 p                       y
  000107     1.337286e+02   3.686908e-01 p                       y
  000108     1.341342e+02   4.055599e-01 p                       y
  000109     1.345803e+02   4.461158e-01 p                       y
  000110     1.350710e+02   4.907274e-01 p                       y
  000111     1.356108e+02   5.398002e-01 p                       y
  000112     1.362046e+02   5.937802e-01 p                       y
  000113     1.368578e+02   6.531582e-01 p                       y
  000114     1.375762e+02   7.184740e-01 p                       y
  000115     1.383666e+02   7.903214e-01 p                       y
  000116     1.392359e+02   8.693536e-01 p                       y
  000117     1.401922e+02   9.562889e-01 p                       y
  000118     1.412441e+02   1.051918e+00 p                       y
  000119     1.424012e+02   1.157110e+00 p                       y
  000120     1.436740e+02   1.272821e+00 p                       y
  000121     1.440000e+02   3.259576e-01 p       000006          y
  000122     1.443586e+02   3.585534e-01 p                       y
  000123     1.447530e+02   3.944087e-01 p                       y
  000124     1.451868e+02   4.338496e-01 p                       y
  000125     1.456640e+02   4.772346e-01 p                       y
  000126     1.461890e+02   5.249580e-01 p                       y
  000127     1.467665e+02   5.774538e-01 p                       y
  000128     1.474017e+02   6.351992e-01 p                       y
  000129     1.481004e+02   6.987191e-01 p                       y
  000130     1.488690e+02   7.685910e-01 p                       y
  000131     1.497144e+02   8.454501e-01 p                       y
  000132     1.506444e+02   9.299952e-01 p                       y
  000133     1.516674e+02   1.022995e+00 p                       y
  000134     1.527927e+02   1.125294e+00 p                       y
  000135     1.540305e+02   1.237824e+00 p                       y
  000136     1.553921e+02   1.361606e+00 p                       y
  000137     1.568899e+02   1.497766e+00 p                       y
  000138     1.585374e+02   1.647543e+00 p                       y
  000139     1.603497e+02   1.812297e+00 p                       y
  000140     1.623433e+02   1.993527e+00 p                       y
  000141     1.645361e+02   2.192880e+00 p                       y
  000142     1.669483e+02   2.412168e+00 p                       y
  000143     1.680000e+02   1.051687e+00 p       000007          y
  000144     1.691569e+02   1.156855e+00 p                       y
  000145     1.704294e+02   1.272541e+00 p                       y
  000146     1.718292e+02   1.399795e+00 p                       y
  000147     1.733690e+02   1.539775e+00 p                       y
  000148     1.750627e+02   1.693752e+00 p                       y
  000149     1.769258e+02   1.863127e+00 p                       y
  000150     1.789753e+02   2.049440e+00 p                       y
  000151     1.812297e+02   2.254384e+00 p                       y
  000152     1.837095e+02   2.479822e+00 p                       y
  000153     1.864373e+02   2.727805e+00 p                       y
  000154     1.894379e+02   3.000585e+00 p                       y
  000155     1.920000e+02   2.562118e+00 p       000008          y
  000156     1.948183e+02   2.818329e+00 p                       y
  000157     1.979185e+02   3.100162e+00 p                       y
  000158     2.013287e+02   3.410178e+00 p                       y
  000159     2.050799e+02   3.751196e+00 p                       y
  000160     2.092062e+02   4.126316e+00 p                       y
  000161     2.137451e+02   4.538947e+00 p                       y
  000162     2.160000e+02   2.254870e+00 p       000009          y
  000163     2.184804e+02   2.480357e+00 p                       y
  000164     2.212088e+02   2.728393e+00 p                       y
  000165     2.242100e+02   3.001233e+00 p                       y
  000166     2.275113e+02   3.301356e+00 p                       y
  000167     2.311428e+02   3.631491e+00 p                       y
  000168     2.351375e+02   3.994640e+00 p                       y
  000169     2.395316e+02   4.394105e+00 p                       y
  000170     2.400000e+02   4.684248e-01 p       000010          y
  000171     2.405153e+02   5.152673e-01 p                       y
  000172     2.410821e+02   5.667940e-01 p                       y
  000173     2.417055e+02   6.234734e-01 p                       y
  000174     2.423914e+02   6.858208e-01 p                       y
  000175     2.431458e+02   7.544029e-01 p                       y
  000176     2.439756e+02   8.298431e-01 p                       y
  000177     2.448884e+02   9.128274e-01 p                       y
  000178     2.458925e+02   1.004110e+00 p                       y
  000179     2.469971e+02   1.104521e+00 p                       y
  000180     2.482120e+02   1.214973e+00 p                       y
  000181     2.495485e+02   1.336471e+00 p                       y
  000182     2.510186e+02   1.470118e+00 p                       y
  000183     2.526358e+02   1.617130e+00 p                       y
  000184     2.544146e+02   1.778842e+00 p                       y
  000185     2.563713e+02   1.956727e+00 p                       y
  000186     2.585237e+02   2.152399e+00 p                       y
  000187     2.608914e+02   2.367639e+00 p                       y
  000188     2.634958e+02   2.604403e+00 p                       y
  000189     2.640000e+02   5.042373e-01 p       000011          y
  000190     2.645547e+02   5.546610e-01 p                       y
  000191     2.651648e+02   6.101271e-01 p                       y
  000192     2.658359e+02   6.711398e-01 p                       y
  000193     2.665742e+02   7.382538e-01 p                       y
  000194     2.673863e+02   8.120792e-01 p                       y
  000195     2.682795e+02   8.932871e-01 p                       y
  000196     2.692622e+02   9.826158e-01 p                       y
  000197     2.703430e+02   1.080877e+00 p                       y
  000198     2.715320e+02   1.188965e+00 p                       y
  000199     2.728399e+02   1.307862e+00 p                       y
  000200     2.742785e+02   1.438648e+00 p                       y
  000201     2.758610e+02   1.582513e+00 p                       y
  000202     2.776018e+02   1.740764e+00 p                       y
  000203     2.795166e+02   1.914840e+00 p                       y
  000204     2.816230e+02   2.106324e+00 p                       y
  000205     2.839399e+02   2.316957e+00 p                       y
  000206     2.864886e+02   2.548652e+00 p                       y
  000207     2.880000e+02   1.511434e+00 p       000012          y
  000208     2.896626e+02   1.662578e+00 p                       y
  000209     2.914914e+02   1.828835e+00 p                       y
  000210     2.935031e+02   2.011719e+00 p                       y
  000211     2.957160e+02   2.212891e+00 p                       y
  000212     2.981502e+02   2.434180e+00 p                       y
  000213     3.008278e+02   2.677598e+00 p                       y
  000214     3.037732e+02   2.945358e+00 p                       y
  000215     3.070131e+02   3.239893e+00 p                       y
  000216     3.105769e+02   3.563883e+00 p                       y
  000217     3.120000e+02   1.423066e+00 p       000013          y
  000218     3.135654e+02   1.565372e+00 p                       y
  000219     3.152873e+02   1.721909e+00 p                       y
  000220     3.171814e+02   1.894100e+00 p                       y
  000221     3.192649e+02   2.083510e+00 p                       y
  000222     3.215568e+02   2.291861e+00 p                       y
  000223     3.240778e+02   2.521048e+00 p                       y
  000224     3.268510e+02   2.773152e+00 p                       y
  000225     3.299014e+02   3.050468e+00 p                       y
  000226     3.332569e+02   3.355514e+00 p                       y
  000227     3.360000e+02   2.743065e+00 p       000014          y
  000228     3.390174e+02   3.017371e+00 p                       y
  000229     3.423365e+02   3.319108e+00 p                       y
  000230     3.459875e+02   3.651019e+00 p                       y
  000231     3.500036e+02   4.016121e+00 p                       y
  000232     3.544214e+02   4.417733e+00 p                       y
  000233     3.592809e+02   4.859507e+00 p                       y
  000234     3.600000e+02   7.191400e-01 p       000015          y
  000235     3.607911e+02   7.910540e-01 p                       y
  000236     3.616612e+02   8.701594e-01 p                       y
  000237     3.626184e+02   9.571754e-01 p                       y
  000238     3.636713e+02   1.052893e+00 p                       y
  000239     3.648295e+02   1.158182e+00 p                       y
  000240     3.661035e+02   1.274000e+00 p                       y
  000241     3.675049e+02   1.401400e+00 p                       y
  000242     3.690464e+02   1.541540e+00 p                       y
  000243     3.707421e+02   1.695695e+00 p                       y
  000244     3.726074e+02   1.865264e+00 p                       y
  000245     3.746592e+02   2.051790e+00 p                       y
  000246     3.769161e+02   2.256969e+00 p                       y
  000247     3.793988e+02   2.482666e+00 p                       y
  000248     3.821297e+02   2.730933e+00 p                       y
  000249     3.840000e+02   1.870277e+00 p       000016          y
  000250     3.860573e+02   2.057305e+00 p                       y
  000251     3.883203e+02   2.263035e+00 p                       y
  000252     3.908097e+02   2.489339e+00 p                       y
  000253     3.935480e+02   2.738273e+00 p                       y
  000254     3.965601e+02   3.012100e+00 p                       y
  000255     3.998734e+02   3.313310e+00 p                       y
  000256     4.035180e+02   3.644641e+00 p                       y
  000257     4.075271e+02   4.009105e+00 p                       y
  000258     4.080000e+02   4.728916e-01 p       000017          y
  000259     4.085202e+02   5.201807e-01 p                       y
  000260     4.090924e+02   5.721988e-01 p                       y
  000261     4.097218e+02   6.294187e-01 p                       y
  000262     4.104142e+02   6.923606e-01 p                       y
  000263     4.111758e+02   7.615966e-01 p                       y
  000264     4.120135e+02   8.377563e-01 p                       y
  000265     4.129350e+02   9.215319e-01 p                       y
  000266     4.139487e+02   1.013685e+00 p                       y
  000267     4.150638e+02   1.115054e+00 p                       y
  000268     4.162903e+02   1.226559e+00 p                       y
  000269     4.176396e+02   1.349215e+00 p                       y
  000270     4.191237e+02   1.484136e+00 p                       y
  000271     4.207562e+02   1.632550e+00 p                       y
  000272     4.225520e+02   1.795805e+00 p                       y
  000273     4.245274e+02   1.975385e+00 p                       y
  000274     4.267004e+02   2.172924e+00 p                       y
  000275     4.290906e+02   2.390216e+00 p                       y
  000276     4.317198e+02   2.629238e+00 p                       y
  000277     4.320000e+02   2.801888e-01 p       000018          y
  000278     4.323082e+02   3.082077e-01 p                       y
  000279     4.326472e+02   3.390284e-01 p                       y
  000280     4.330202e+02   3.729313e-01 p                       y
  000281     4.334304e+02   4.102244e-01 p                       y
  000282     4.338816e+02   4.512468e-01 p                       y
  000283     4.343780e+02   4.963715e-01 p                       y
  000284     4.349240e+02   5.460087e-01 p                       y
  000285     4.355246e+02   6.006095e-01 p                       y
  000286     4.361853e+02   6.606705e-01 p                       y
  000287     4.369120e+02   7.267376e-01 p                       y
  000288     4.377114e+02   7.994113e-01 p                       y
  000289     4.385908e+02   8.793524e-01 p                       y
  000290     4.395581e+02   9.672877e-01 p                       y
  000291     4.406221e+02   1.064016e+00 p                       y
  000292     4.417925e+02   1.170418e+00 p                       y
  000293     4.430800e+02   1.287460e+00 p                       y
  000294     4.444962e+02   1.416206e+00 p                       y
  000295     4.460540e+02   1.557826e+00 p                       y
  000296     4.477676e+02   1.713609e+00 p                       y
  000297     4.496526e+02   1.884970e+00 p                       y
  000298     4.517261e+02   2.073467e+00 p                       y
  000299     4.540069e+02   2.280814e+00 p                       y
  000300     4.560000e+02   1.993125e+00 p       000019          y
  000301     4.581924e+02   2.192438e+00 p                       y
  000302     4.606041e+02   2.411682e+00 p                       y
  000303     4.632570e+02   2.652850e+00 p                       y
  000304     4.661751e+02   2.918135e+00 p                       y
  000305     4.693851e+02   3.209948e+00 p                       y
  000306     4.729160e+02   3.530943e+00 p                       y
  000307     4.768000e+02   3.884037e+00 p                       y
  000308     4.800000e+02   3.199967e+00 p       000020          y
  000309     4.835200e+02   3.519963e+00 p                       y
  000310     4.873919e+02   3.871960e+00 p                       y
  000311     4.916511e+02   4.259156e+00 p                       y
  000312     4.963361e+02   4.685071e+00 p                       y
  000313     5.014897e+02   5.153578e+00 p                       y
  000314     5.040000e+02   2.510272e+00 p       000021          y
  000315     5.067613e+02   2.761299e+00 p                       y
  000316     5.097987e+02   3.037429e+00 p                       y
  000317     5.131399e+02   3.341172e+00 p                       y
  000318     5.168152e+02   3.675289e+00 p                       y
  000319     5.208580e+02   4.042818e+00 p                       y
  000320     5.253051e+02   4.447099e+00 p                       y
  000321     5.280000e+02   2.694895e+00 p       000022          y
  000322     5.309644e+02   2.964384e+00 p                       y
  000323     5.342252e+02   3.260823e+00 p                       y
  000324     5.378121e+02   3.586905e+00 p                       y
  000325     5.417577e+02   3.945596e+00 p                       y
  000326     5.460979e+02   4.340155e+00 p                       y
  000327     5.508720e+02   4.774171e+00 p                       y
  000328     5.520000e+02   1.127967e+00 p       000023          y
  000329     5.532408e+02   1.240763e+00 p                       y
  000330     5.546056e+02   1.364840e+00 p                       y
  000331     5.561069e+02   1.501324e+00 p                       y
  000332     5.577584e+02   1.651456e+00 p                       y
  000333     5.595750e+02   1.816602e+00 p                       y
  000334     5.615732e+02   1.998262e+00 p                       y
  000335     5.637713e+02   2.198088e+00 p                       y
  000336     5.661892e+02   2.417897e+00 p                       y
  000337     5.688489e+02   2.659686e+00 p                       y
  000338     5.717746e+02   2.925655e+00 p                       y
  000339     5.749928e+02   3.218220e+00 p                       y
  000340     5.760000e+02   1.007208e+00 p       000024          y
  000341     5.771079e+02   1.107929e+00 p                       y
  000342     5.783267e+02   1.218722e+00 p                       y
  000343     5.796672e+02   1.340594e+00 p                       y
  000344     5.811419e+02   1.474653e+00 p                       y
  000345     5.827640e+02   1.622119e+00 p                       y
  000346     5.845483e+02   1.784331e+00 p                       y
  000347     5.865111e+02   1.962764e+00 p                       y
  000348     5.886702e+02   2.159040e+00 p                       y
  000349     5.910451e+02   2.374944e+00 p                       y
  000350     5.936575e+02   2.612438e+00 p                       y
  000351     5.965312e+02   2.873682e+00 p                       y
  000352     5.996923e+02   3.161050e+00 p                       y
  000353     6.000000e+02   3.077343e-01 p       000025          y
  000354     6.003385e+02   3.385078e-01 p                       y
  000355     6.007109e+02   3.723586e-01 p                       y
  000356     6.011205e+02   4.095944e-01 p                       y
  000357     6.015710e+02   4.505539e-01 p                       y
  000358     6.020666e+02   4.956092e-01 p                       y
  000359     6.026118e+02   5.451702e-01 p                       y
  000360     6.032115e+02   5.996872e-01 p                       y
  000361     6.038711e+02   6.596559e-01 p                       y
  000362     6.045968e+02   7.256215e-01 p                       y
  000363     6.053949e+02   7.981836e-01 p                       y
  000364     6.062729e+02   8.780020e-01 p                       y
  000365     6.072387e+02   9.658022e-01 p                       y
  000366     6.083011e+02   1.062382e+00 p                       y
  000367     6.094697e+02   1.168621e+00 p                       y
  000368     6.107552e+02   1.285483e+00 p                       y
  000369     6.121693e+02   1.414031e+00 p                       y
  000370     6.137247e+02   1.555434e+00 p                       y
  000371     6.154357e+02   1.710978e+00 p                       y
  000372     6.173178e+02   1.882075e+00 p                       y
  000373     6.193880e+02   2.070283e+00 p                       y
  000374     6.216653e+02   2.277311e+00 p                       y
  000375     6.240000e+02   2.334656e+00 p       000026          y
  000376     6.265681e+02   2.568122e+00 p                       y
  000377     6.293931e+02   2.824934e+00 p                       y
  000378     6.325005e+02   3.107427e+00 p                       y
  000379     6.359187e+02   3.418170e+00 p                       y
  000380     6.396786e+02   3.759987e+00 p                       y
  000381     6.438146e+02   4.135986e+00 p                       y
  000382     6.480000e+02   4.185374e+00 p       000027          y
  000383     6.526039e+02   4.603912e+00 p                       y
  000384     6.576682e+02   5.064303e+00 p                       y
  000385     6.632389e+02   5.570733e+00 p                       y
  000386     6.693668e+02   6.127807e+00 p                       y
  000387     6.720000e+02   2.633246e+00 p       000028          y
  000388     6.748966e+02   2.896570e+00 p                       y
  000389     6.780828e+02   3.186227e+00 p                       y
  000390     6.815876e+02   3.504850e+00 p                       y
  000391     6.854430e+02   3.855335e+00 p                       y
  000392     6.896839e+02   4.240868e+00 p                       y
  000393     6.943488e+02   4.664955e+00 p                       y
  000394     6.960000e+02   1.651194e+00 p       000029          y
  000395     6.978163e+02   1.816313e+00 p                       y
  000396     6.998143e+02   1.997945e+00 p                       y
  000397     7.020120e+02   2.197739e+00 p                       y
  000398     7.044295e+02   2.417513e+00 p                       y
  000399     7.070888e+02   2.659265e+00 p                       y
  000400     7.100140e+02   2.925191e+00 p                       y
  000401     7.132317e+02   3.217710e+00 p                       y
  000402     7.167712e+02   3.539481e+00 p                       y
  000403     7.200000e+02   3.228843e+00 p       000030          y
  000404     7.235517e+02   3.551727e+00 p                       y
  000405     7.274586e+02   3.906900e+00 p                       y
  000406     7.317562e+02   4.297590e+00 p                       y
  000407     7.364836e+02   4.727349e+00 p                       y
  000408     7.416836e+02   5.200083e+00 p                       y
  000409     7.440000e+02   2.316352e+00 f       000031          y

Overland flow Results
  000000     0.000000e+00   0.000000e+00
  000001     1.100000e-02   1.100000e-02
  000002     2.310000e-02   1.210000e-02
  000003     3.641000e-02   1.331000e-02
  000004     5.105100e-02   1.464100e-02
  000005     6.715610e-02   1.610510e-02
  000006     8.487171e-02   1.771561e-02
  000007     1.043589e-01   1.948717e-02
  000008     1.257948e-01   2.143589e-02
  000009     1.493742e-01   2.357948e-02
  000010     1.753117e-01   2.593742e-02
  000011     2.038428e-01   2.853117e-02
  000012     2.352271e-01   3.138428e-02
  000013     2.697498e-01   3.452271e-02
  000014     3.077248e-01   3.797498e-02
  000015     3.494973e-01   4.177248e-02
  000016     3.954470e-01   4.594973e-02
  000017     4.459917e-01   5.054470e-02
  000018     5.015909e-01   5.559917e-02
  000019     5.627500e-01   6.115909e-02
  000020     6.300250e-01   6.727500e-02
  000021     7.040275e-01   7.400250e-02
  000022     7.854302e-01   8.140275e-02
  000023     8.749733e-01   8.954302e-02
  000024     9.734706e-01   9.849733e-02
  000025     1.081818e+00   1.083471e-01
  000026     1.200999e+00   1.191818e-01
  000027     1.332099e+00   1.310999e-01
  000028     1.476309e+00   1.442099e-01
  000029     1.634940e+00   1.586309e-01
  000030     1.809434e+00   1.744940e-01
  000031     2.001378e+00   1.919434e-01
  000032     2.212515e+00   2.111378e-01
  000033     2.444767e+00   2.322515e-01
  000034     2.700244e+00   2.554767e-01
  000035     2.981268e+00   2.810244e-01
  000036     3.290395e+00   3.091268e-01
  000037     3.630434e+00   3.400395e-01
  000038     4.004478e+00   3.740434e-01
  000039     4.415926e+00   4.114478e-01
  000040     4.868518e+00   4.525926e-01
  000041     5.366370e+00   4.978518e-01
  000042     5.914007e+00   5.476370e-01
  000043     6.516408e+00   6.024007e-01
  000044     7.179048e+00   6.626408e-01
  000045     7.907953e+00   7.289048e-01
  000046     8.709749e+00   8.017953e-01
  000047     9.591723e+00   8.819749e-01
  000048     1.056190e+01   9.701723e-01
  000049     1.162909e+01   1.067190e+00
  000050     1.280299e+01   1.173909e+00
  000051     1.409429e+01   1.291299e+00
  000052     1.551472e+01   1.420429e+00
  000053     1.707719e+01   1.562472e+00
  000054     1.879591e+01   1.718719e+00
  000055     2.068651e+01   1.890591e+00
  000056     2.276616e+01   2.079651e+00
  000057     2.400000e+01   1.233844e+00
  000058     2.535723e+01   1.357228e+00
  000059     2.685018e+01   1.492951e+00
  000060     2.849243e+01   1.642246e+00
  000061     3.029890e+01   1.806471e+00
  000062     3.228601e+01   1.987118e+00
  000063     3.447184e+01   2.185829e+00
  000064     3.687626e+01   2.404412e+00
  000065     3.952111e+01   2.644854e+00
  000066     4.243045e+01   2.909339e+00
  000067     4.563072e+01   3.200273e+00
  000068     4.800000e+01   2.369279e+00
  000069     5.060621e+01   2.606207e+00
  000070     5.347303e+01   2.866827e+00
  000071     5.662654e+01   3.153510e+00
  000072     6.009541e+01   3.468861e+00
  000073     6.391115e+01   3.815747e+00
  000074     6.810848e+01   4.197322e+00
  000075     7.200000e+01   3.891525e+00
  000076     7.628068e+01   4.280677e+00
  000077     8.098942e+01   4.708745e+00
  000078     8.616904e+01   5.179620e+00
  000079     9.186662e+01   5.697582e+00
  000080     9.600000e+01   4.133377e+00
  000081     1.005467e+02   4.546714e+00
  000082     1.055481e+02   5.001386e+00
  000083     1.110496e+02   5.501524e+00
  000084     1.171013e+02   6.051677e+00
  000085     1.200000e+02   2.898699e+00
  000086     1.215943e+02   1.594285e+00
  000087     1.224711e+02   8.768566e-01
  000088     1.234357e+02   9.645422e-01
  000089     1.244967e+02   1.060996e+00
  000090     1.256638e+02   1.167096e+00
  000091     1.263057e+02   6.419028e-01
  000092     1.270118e+02   7.060931e-01
  000093     1.277885e+02   7.767024e-01
  000094     1.286428e+02   8.543727e-01
  000095     1.291128e+02   4.699050e-01
  000096     1.296296e+02   5.168955e-01
  000097     1.301982e+02   5.685850e-01
  000098     1.308237e+02   6.254435e-01
  000099     1.311677e+02   3.439939e-01
  000100     1.315461e+02   3.783933e-01
  000101     1.319623e+02   4.162327e-01
  000102     1.321912e+02   2.289280e-01
  000103     1.324430e+02   2.518208e-01
  000104     1.327200e+02   2.770028e-01
  000105     1.330248e+02   3.047031e-01
  000106     1.333599e+02   3.351734e-01
  000107     1.337286e+02   3.686908e-01
  000108     1.341342e+02   4.055599e-01
  000109     1.345803e+02   4.461158e-01
  000110     1.350710e+02   4.907274e-01
  000111     1.356108e+02   5.398002e-01
  000112     1.362046e+02   5.937802e-01
  000113     1.368578e+02   6.531582e-01
  000114     1.375762e+02   7.184740e-01
  000115     1.383666e+02   7.903214e-01
  000116     1.392359e+02   8.693536e-01
  000117     1.401922e+02   9.562889e-01
  000118     1.412441e+02   1.051918e+00
  000119     1.424012e+02   1.157110e+00
  000120     1.436740e+02   1.272821e+00
  000121     1.440000e+02   3.259576e-01
  000122     1.443586e+02   3.585534e-01
  000123     1.447530e+02   3.944087e-01
  000124     1.451868e+02   4.338496e-01
  000125     1.456640e+02   4.772346e-01
  000126     1.461890e+02   5.249580e-01
  000127     1.467665e+02   5.774538e-01
  000128     1.474017e+02   6.351992e-01
  000129     1.481004e+02   6.987191e-01
  000130     1.488690e+02   7.685910e-01
  000131     1.497144e+02   8.454501e-01
  000132     1.506444e+02   9.299952e-01
  000133     1.516674e+02   1.022995e+00
  000134     1.527927e+02   1.125294e+00
  000135     1.540305e+02   1.237824e+00
  000136     1.553921e+02   1.361606e+00
  000137     1.568899e+02   1.497766e+00
  000138     1.585374e+02   1.647543e+00
  000139     1.603497e+02   1.812297e+00
  000140     1.623433e+02   1.993527e+00
  000141     1.645361e+02   2.192880e+00
  000142     1.669483e+02   2.412168e+00
  000143     1.680000e+02   1.051687e+00
  000144     1.691569e+02   1.156855e+00
  000145     1.704294e+02   1.272541e+00
  000146     1.718292e+02   1.399795e+00
  000147     1.733690e+02   1.539775e+00
  000148     1.750627e+02   1.693752e+00
  000149     1.769258e+02   1.863127e+00
  000150     1.789753e+02   2.049440e+00
  000151     1.812297e+02   2.254384e+00
  000152     1.837095e+02   2.479822e+00
  000153     1.864373e+02   2.727805e+00
  000154     1.894379e+02   3.000585e+00
  000155     1.920000e+02   2.562118e+00
  000156     1.948183e+02   2.818329e+00
  000157     1.979185e+02   3.100162e+00
  000158     2.013287e+02   3.410178e+00
  000159     2.050799e+02   3.751196e+00
  000160     2.092062e+02   4.126316e+00
  000161     2.137451e+02   4.538947e+00
  000162     2.160000e+02   2.254870e+00
  000163     2.184804e+02   2.480357e+00
  000164     2.212088e+02   2.728393e+00
  000165     2.242100e+02   3.001233e+00
  000166     2.275113e+02   3.301356e+00
  000167     2.311428e+02   3.631491e+00
  000168     2.351375e+02   3.994640e+00
  000169     2.395316e+02   4.394105e+00
  000170     2.400000e+02   4.684248e-01
  000171     2.405153e+02   5.152673e-01
  000172     2.410821e+02   5.667940e-01
  000173     2.417055e+02   6.234734e-01
  000174     2.423914e+02   6.858208e-01
  000175     2.431458e+02   7.544029e-01
  000176     2.439756e+02   8.298431e-01
  000177     2.448884e+02   9.128274e-01
  000178     2.458925e+02   1.004110e+00
  000179     2.469971e+02   1.104521e+00
  000180     2.482120e+02   1.214973e+00
  000181     2.495485e+02   1.336471e+00
  000182     2.510186e+02   1.470118e+00
  000183     2.526358e+02   1.617130e+00
  000184     2.544146e+02   1.778842e+00
  000185     2.563713e+02   1.956727e+00
  000186     2.585237e+02   2.152399e+00
  000187     2.608914e+02   2.367639e+00
  000188     2.634958e+02   2.604403e+00
  000189     2.640000e+02   5.042373e-01
  000190     2.645547e+02   5.546610e-01
  000191     2.651648e+02   6.101271e-01
  000192     2.658359e+02   6.711398e-01
  000193     2.665742e+02   7.382538e-01
  000194     2.673863e+02   8.120792e-01
  000195     2.682795e+02   8.932871e-01
  000196     2.692622e+02   9.826158e-01
  000197     2.703430e+02   1.080877e+00
  000198     2.715320e+02   1.188965e+00
  000199     2.728399e+02   1.307862e+00
  000200     2.742785e+02   1.438648e+00
  000201     2.758610e+02   1.582513e+00
  000202     2.776018e+02   1.740764e+00
  000203     2.795166e+02   1.914840e+00
  000204     2.816230e+02   2.106324e+00
  000205     2.839399e+02   2.316957e+00
  000206     2.864886e+02   2.548652e+00
  000207     2.880000e+02   1.511434e+00
  000208     2.896626e+02   1.662578e+00
  000209     2.914914e+02   1.828835e+00
  000210     2.935031e+02   2.011719e+00
  000211     2.957160e+02   2.212891e+00
  000212     2.981502e+02   2.434180e+00
  000213     3.008278e+02   2.677598e+00
  000214     3.037732e+02   2.945358e+00
  000215     3.070131e+02   3.239893e+00
  000216     3.105769e+02   3.563883e+00
  000217     3.120000e+02   1.423066e+00
  000218     3.135654e+02   1.565372e+00
  000219     3.152873e+02   1.721909e+00
  000220     3.171814e+02   1.894100e+00
  000221     3.192649e+02   2.083510e+00
  000222     3.215568e+02   2.291861e+00
  000223     3.240778e+02   2.521048e+00
  000224     3.268510e+02   2.773152e+00
  000225     3.299014e+02   3.050468e+00
  000226     3.332569e+02   3.355514e+00
  000227     3.360000e+02   2.743065e+00
  000228     3.390174e+02   3.017371e+00
  000229     3.423365e+02   3.319108e+00
  000230     3.459875e+02   3.651019e+00
  000231     3.500036e+02   4.016121e+00
  000232     3.544214e+02   4.417733e+00
  000233     3.592809e+02   4.859507e+00
  000234     3.600000e+02   7.191400e-01
  000235     3.607911e+02   7.910540e-01
  000236     3.616612e+02   8.701594e-01
  000237     3.626184e+02   9.571754e-01
  000238     3.636713e+02   1.052893e+00
  000239     3.648295e+02   1.158182e+00
  000240     3.661035e+02   1.274000e+00
  000241     3.675049e+02   1.401400e+00
  000242     3.690464e+02   1.541540e+00
  000243     3.707421e+02   1.695695e+00
  000244     3.726074e+02   1.865264e+00
  000245     3.746592e+02   2.051790e+00
  000246     3.769161e+02   2.256969e+00
  000247     3.793988e+02   2.482666e+00
  000248     3.821297e+02   2.730933e+00
  000249     3.840000e+02   1.870277e+00
  000250     3.860573e+02   2.057305e+00
  000251     3.883203e+02   2.263035e+00
  000252     3.908097e+02   2.489339e+00
  000253     3.935480e+02   2.738273e+00
  000254     3.965601e+02   3.012100e+00
  000255     3.998734e+02   3.313310e+00
  000256     4.035180e+02   3.644641e+00
  000257     4.075271e+02   4.009105e+00
  000258     4.080000e+02   4.728916e-01
  000259     4.085202e+02   5.201807e-01
  000260     4.090924e+02   5.721988e-01
  000261     4.097218e+02   6.294187e-01
  000262     4.104142e+02   6.923606e-01
  000263     4.111758e+02   7.615966e-01
  000264     4.120135e+02   8.377563e-01
  000265     4.129350e+02   9.215319e-01
  000266     4.139487e+02   1.013685e+00
  000267     4.150638e+02   1.115054e+00
  000268     4.162903e+02   1.226559e+00
  000269     4.176396e+02   1.349215e+00
  000270     4.191237e+02   1.484136e+00
  000271     4.207562e+02   1.632550e+00
  000272     4.225520e+02   1.795805e+00
  000273     4.245274e+02   1.975385e+00
  000274     4.267004e+02   2.172924e+00
  000275     4.290906e+02   2.390216e+00
  000276     4.317198e+02   2.629238e+00
  000277     4.320000e+02   2.801888e-01
  000278     4.323082e+02   3.082077e-01
  000279     4.326472e+02   3.390284e-01
  000280     4.330202e+02   3.729313e-01
  000281     4.334304e+02   4.102244e-01
  000282     4.338816e+02   4.512468e-01
  000283     4.343780e+02   4.963715e-01
  000284     4.349240e+02   5.460087e-01
  000285     4.355246e+02   6.006095e-01
  000286     4.361853e+02   6.606705e-01
  000287     4.369120e+02   7.267376e-01
  000288     4.377114e+02   7.994113e-01
  000289     4.385908e+02   8.793524e-01
  000290     4.395581e+02   9.672877e-01
  000291     4.406221e+02   1.064016e+00
  000292     4.417925e+02   1.170418e+00
  000293     4.430800e+02   1.287460e+00
  000294     4.444962e+02   1.416206e+00
  000295     4.460540e+02   1.557826e+00
  000296     4.477676e+02   1.713609e+00
  000297     4.496526e+02   1.884970e+00
  000298     4.517261e+02   2.073467e+00
  000299     4.540069e+02   2.280814e+00
  000300     4.560000e+02   1.993125e+00
  000301     4.581924e+02   2.192438e+00
  000302     4.606041e+02   2.411682e+00
  000303     4.632570e+02   2.652850e+00
  000304     4.661751e+02   2.918135e+00
  000305     4.693851e+02   3.209948e+00
  000306     4.729160e+02   3.530943e+00
  000307     4.768000e+02   3.884037e+00
  000308     4.800000e+02   3.199967e+00
  000309     4.835200e+02   3.519963e+00
  000310     4.873919e+02   3.871960e+00
  000311     4.916511e+02   4.259156e+00
  000312     4.963361e+02   4.685071e+00
  000313     5.014897e+02   5.153578e+00
  000314     5.040000e+02   2.510272e+00
  000315     5.067613e+02   2.761299e+00
  000316     5.097987e+02   3.037429e+00
  000317     5.131399e+02   3.341172e+00
  000318     5.168152e+02   3.675289e+00
  000319     5.208580e+02   4.042818e+00
  000320     5.253051e+02   4.447099e+00
  000321     5.280000e+02   2.694895e+00
  000322     5.309644e+02   2.964384e+00
  000323     5.342252e+02   3.260823e+00
  000324     5.378121e+02   3.586905e+00
  000325     5.417577e+02   3.945596e+00
  000326     5.460979e+02   4.340155e+00
  000327     5.508720e+02   4.774171e+00
  000328     5.520000e+02   1.127967e+00
  000329     5.532408e+02   1.240763e+00
  000330     5.546056e+02   1.364840e+00
  000331     5.561069e+02   1.501324e+00
  000332     5.577584e+02   1.651456e+00
  000333     5.595750e+02   1.816602e+00
  000334     5.615732e+02   1.998262e+00
  000335     5.637713e+02   2.198088e+00
  000336     5.661892e+02   2.417897e+00
  000337     5.688489e+02   2.659686e+00
  000338     5.717746e+02   2.925655e+00
  000339     5.749928e+02   3.218220e+00
  000340     5.760000e+02   1.007208e+00
  000341     5.771079e+02   1.107929e+00
  000342     5.783267e+02   1.218722e+00
  000343     5.796672e+02   1.340594e+00
  000344     5.811419e+02   1.474653e+00
  000345     5.827640e+02   1.622119e+00
  000346     5.845483e+02   1.784331e+00
  000347     5.865111e+02   1.962764e+00
  000348     5.886702e+02   2.159040e+00
  000349     5.910451e+02   2.374944e+00
  000350     5.936575e+02   2.612438e+00
  000351     5.965312e+02   2.873682e+00
  000352     5.996923e+02   3.161050e+00
  000353     6.000000e+02   3.077343e-01
  000354     6.003385e+02   3.385078e-01
  000355     6.007109e+02   3.723586e-01
  000356     6.011205e+02   4.095944e-01
  000357     6.015710e+02   4.505539e-01
  000358     6.020666e+02   4.956092e-01
  000359     6.026118e+02   5.451702e-01
  000360     6.032115e+02   5.996872e-01
  000361     6.038711e+02   6.596559e-01
  000362     6.045968e+02   7.256215e-01
  000363     6.053949e+02   7.981836e-01
  000364     6.062729e+02   8.780020e-01
  000365     6.072387e+02   9.658022e-01
  000366     6.083011e+02   1.062382e+00
  000367     6.094697e+02   1.168621e+00
  000368     6.107552e+02   1.285483e+00
  000369     6.121693e+02   1.414031e+00
  000370     6.137247e+02   1.555434e+00
  000371     6.154357e+02   1.710978e+00
  000372     6.173178e+02   1.882075e+00
  000373     6.193880e+02   2.070283e+00
  000374     6.216653e+02   2.277311e+00
  000375     6.240000e+02   2.334656e+00
  000376     6.265681e+02   2.568122e+00
  000377     6.293931e+02   2.824934e+00
  000378     6.325005e+02   3.107427e+00
  000379     6.359187e+02   3.418170e+00
  000380     6.396786e+02   3.759987e+00
  000381     6.438146e+02   4.135986e+00
  000382     6.480000e+02   4.185374e+00
  000383     6.526039e+02   4.603912e+00
  000384     6.576682e+02   5.064303e+00
  000385     6.632389e+02   5.570733e+00
  000386     6.693668e+02   6.127807e+00
  000387     6.720000e+02   2.633246e+00
  000388     6.748966e+02   2.896570e+00
  000389     6.780828e+02   3.186227e+00
  000390     6.815876e+02   3.504850e+00
  000391     6.854430e+02   3.855335e+00
  000392     6.896839e+02   4.240868e+00
  000393     6.943488e+02   4.664955e+00
  000394     6.960000e+02   1.651194e+00
  000395     6.978163e+02   1.816313e+00
  000396     6.998143e+02   1.997945e+00
  000397     7.020120e+02   2.197739e+00
  000398     7.044295e+02   2.417513e+00
  000399     7.070888e+02   2.659265e+00
  000400     7.100140e+02   2.925191e+00
  000401     7.132317e+02   3.217710e+00
  000402     7.167712e+02   3.539481e+00
  000403     7.200000e+02   3.228843e+00
  000404     7.235517e+02   3.551727e+00
  000405     7.274586e+02   3.906900e+00
  000406     7.317562e+02   4.297590e+00
  000407     7.364836e+02   4.727349e+00
  000408     7.416836e+02   5.200083e+00
  000409     7.440000e+02   2.316352e+00

END Log Info
==============================================
==============================================
BEGIN Log Info (Globals)

Run Name: /home/patras/Valmalenco/Codes/RunProcess/Tmp/EI_box
Logging Level = 1
Num processes = 4
Process grid = (2,2,1)

END Log Info
==============================================
==============================================
BEGIN Log Info (ParFlow Total Time)

Total Run Time: 54.087700 seconds

Maximum memory used on processor 0 : 42 MB
Maximum memory used on processor 1 : 17 MB
Maximum memory used on processor 2 : 17 MB
Maximum memory used on processor 3 : 17 MB


BEGIN(Contents of /proc/25027/status)
Name:	parflow
Umask:	0022
State:	R (running)
Tgid:	25027
Ngid:	0
Pid:	25027
PPid:	25024
TracerPid:	0
Uid:	1000	1000	1000	1000
Gid:	1000	1000	1000	1000
FDSize:	64
Groups:	4 20 24 25 27 29 30 44 46 116 1000 
NStgid:	25027
NSpid:	25027
NSpgid:	25027
NSsid:	2330
VmPeak:	  227948 kB
VmSize:	  212316 kB
VmLck:	       0 kB
VmPin:	       0 kB
VmHWM:	   35108 kB
VmRSS:	   35104 kB
RssAnon:	   21104 kB
RssFile:	   13540 kB
RssShmem:	     460 kB
VmData:	   38740 kB
VmStk:	     160 kB
VmExe:	    1680 kB
VmLib:	   29992 kB
VmPTE:	     216 kB
VmSwap:	       0 kB
HugetlbPages:	       0 kB
CoreDumping:	0
THP_enabled:	1
Threads:	2
SigQ:	1/30485
SigPnd:	0000000000000000
ShdPnd:	0000000000000000
SigBlk:	0000000000000000
SigIgn:	0000000080000000
SigCgt:	00000001000004e0
CapInh:	0000000000000000
CapPrm:	0000000000000000
CapEff:	0000000000000000
CapBnd:	000001ffffffffff
CapAmb:	0000000000000000
NoNewPrivs:	0
Seccomp:	0
Seccomp_filters:	0
Speculation_Store_Bypass:	thread vulnerable
SpeculationIndirectBranch:	conditional enabled
Cpus_allowed:	01
Cpus_allowed_list:	0
Mems_allowed:	1
Mems_allowed_list:	0
voluntary_ctxt_switches:	245
nonvoluntary_ctxt_switches:	93


END(Contents of /proc/25027/status)

Memory in use : 3 MB in 380 allocs, 28 MB reserved ( 24 unused)


END Log Info
==============================================
