*****************************************************************************
ParFlow Output Log
	Version         : v3.13.0-20-g7c8e7f0
	Compiled on     : Sep 29 2024 23:13:30
*****************************************************************************
==============================================
BEGIN Log Info (SolverRichards)

Transient Problem Solved.
-------------------------

Total Timesteps: 739

-------------------------
Sequence #       Time         \Delta t         Dumpfile #   Recompute?
----------   ------------   ------------ -     ----------   ----------
  000000     0.000000e+00   0.000000e+00 i       000000          n
  000001     1.100000e-02   1.100000e-02 p                       y
  000002     2.310000e-02   1.210000e-02 p                       y
  000003     3.641000e-02   1.331000e-02 p                       y
  000004     5.105100e-02   1.464100e-02 p                       y
  000005     6.715610e-02   1.610510e-02 p                       y
  000006     8.487171e-02   1.771561e-02 p                       y
  000007     1.043589e-01   1.948717e-02 p                       y
  000008     1.257948e-01   2.143589e-02 p                       y
  000009     1.493742e-01   2.357948e-02 p                       y
  000010     1.753117e-01   2.593742e-02 p                       y
  000011     2.038428e-01   2.853117e-02 p                       y
  000012     2.352271e-01   3.138428e-02 p                       y
  000013     2.697498e-01   3.452271e-02 p                       y
  000014     3.077248e-01   3.797498e-02 p                       y
  000015     3.494973e-01   4.177248e-02 p                       y
  000016     3.954470e-01   4.594973e-02 p                       y
  000017     4.459917e-01   5.054470e-02 p                       y
  000018     5.015909e-01   5.559917e-02 p                       y
  000019     5.627500e-01   6.115909e-02 p                       y
  000020     6.300250e-01   6.727500e-02 p                       y
  000021     7.040275e-01   7.400250e-02 p                       y
  000022     7.854302e-01   8.140275e-02 p                       y
  000023     8.749733e-01   8.954302e-02 p                       y
  000024     9.734706e-01   9.849733e-02 p                       y
  000025     1.081818e+00   1.083471e-01 p                       y
  000026     1.200999e+00   1.191818e-01 p                       y
  000027     1.332099e+00   1.310999e-01 p                       y
  000028     1.476309e+00   1.442099e-01 p                       y
  000029     1.634940e+00   1.586309e-01 p                       y
  000030     1.809434e+00   1.744940e-01 p                       y
  000031     2.001378e+00   1.919434e-01 p                       y
  000032     2.212515e+00   2.111378e-01 p                       y
  000033     2.444767e+00   2.322515e-01 p                       y
  000034     2.700244e+00   2.554767e-01 p                       y
  000035     2.981268e+00   2.810244e-01 p                       y
  000036     3.290395e+00   3.091268e-01 p                       y
  000037     3.630434e+00   3.400395e-01 p                       y
  000038     4.004478e+00   3.740434e-01 p                       y
  000039     4.415926e+00   4.114478e-01 p                       y
  000040     4.868518e+00   4.525926e-01 p                       y
  000041     5.366370e+00   4.978518e-01 p                       y
  000042     5.914007e+00   5.476370e-01 p                       y
  000043     6.516408e+00   6.024007e-01 p                       y
  000044     7.179048e+00   6.626408e-01 p                       y
  000045     7.907953e+00   7.289048e-01 p                       y
  000046     8.709749e+00   8.017953e-01 p                       y
  000047     9.591723e+00   8.819749e-01 p                       y
  000048     1.056190e+01   9.701723e-01 p                       y
  000049     1.162909e+01   1.067190e+00 p                       y
  000050     1.280299e+01   1.173909e+00 p                       y
  000051     1.409429e+01   1.291299e+00 p                       y
  000052     1.551472e+01   1.420429e+00 p                       y
  000053     1.707719e+01   1.562472e+00 p                       y
  000054     1.879591e+01   1.718719e+00 p                       y
  000055     2.068651e+01   1.890591e+00 p                       y
  000056     2.276616e+01   2.079651e+00 p                       y
  000057     2.400000e+01   1.233844e+00 p       000001          y
  000058     2.535723e+01   1.357228e+00 p                       y
  000059     2.685018e+01   1.492951e+00 p                       y
  000060     2.849243e+01   1.642246e+00 p                       y
  000061     3.029890e+01   1.806471e+00 p                       y
  000062     3.228601e+01   1.987118e+00 p                       y
  000063     3.447184e+01   2.185829e+00 p                       y
  000064     3.687626e+01   2.404412e+00 p                       y
  000065     3.819868e+01   1.322427e+00 p                       y
  000066     3.965335e+01   1.454670e+00 p                       y
  000067     4.045342e+01   8.000682e-01 p                       y
  000068     4.133350e+01   8.800751e-01 p                       y
  000069     4.230158e+01   9.680826e-01 p                       y
  000070     4.283402e+01   5.324454e-01 p                       y
  000071     4.341971e+01   5.856900e-01 p                       y
  000072     4.406397e+01   6.442589e-01 p                       y
  000073     4.424114e+01   1.771712e-01 p                       y
  000074     4.443603e+01   1.948883e-01 p                       y
  000075     4.465041e+01   2.143772e-01 p                       y
  000076     4.488622e+01   2.358149e-01 p                       y
  000077     4.514562e+01   2.593964e-01 p                       y
  000078     4.543096e+01   2.853360e-01 p                       y
  000079     4.574483e+01   3.138696e-01 p                       y
  000080     4.609008e+01   3.452566e-01 p                       y
  000081     4.646986e+01   3.797822e-01 p                       y
  000082     4.688762e+01   4.177604e-01 p                       y
  000083     4.734716e+01   4.595365e-01 p                       y
  000084     4.785265e+01   5.054901e-01 p                       y
  000085     4.800000e+01   1.473486e-01 p       000002          y
  000086     4.816208e+01   1.620834e-01 p                       y
  000087     4.834038e+01   1.782918e-01 p                       y
  000088     4.853650e+01   1.961210e-01 p                       y
  000089     4.875223e+01   2.157331e-01 p                       y
  000090     4.898954e+01   2.373064e-01 p                       y
  000091     4.925057e+01   2.610370e-01 p                       y
  000092     4.953771e+01   2.871407e-01 p                       y
  000093     4.985357e+01   3.158548e-01 p                       y
  000094     5.020101e+01   3.474402e-01 p                       y
  000095     5.058319e+01   3.821843e-01 p                       y
  000096     5.100360e+01   4.204027e-01 p                       y
  000097     5.146604e+01   4.624430e-01 p                       y
  000098     5.197473e+01   5.086873e-01 p                       y
  000099     5.253428e+01   5.595560e-01 p                       y
  000100     5.314979e+01   6.155116e-01 p                       y
  000101     5.382686e+01   6.770627e-01 p                       y
  000102     5.457162e+01   7.447690e-01 p                       y
  000103     5.539087e+01   8.192459e-01 p                       y
  000104     5.629204e+01   9.011705e-01 p                       y
  000105     5.728333e+01   9.912876e-01 p                       y
  000106     5.837375e+01   1.090416e+00 p                       y
  000107     5.957320e+01   1.199458e+00 p                       y
  000108     6.089261e+01   1.319404e+00 p                       y
  000109     6.234395e+01   1.451344e+00 p                       y
  000110     6.394043e+01   1.596479e+00 p                       y
  000111     6.569656e+01   1.756126e+00 p                       y
  000112     6.762830e+01   1.931739e+00 p                       y
  000113     6.975321e+01   2.124913e+00 p                       y
  000114     7.200000e+01   2.246792e+00 p       000003          y
  000115     7.323574e+01   1.235736e+00 p                       y
  000116     7.391539e+01   6.796546e-01 p                       y
  000117     7.466301e+01   7.476200e-01 p                       y
  000118     7.507420e+01   4.111910e-01 p                       y
  000119     7.552651e+01   4.523101e-01 p                       y
  000120     7.577528e+01   2.487706e-01 p                       y
  000121     7.584369e+01   6.841191e-02 p                       y
  000122     7.591895e+01   7.525310e-02 p                       y
  000123     7.600173e+01   8.277841e-02 p                       y
  000124     7.609278e+01   9.105625e-02 p                       y
  000125     7.619294e+01   1.001619e-01 p                       y
  000126     7.630312e+01   1.101781e-01 p                       y
  000127     7.642432e+01   1.211959e-01 p                       y
  000128     7.655763e+01   1.333155e-01 p                       y
  000129     7.670428e+01   1.466470e-01 p                       y
  000130     7.686559e+01   1.613117e-01 p                       y
  000131     7.704303e+01   1.774429e-01 p                       y
  000132     7.723822e+01   1.951872e-01 p                       y
  000133     7.745293e+01   2.147059e-01 p                       y
  000134     7.757102e+01   1.180882e-01 p                       y
  000135     7.770091e+01   1.298971e-01 p                       y
  000136     7.784380e+01   1.428868e-01 p                       y
  000137     7.792239e+01   7.858772e-02 p                       y
  000138     7.800883e+01   8.644649e-02 p                       y
  000139     7.810392e+01   9.509114e-02 p                       y
  000140     7.820853e+01   1.046003e-01 p                       y
  000141     7.832359e+01   1.150603e-01 p                       y
  000142     7.845015e+01   1.265663e-01 p                       y
  000143     7.858937e+01   1.392229e-01 p                       y
  000144     7.874252e+01   1.531452e-01 p                       y
  000145     7.891098e+01   1.684597e-01 p                       y
  000146     7.909629e+01   1.853057e-01 p                       y
  000147     7.930012e+01   2.038363e-01 p                       y
  000148     7.952434e+01   2.242199e-01 p                       y
  000149     7.977098e+01   2.466419e-01 p                       y
  000150     8.004229e+01   2.713061e-01 p                       y
  000151     8.019151e+01   1.492184e-01 p                       y
  000152     8.035565e+01   1.641402e-01 p                       y
  000153     8.053620e+01   1.805542e-01 p                       y
  000154     8.073481e+01   1.986096e-01 p                       y
  000155     8.095328e+01   2.184706e-01 p                       y
  000156     8.119360e+01   2.403177e-01 p                       y
  000157     8.132577e+01   1.321747e-01 p                       y
  000158     8.147117e+01   1.453922e-01 p                       y
  000159     8.163110e+01   1.599314e-01 p                       y
  000160     8.171906e+01   8.796227e-02 p                       y
  000161     8.181582e+01   9.675850e-02 p                       y
  000162     8.192225e+01   1.064343e-01 p                       y
  000163     8.203933e+01   1.170778e-01 p                       y
  000164     8.216812e+01   1.287856e-01 p                       y
  000165     8.230978e+01   1.416641e-01 p                       y
  000166     8.246561e+01   1.558305e-01 p                       y
  000167     8.263703e+01   1.714136e-01 p                       y
  000168     8.282558e+01   1.885549e-01 p                       y
  000169     8.292929e+01   1.037052e-01 p                       y
  000170     8.304336e+01   1.140757e-01 p                       y
  000171     8.316884e+01   1.254833e-01 p                       y
  000172     8.330688e+01   1.380316e-01 p                       y
  000173     8.345871e+01   1.518348e-01 p                       y
  000174     8.362573e+01   1.670183e-01 p                       y
  000175     8.380945e+01   1.837201e-01 p                       y
  000176     8.391050e+01   1.010461e-01 p                       y
  000177     8.402165e+01   1.111507e-01 p                       y
  000178     8.414391e+01   1.222657e-01 p                       y
  000179     8.427840e+01   1.344923e-01 p                       y
  000180     8.442635e+01   1.479415e-01 p                       y
  000181     8.450771e+01   8.136785e-02 p                       y
  000182     8.459722e+01   8.950463e-02 p                       y
  000183     8.469567e+01   9.845510e-02 p                       y
  000184     8.480397e+01   1.083006e-01 p                       y
  000185     8.492310e+01   1.191307e-01 p                       y
  000186     8.505415e+01   1.310437e-01 p                       y
  000187     8.519830e+01   1.441481e-01 p                       y
  000188     8.535686e+01   1.585629e-01 p                       y
  000189     8.544407e+01   8.720961e-02 p                       y
  000190     8.554000e+01   9.593057e-02 p                       y
  000191     8.564552e+01   1.055236e-01 p                       y
  000192     8.576160e+01   1.160760e-01 p                       y
  000193     8.582544e+01   6.384179e-02 p                       y
  000194     8.589567e+01   7.022597e-02 p                       y
  000195     8.597292e+01   7.724857e-02 p                       y
  000196     8.605789e+01   8.497343e-02 p                       y
  000197     8.615136e+01   9.347077e-02 p                       y
  000198     8.625418e+01   1.028178e-01 p                       y
  000199     8.636728e+01   1.130996e-01 p                       y
  000200     8.649169e+01   1.244096e-01 p                       y
  000201     8.662854e+01   1.368506e-01 p                       y
  000202     8.677907e+01   1.505356e-01 p                       y
  000203     8.686187e+01   8.279458e-02 p                       y
  000204     8.695294e+01   9.107404e-02 p                       y
  000205     8.705312e+01   1.001814e-01 p                       y
  000206     8.716332e+01   1.101996e-01 p                       y
  000207     8.728454e+01   1.212196e-01 p                       y
  000208     8.741788e+01   1.333415e-01 p                       y
  000209     8.749122e+01   7.333783e-02 p                       y
  000210     8.753156e+01   4.033581e-02 p                       y
  000211     8.757593e+01   4.436939e-02 p                       y
  000212     8.760033e+01   2.440316e-02 p                       y
  000213     8.762717e+01   2.684348e-02 p                       y
  000214     8.765670e+01   2.952783e-02 p                       y
  000215     8.768918e+01   3.248061e-02 p                       y
  000216     8.772491e+01   3.572867e-02 p                       y
  000217     8.776421e+01   3.930154e-02 p                       y
  000218     8.780744e+01   4.323169e-02 p                       y
  000219     8.785500e+01   4.755486e-02 p                       y
  000220     8.790731e+01   5.231035e-02 p                       y
  000221     8.796485e+01   5.754138e-02 p                       y
  000222     8.802815e+01   6.329552e-02 p                       y
  000223     8.809777e+01   6.962507e-02 p                       y
  000224     8.817436e+01   7.658758e-02 p                       y
  000225     8.821648e+01   4.212317e-02 p                       y
  000226     8.826282e+01   4.633548e-02 p                       y
  000227     8.831379e+01   5.096903e-02 p                       y
  000228     8.836985e+01   5.606594e-02 p                       y
  000229     8.843152e+01   6.167253e-02 p                       y
  000230     8.849936e+01   6.783978e-02 p                       y
  000231     8.857399e+01   7.462376e-02 p                       y
  000232     8.865607e+01   8.208614e-02 p                       y
  000233     8.874637e+01   9.029475e-02 p                       y
  000234     8.884569e+01   9.932422e-02 p                       y
  000235     8.895495e+01   1.092566e-01 p                       y
  000236     8.901504e+01   6.009116e-02 p                       y
  000237     8.908114e+01   6.610027e-02 p                       y
  000238     8.915385e+01   7.271030e-02 p                       y
  000239     8.923383e+01   7.998133e-02 p                       y
  000240     8.932181e+01   8.797946e-02 p                       y
  000241     8.941859e+01   9.677741e-02 p                       y
  000242     8.947182e+01   5.322757e-02 p                       y
  000243     8.953037e+01   5.855033e-02 p                       y
  000244     8.959477e+01   6.440536e-02 p                       y
  000245     8.966562e+01   7.084590e-02 p                       y
  000246     8.974355e+01   7.793049e-02 p                       y
  000247     8.978641e+01   4.286177e-02 p                       y
  000248     8.983356e+01   4.714795e-02 p                       y
  000249     8.988542e+01   5.186274e-02 p                       y
  000250     8.994247e+01   5.704902e-02 p                       y
  000251     9.000522e+01   6.275392e-02 p                       y
  000252     9.007425e+01   6.902931e-02 p                       y
  000253     9.015019e+01   7.593224e-02 p                       y
  000254     9.023371e+01   8.352546e-02 p                       y
  000255     9.032559e+01   9.187801e-02 p                       y
  000256     9.042666e+01   1.010658e-01 p                       y
  000257     9.048224e+01   5.558620e-02 p                       y
  000258     9.054339e+01   6.114482e-02 p                       y
  000259     9.057702e+01   3.362965e-02 p                       y
  000260     9.061401e+01   3.699261e-02 p                       y
  000261     9.065470e+01   4.069188e-02 p                       y
  000262     9.069946e+01   4.476106e-02 p                       y
  000263     9.074870e+01   4.923717e-02 p                       y
  000264     9.080286e+01   5.416089e-02 p                       y
  000265     9.086244e+01   5.957697e-02 p                       y
  000266     9.089520e+01   3.276734e-02 p                       y
  000267     9.093125e+01   3.604407e-02 p                       y
  000268     9.097090e+01   3.964848e-02 p                       y
  000269     9.101451e+01   4.361332e-02 p                       y
  000270     9.106248e+01   4.797466e-02 p                       y
  000271     9.111526e+01   5.277212e-02 p                       y
  000272     9.117331e+01   5.804933e-02 p                       y
  000273     9.123716e+01   6.385427e-02 p                       y
  000274     9.130740e+01   7.023969e-02 p                       y
  000275     9.138466e+01   7.726366e-02 p                       y
  000276     9.146965e+01   8.499003e-02 p                       y
  000277     9.151640e+01   4.674452e-02 p                       y
  000278     9.156782e+01   5.141897e-02 p                       y
  000279     9.162438e+01   5.656087e-02 p                       y
  000280     9.168660e+01   6.221695e-02 p                       y
  000281     9.172081e+01   3.421932e-02 p                       y
  000282     9.175846e+01   3.764126e-02 p                       y
  000283     9.179986e+01   4.140538e-02 p                       y
  000284     9.184541e+01   4.554592e-02 p                       y
  000285     9.189551e+01   5.010051e-02 p                       y
  000286     9.195062e+01   5.511056e-02 p                       y
  000287     9.201124e+01   6.062162e-02 p                       y
  000288     9.207792e+01   6.668378e-02 p                       y
  000289     9.215128e+01   7.335216e-02 p                       y
  000290     9.219162e+01   4.034369e-02 p                       y
  000291     9.221381e+01   2.218903e-02 p                       y
  000292     9.223822e+01   2.440793e-02 p                       y
  000293     9.226506e+01   2.684872e-02 p                       y
  000294     9.229460e+01   2.953360e-02 p                       y
  000295     9.232709e+01   3.248696e-02 p                       y
  000296     9.236282e+01   3.573565e-02 p                       y
  000297     9.240213e+01   3.930922e-02 p                       y
  000298     9.244537e+01   4.324014e-02 p                       y
  000299     9.249293e+01   4.756415e-02 p                       y
  000300     9.254526e+01   5.232057e-02 p                       y
  000301     9.260281e+01   5.755262e-02 p                       y
  000302     9.263446e+01   3.165394e-02 p                       y
  000303     9.266928e+01   3.481934e-02 p                       y
  000304     9.270758e+01   3.830127e-02 p                       y
  000305     9.274971e+01   4.213140e-02 p                       y
  000306     9.279606e+01   4.634454e-02 p                       y
  000307     9.284704e+01   5.097899e-02 p                       y
  000308     9.290311e+01   5.607689e-02 p                       y
  000309     9.296480e+01   6.168458e-02 p                       y
  000310     9.303265e+01   6.785304e-02 p                       y
  000311     9.306997e+01   3.731917e-02 p                       y
  000312     9.311102e+01   4.105109e-02 p                       y
  000313     9.315618e+01   4.515620e-02 p                       y
  000314     9.320585e+01   4.967182e-02 p                       y
  000315     9.326049e+01   5.463900e-02 p                       y
  000316     9.332059e+01   6.010290e-02 p                       y
  000317     9.338671e+01   6.611319e-02 p                       y
  000318     9.342307e+01   3.636225e-02 p                       y
  000319     9.344307e+01   1.999924e-02 p                       y
  000320     9.346507e+01   2.199916e-02 p                       y
  000321     9.348926e+01   2.419908e-02 p                       y
  000322     9.351588e+01   2.661899e-02 p                       y
  000323     9.354516e+01   2.928089e-02 p                       y
  000324     9.357737e+01   3.220898e-02 p                       y
  000325     9.361280e+01   3.542987e-02 p                       y
  000326     9.365178e+01   3.897286e-02 p                       y
  000327     9.369465e+01   4.287015e-02 p                       y
  000328     9.374180e+01   4.715716e-02 p                       y
  000329     9.379368e+01   5.187288e-02 p                       y
  000330     9.380081e+01   7.132521e-03 p                       y
  000331     9.380866e+01   7.845773e-03 p                       y
  000332     9.381729e+01   8.630350e-03 p                       y
  000333     9.382678e+01   9.493385e-03 p                       y
  000334     9.383722e+01   1.044272e-02 p                       y
  000335     9.384871e+01   1.148700e-02 p                       y
  000336     9.386134e+01   1.263570e-02 p                       y
  000337     9.386829e+01   6.949632e-03 p                       y
  000338     9.387594e+01   7.644596e-03 p                       y
  000339     9.388014e+01   4.204528e-03 p                       y
  000340     9.388477e+01   4.624980e-03 p                       y
  000341     9.388986e+01   5.087478e-03 p                       y
  000342     9.389545e+01   5.596226e-03 p                       y
  000343     9.390161e+01   6.155849e-03 p                       y
  000344     9.390838e+01   6.771434e-03 p                       y
  000345     9.391583e+01   7.448577e-03 p                       y
  000346     9.392402e+01   8.193435e-03 p                       y
  000347     9.393303e+01   9.012778e-03 p                       y
  000348     9.394295e+01   9.914056e-03 p                       y
  000349     9.395385e+01   1.090546e-02 p                       y
  000350     9.396585e+01   1.199601e-02 p                       y
  000351     9.397245e+01   6.597804e-03 p                       y
  000352     9.397608e+01   3.628792e-03 p                       y
  000353     9.398007e+01   3.991672e-03 p                       y
  000354     9.398117e+01   1.097710e-03 p                       y
  000355     9.398237e+01   1.207481e-03 p                       y
  000356     9.398370e+01   1.328229e-03 p                       y
  000357     9.398516e+01   1.461052e-03 p                       y
  000358     9.398677e+01   1.607157e-03 p                       y
  000359     9.398854e+01   1.767872e-03 p                       y
  000360     9.399048e+01   1.944660e-03 p                       y
  000361     9.399262e+01   2.139126e-03 p                       y
  000362     9.399497e+01   2.353038e-03 p                       y
  000363     9.399756e+01   2.588342e-03 p                       y
  000364     9.400041e+01   2.847176e-03 p                       y
  000365     9.400354e+01   3.131894e-03 p                       y
  000366     9.400699e+01   3.445083e-03 p                       y
  000367     9.401078e+01   3.789592e-03 p                       y
  000368     9.401494e+01   4.168551e-03 p                       y
  000369     9.401953e+01   4.585406e-03 p                       y
  000370     9.402457e+01   5.043946e-03 p                       y
  000371     9.403012e+01   5.548341e-03 p                       y
  000372     9.403623e+01   6.103175e-03 p                       y
  000373     9.404294e+01   6.713493e-03 p                       y
  000374     9.405032e+01   7.384842e-03 p                       y
  000375     9.405845e+01   8.123326e-03 p                       y
  000376     9.406738e+01   8.935659e-03 p                       y
  000377     9.407721e+01   9.829225e-03 p                       y
  000378     9.408802e+01   1.081215e-02 p                       y
  000379     9.409992e+01   1.189336e-02 p                       y
  000380     9.411300e+01   1.308270e-02 p                       y
  000381     9.412739e+01   1.439097e-02 p                       y
  000382     9.414322e+01   1.583006e-02 p                       y
  000383     9.416063e+01   1.741307e-02 p                       y
  000384     9.416542e+01   4.788595e-03 p                       y
  000385     9.417069e+01   5.267454e-03 p                       y
  000386     9.417359e+01   2.897100e-03 p                       y
  000387     9.417518e+01   1.593405e-03 p                       y
  000388     9.417693e+01   1.752745e-03 p                       y
  000389     9.417790e+01   9.640099e-04 p                       y
  000390     9.417896e+01   1.060411e-03 p                       y
  000391     9.418012e+01   1.166452e-03 p                       y
  000392     9.418141e+01   1.283097e-03 p                       y
  000393     9.418282e+01   1.411407e-03 p                       y
  000394     9.418437e+01   1.552548e-03 p                       y
  000395     9.418608e+01   1.707802e-03 p                       y
  000396     9.418796e+01   1.878583e-03 p                       y
  000397     9.419002e+01   2.066441e-03 p                       y
  000398     9.419230e+01   2.273085e-03 p                       y
  000399     9.419480e+01   2.500393e-03 p                       y
  000400     9.419755e+01   2.750433e-03 p                       y
  000401     9.420057e+01   3.025476e-03 p                       y
  000402     9.420390e+01   3.328024e-03 p                       y
  000403     9.420756e+01   3.660826e-03 p                       y
  000404     9.421159e+01   4.026909e-03 p                       y
  000405     9.421602e+01   4.429600e-03 p                       y
  000406     9.422089e+01   4.872560e-03 p                       y
  000407     9.422625e+01   5.359815e-03 p                       y
  000408     9.423215e+01   5.895797e-03 p                       y
  000409     9.423863e+01   6.485377e-03 p                       y
  000410     9.424577e+01   7.133914e-03 p                       y
  000411     9.425361e+01   7.847306e-03 p                       y
  000412     9.426225e+01   8.632036e-03 p                       y
  000413     9.427174e+01   9.495240e-03 p                       y
  000414     9.428219e+01   1.044476e-02 p                       y
  000415     9.429368e+01   1.148924e-02 p                       y
  000416     9.430631e+01   1.263816e-02 p                       y
  000417     9.432022e+01   1.390198e-02 p                       y
  000418     9.433551e+01   1.529218e-02 p                       y
  000419     9.435233e+01   1.682140e-02 p                       y
  000420     9.437083e+01   1.850354e-02 p                       y
  000421     9.439119e+01   2.035389e-02 p                       y
  000422     9.441358e+01   2.238928e-02 p                       y
  000423     9.443820e+01   2.462821e-02 p                       y
  000424     9.446529e+01   2.709103e-02 p                       y
  000425     9.449509e+01   2.980013e-02 p                       y
  000426     9.451148e+01   1.639007e-02 p                       y
  000427     9.452951e+01   1.802908e-02 p                       y
  000428     9.453943e+01   9.915994e-03 p                       y
  000429     9.454488e+01   5.453796e-03 p                       y
  000430     9.455088e+01   5.999176e-03 p                       y
  000431     9.455748e+01   6.599094e-03 p                       y
  000432     9.456474e+01   7.259003e-03 p                       y
  000433     9.457273e+01   7.984903e-03 p                       y
  000434     9.458151e+01   8.783394e-03 p                       y
  000435     9.459117e+01   9.661733e-03 p                       y
  000436     9.460180e+01   1.062791e-02 p                       y
  000437     9.461349e+01   1.169070e-02 p                       y
  000438     9.462635e+01   1.285977e-02 p                       y
  000439     9.464050e+01   1.414574e-02 p                       y
  000440     9.465606e+01   1.556032e-02 p                       y
  000441     9.467317e+01   1.711635e-02 p                       y
  000442     9.469200e+01   1.882798e-02 p                       y
  000443     9.471271e+01   2.071078e-02 p                       y
  000444     9.473549e+01   2.278186e-02 p                       y
  000445     9.476055e+01   2.506005e-02 p                       y
  000446     9.477434e+01   1.378303e-02 p                       y
  000447     9.478950e+01   1.516133e-02 p                       y
  000448     9.480617e+01   1.667746e-02 p                       y
  000449     9.482452e+01   1.834521e-02 p                       y
  000450     9.484470e+01   2.017973e-02 p                       y
  000451     9.486690e+01   2.219770e-02 p                       y
  000452     9.489131e+01   2.441747e-02 p                       y
  000453     9.491817e+01   2.685922e-02 p                       y
  000454     9.494772e+01   2.954514e-02 p                       y
  000455     9.498022e+01   3.249965e-02 p                       y
  000456     9.501597e+01   3.574962e-02 p                       y
  000457     9.505529e+01   3.932458e-02 p                       y
  000458     9.509855e+01   4.325704e-02 p                       y
  000459     9.514613e+01   4.758274e-02 p                       y
  000460     9.519847e+01   5.234102e-02 p                       y
  000461     9.521287e+01   1.439378e-02 p                       y
  000462     9.522870e+01   1.583316e-02 p                       y
  000463     9.524612e+01   1.741647e-02 p                       y
  000464     9.526527e+01   1.915812e-02 p                       y
  000465     9.528635e+01   2.107393e-02 p                       y
  000466     9.530953e+01   2.318133e-02 p                       y
  000467     9.533503e+01   2.549946e-02 p                       y
  000468     9.534905e+01   1.402470e-02 p                       y
  000469     9.536448e+01   1.542717e-02 p                       y
  000470     9.538145e+01   1.696989e-02 p                       y
  000471     9.540012e+01   1.866688e-02 p                       y
  000472     9.542065e+01   2.053357e-02 p                       y
  000473     9.544324e+01   2.258692e-02 p                       y
  000474     9.546808e+01   2.484562e-02 p                       y
  000475     9.549541e+01   2.733018e-02 p                       y
  000476     9.550293e+01   7.515799e-03 p                       y
  000477     9.551120e+01   8.267379e-03 p                       y
  000478     9.552029e+01   9.094117e-03 p                       y
  000479     9.553030e+01   1.000353e-02 p                       y
  000480     9.554130e+01   1.100388e-02 p                       y
  000481     9.555340e+01   1.210427e-02 p                       y
  000482     9.556672e+01   1.331470e-02 p                       y
  000483     9.558136e+01   1.464617e-02 p                       y
  000484     9.559748e+01   1.611078e-02 p                       y
  000485     9.561520e+01   1.772186e-02 p                       y
  000486     9.563469e+01   1.949405e-02 p                       y
  000487     9.565613e+01   2.144345e-02 p                       y
  000488     9.567972e+01   2.358780e-02 p                       y
  000489     9.570567e+01   2.594658e-02 p                       y
  000490     9.573421e+01   2.854123e-02 p                       y
  000491     9.576561e+01   3.139536e-02 p                       y
  000492     9.580014e+01   3.453489e-02 p                       y
  000493     9.583813e+01   3.798838e-02 p                       y
  000494     9.587992e+01   4.178722e-02 p                       y
  000495     9.592588e+01   4.596594e-02 p                       y
  000496     9.597644e+01   5.056254e-02 p                       y
  000497     9.600000e+01   2.355545e-02 p       000004          y
  000498     9.602591e+01   2.591099e-02 p                       y
  000499     9.605441e+01   2.850209e-02 p                       y
  000500     9.608577e+01   3.135230e-02 p                       y
  000501     9.612025e+01   3.448753e-02 p                       y
  000502     9.615819e+01   3.793628e-02 p                       y
  000503     9.617905e+01   2.086496e-02 p                       y
  000504     9.620201e+01   2.295145e-02 p                       y
  000505     9.622725e+01   2.524660e-02 p                       y
  000506     9.625502e+01   2.777126e-02 p                       y
  000507     9.628557e+01   3.054838e-02 p                       y
  000508     9.630237e+01   1.680161e-02 p                       y
  000509     9.632086e+01   1.848177e-02 p                       y
  000510     9.634119e+01   2.032995e-02 p                       y
  000511     9.636355e+01   2.236294e-02 p                       y
  000512     9.638815e+01   2.459924e-02 p                       y
  000513     9.641521e+01   2.705916e-02 p                       y
  000514     9.644497e+01   2.976508e-02 p                       y
  000515     9.647771e+01   3.274158e-02 p                       y
  000516     9.651373e+01   3.601574e-02 p                       y
  000517     9.655335e+01   3.961732e-02 p                       y
  000518     9.659693e+01   4.357905e-02 p                       y
  000519     9.664486e+01   4.793695e-02 p                       y
  000520     9.669759e+01   5.273065e-02 p                       y
  000521     9.675560e+01   5.800371e-02 p                       y
  000522     9.678750e+01   3.190204e-02 p                       y
  000523     9.682259e+01   3.509225e-02 p                       y
  000524     9.684189e+01   1.930074e-02 p                       y
  000525     9.686312e+01   2.123081e-02 p                       y
  000526     9.688648e+01   2.335389e-02 p                       y
  000527     9.691217e+01   2.568928e-02 p                       y
  000528     9.694042e+01   2.825821e-02 p                       y
  000529     9.697151e+01   3.108403e-02 p                       y
  000530     9.700570e+01   3.419243e-02 p                       y
  000531     9.704331e+01   3.761167e-02 p                       y
  000532     9.708468e+01   4.137284e-02 p                       y
  000533     9.713019e+01   4.551012e-02 p                       y
  000534     9.718026e+01   5.006114e-02 p                       y
  000535     9.723532e+01   5.506725e-02 p                       y
  000536     9.729590e+01   6.057398e-02 p                       y
  000537     9.736253e+01   6.663137e-02 p                       y
  000538     9.743582e+01   7.329451e-02 p                       y
  000539     9.751645e+01   8.062396e-02 p                       y
  000540     9.760513e+01   8.868636e-02 p                       y
  000541     9.770269e+01   9.755499e-02 p                       y
  000542     9.781000e+01   1.073105e-01 p                       y
  000543     9.792804e+01   1.180415e-01 p                       y
  000544     9.805789e+01   1.298457e-01 p                       y
  000545     9.812930e+01   7.141513e-02 p                       y
  000546     9.820786e+01   7.855665e-02 p                       y
  000547     9.825106e+01   4.320616e-02 p                       y
  000548     9.829859e+01   4.752677e-02 p                       y
  000549     9.835087e+01   5.227945e-02 p                       y
  000550     9.840838e+01   5.750739e-02 p                       y
  000551     9.847164e+01   6.325813e-02 p                       y
  000552     9.854122e+01   6.958395e-02 p                       y
  000553     9.861776e+01   7.654234e-02 p                       y
  000554     9.870196e+01   8.419657e-02 p                       y
  000555     9.879457e+01   9.261623e-02 p                       y
  000556     9.889645e+01   1.018779e-01 p                       y
  000557     9.900852e+01   1.120656e-01 p                       y
  000558     9.913179e+01   1.232722e-01 p                       y
  000559     9.919959e+01   6.779971e-02 p                       y
  000560     9.927417e+01   7.457968e-02 p                       y
  000561     9.935621e+01   8.203765e-02 p                       y
  000562     9.944645e+01   9.024142e-02 p                       y
  000563     9.954571e+01   9.926556e-02 p                       y
  000564     9.965491e+01   1.091921e-01 p                       y
  000565     9.977502e+01   1.201113e-01 p                       y
  000566     9.990714e+01   1.321225e-01 p                       y
  000567     1.000525e+02   1.453347e-01 p                       y
  000568     1.001324e+02   7.993409e-02 p                       y
  000569     1.002203e+02   8.792750e-02 p                       y
  000570     1.003171e+02   9.672025e-02 p                       y
  000571     1.004234e+02   1.063923e-01 p                       y
  000572     1.005405e+02   1.170315e-01 p                       y
  000573     1.006692e+02   1.287346e-01 p                       y
  000574     1.008108e+02   1.416081e-01 p                       y
  000575     1.008887e+02   7.788446e-02 p                       y
  000576     1.009744e+02   8.567291e-02 p                       y
  000577     1.010686e+02   9.424020e-02 p                       y
  000578     1.011723e+02   1.036642e-01 p                       y
  000579     1.012863e+02   1.140306e-01 p                       y
  000580     1.014117e+02   1.254337e-01 p                       y
  000581     1.015497e+02   1.379771e-01 p                       y
  000582     1.017015e+02   1.517748e-01 p                       y
  000583     1.017850e+02   8.347613e-02 p                       y
  000584     1.018768e+02   9.182374e-02 p                       y
  000585     1.019778e+02   1.010061e-01 p                       y
  000586     1.020889e+02   1.111067e-01 p                       y
  000587     1.022111e+02   1.222174e-01 p                       y
  000588     1.023456e+02   1.344391e-01 p                       y
  000589     1.024935e+02   1.478831e-01 p                       y
  000590     1.026561e+02   1.626714e-01 p                       y
  000591     1.028351e+02   1.789385e-01 p                       y
  000592     1.029335e+02   9.841617e-02 p                       y
  000593     1.030417e+02   1.082578e-01 p                       y
  000594     1.031608e+02   1.190836e-01 p                       y
  000595     1.032918e+02   1.309919e-01 p                       y
  000596     1.034359e+02   1.440911e-01 p                       y
  000597     1.035944e+02   1.585002e-01 p                       y
  000598     1.037688e+02   1.743503e-01 p                       y
  000599     1.039605e+02   1.917853e-01 p                       y
  000600     1.041715e+02   2.109638e-01 p                       y
  000601     1.044036e+02   2.320602e-01 p                       y
  000602     1.046588e+02   2.552662e-01 p                       y
  000603     1.049396e+02   2.807928e-01 p                       y
  000604     1.052485e+02   3.088721e-01 p                       y
  000605     1.055883e+02   3.397593e-01 p                       y
  000606     1.059620e+02   3.737353e-01 p                       y
  000607     1.063731e+02   4.111088e-01 p                       y
  000608     1.068253e+02   4.522197e-01 p                       y
  000609     1.070740e+02   2.487208e-01 p                       y
  000610     1.073476e+02   2.735929e-01 p                       y
  000611     1.076486e+02   3.009522e-01 p                       y
  000612     1.079796e+02   3.310474e-01 p                       y
  000613     1.083438e+02   3.641521e-01 p                       y
  000614     1.087444e+02   4.005674e-01 p                       y
  000615     1.091850e+02   4.406241e-01 p                       y
  000616     1.096697e+02   4.846865e-01 p                       y
  000617     1.102028e+02   5.331552e-01 p                       y
  000618     1.107893e+02   5.864707e-01 p                       y
  000619     1.114344e+02   6.451177e-01 p                       y
  000620     1.117892e+02   3.548148e-01 p                       y
  000621     1.121795e+02   3.902962e-01 p                       y
  000622     1.126088e+02   4.293259e-01 p                       y
  000623     1.130811e+02   4.722584e-01 p                       y
  000624     1.136006e+02   5.194843e-01 p                       y
  000625     1.141720e+02   5.714327e-01 p                       y
  000626     1.148006e+02   6.285760e-01 p                       y
  000627     1.151463e+02   3.457168e-01 p                       y
  000628     1.155266e+02   3.802885e-01 p                       y
  000629     1.159449e+02   4.183173e-01 p                       y
  000630     1.164051e+02   4.601490e-01 p                       y
  000631     1.169112e+02   5.061639e-01 p                       y
  000632     1.174680e+02   5.567803e-01 p                       y
  000633     1.180805e+02   6.124584e-01 p                       y
  000634     1.187542e+02   6.737042e-01 p                       y
  000635     1.191247e+02   3.705373e-01 p                       y
  000636     1.195323e+02   4.075911e-01 p                       y
  000637     1.199807e+02   4.483502e-01 p                       y
  000638     1.200000e+02   1.934957e-02 p       000005          y
  000639     1.200213e+02   2.128452e-02 p                       y
  000640     1.200447e+02   2.341298e-02 p                       y
  000641     1.200705e+02   2.575427e-02 p                       y
  000642     1.200988e+02   2.832970e-02 p                       y
  000643     1.201299e+02   3.116267e-02 p                       y
  000644     1.201642e+02   3.427894e-02 p                       y
  000645     1.202019e+02   3.770683e-02 p                       y
  000646     1.202434e+02   4.147752e-02 p                       y
  000647     1.202890e+02   4.562527e-02 p                       y
  000648     1.203392e+02   5.018779e-02 p                       y
  000649     1.203944e+02   5.520657e-02 p                       y
  000650     1.204552e+02   6.072723e-02 p                       y
  000651     1.205220e+02   6.679995e-02 p                       y
  000652     1.205954e+02   7.347995e-02 p                       y
  000653     1.206763e+02   8.082794e-02 p                       y
  000654     1.207652e+02   8.891074e-02 p                       y
  000655     1.208630e+02   9.780181e-02 p                       y
  000656     1.209706e+02   1.075820e-01 p                       y
  000657     1.210889e+02   1.183402e-01 p                       y
  000658     1.212191e+02   1.301742e-01 p                       y
  000659     1.213623e+02   1.431916e-01 p                       y
  000660     1.215198e+02   1.575108e-01 p                       y
  000661     1.216930e+02   1.732619e-01 p                       y
  000662     1.218836e+02   1.905881e-01 p                       y
  000663     1.220933e+02   2.096469e-01 p                       y
  000664     1.223239e+02   2.306116e-01 p                       y
  000665     1.225776e+02   2.536727e-01 p                       y
  000666     1.228566e+02   2.790400e-01 p                       y
  000667     1.231635e+02   3.069440e-01 p                       y
  000668     1.235012e+02   3.376384e-01 p                       y
  000669     1.238726e+02   3.714022e-01 p                       y
  000670     1.242811e+02   4.085424e-01 p                       y
  000671     1.247305e+02   4.493967e-01 p                       y
  000672     1.252249e+02   4.943363e-01 p                       y
  000673     1.257686e+02   5.437700e-01 p                       y
  000674     1.263668e+02   5.981470e-01 p                       y
  000675     1.270247e+02   6.579617e-01 p                       y
  000676     1.277485e+02   7.237578e-01 p                       y
  000677     1.285446e+02   7.961336e-01 p                       y
  000678     1.294204e+02   8.757470e-01 p                       y
  000679     1.303837e+02   9.633217e-01 p                       y
  000680     1.314433e+02   1.059654e+00 p                       y
  000681     1.320262e+02   5.828096e-01 p                       y
  000682     1.326672e+02   6.410906e-01 p                       y
  000683     1.333724e+02   7.051996e-01 p                       y
  000684     1.341482e+02   7.757196e-01 p                       y
  000685     1.350015e+02   8.532916e-01 p                       y
  000686     1.359401e+02   9.386207e-01 p                       y
  000687     1.364563e+02   5.162414e-01 p                       y
  000688     1.365983e+02   1.419664e-01 p                       y
  000689     1.367544e+02   1.561630e-01 p                       y
  000690     1.369262e+02   1.717793e-01 p                       y
  000691     1.371152e+02   1.889573e-01 p                       y
  000692     1.373230e+02   2.078530e-01 p                       y
  000693     1.375517e+02   2.286383e-01 p                       y
  000694     1.378032e+02   2.515021e-01 p                       y
  000695     1.380798e+02   2.766523e-01 p                       y
  000696     1.383841e+02   3.043176e-01 p                       y
  000697     1.387189e+02   3.347493e-01 p                       y
  000698     1.390871e+02   3.682242e-01 p                       y
  000699     1.392896e+02   2.025233e-01 p                       y
  000700     1.395124e+02   2.227757e-01 p                       y
  000701     1.397575e+02   2.450532e-01 p                       y
  000702     1.400270e+02   2.695586e-01 p                       y
  000703     1.403235e+02   2.965144e-01 p                       y
  000704     1.406497e+02   3.261659e-01 p                       y
  000705     1.410085e+02   3.587824e-01 p                       y
  000706     1.414032e+02   3.946607e-01 p                       y
  000707     1.418373e+02   4.341268e-01 p                       y
  000708     1.423148e+02   4.775394e-01 p                       y
  000709     1.428401e+02   5.252934e-01 p                       y
  000710     1.434179e+02   5.778227e-01 p                       y
  000711     1.440000e+02   5.820603e-01 p       000006          y
  000712     1.446403e+02   6.402663e-01 p                       y
  000713     1.453446e+02   7.042929e-01 p                       y
  000714     1.461193e+02   7.747222e-01 p                       y
  000715     1.469715e+02   8.521944e-01 p                       y
  000716     1.479089e+02   9.374139e-01 p                       y
  000717     1.489400e+02   1.031155e+00 p                       y
  000718     1.500743e+02   1.134271e+00 p                       y
  000719     1.513220e+02   1.247698e+00 p                       y
  000720     1.526945e+02   1.372468e+00 p                       y
  000721     1.542042e+02   1.509714e+00 p                       y
  000722     1.550345e+02   8.303429e-01 p                       y
  000723     1.559479e+02   9.133772e-01 p                       y
  000724     1.569526e+02   1.004715e+00 p                       y
  000725     1.580578e+02   1.105186e+00 p                       y
  000726     1.592735e+02   1.215705e+00 p                       y
  000727     1.606108e+02   1.337276e+00 p                       y
  000728     1.620818e+02   1.471003e+00 p                       y
  000729     1.636999e+02   1.618103e+00 p                       y
  000730     1.645899e+02   8.899569e-01 p                       y
  000731     1.655688e+02   9.789526e-01 p                       y
  000732     1.666457e+02   1.076848e+00 p                       y
  000733     1.678302e+02   1.184533e+00 p                       y
  000734     1.680000e+02   1.698058e-01 p       000007          y
  000735     1.681868e+02   1.867864e-01 p                       y
  000736     1.683923e+02   2.054650e-01 p                       y
  000737     1.686183e+02   2.260116e-01 p                       y
  000738     1.688669e+02   2.486127e-01 p                       y
  000739     1.690000e+02   1.331243e-01 f                       y

Overland flow Results
  000000     0.000000e+00   0.000000e+00
  000001     1.100000e-02   1.100000e-02
  000002     2.310000e-02   1.210000e-02
  000003     3.641000e-02   1.331000e-02
  000004     5.105100e-02   1.464100e-02
  000005     6.715610e-02   1.610510e-02
  000006     8.487171e-02   1.771561e-02
  000007     1.043589e-01   1.948717e-02
  000008     1.257948e-01   2.143589e-02
  000009     1.493742e-01   2.357948e-02
  000010     1.753117e-01   2.593742e-02
  000011     2.038428e-01   2.853117e-02
  000012     2.352271e-01   3.138428e-02
  000013     2.697498e-01   3.452271e-02
  000014     3.077248e-01   3.797498e-02
  000015     3.494973e-01   4.177248e-02
  000016     3.954470e-01   4.594973e-02
  000017     4.459917e-01   5.054470e-02
  000018     5.015909e-01   5.559917e-02
  000019     5.627500e-01   6.115909e-02
  000020     6.300250e-01   6.727500e-02
  000021     7.040275e-01   7.400250e-02
  000022     7.854302e-01   8.140275e-02
  000023     8.749733e-01   8.954302e-02
  000024     9.734706e-01   9.849733e-02
  000025     1.081818e+00   1.083471e-01
  000026     1.200999e+00   1.191818e-01
  000027     1.332099e+00   1.310999e-01
  000028     1.476309e+00   1.442099e-01
  000029     1.634940e+00   1.586309e-01
  000030     1.809434e+00   1.744940e-01
  000031     2.001378e+00   1.919434e-01
  000032     2.212515e+00   2.111378e-01
  000033     2.444767e+00   2.322515e-01
  000034     2.700244e+00   2.554767e-01
  000035     2.981268e+00   2.810244e-01
  000036     3.290395e+00   3.091268e-01
  000037     3.630434e+00   3.400395e-01
  000038     4.004478e+00   3.740434e-01
  000039     4.415926e+00   4.114478e-01
  000040     4.868518e+00   4.525926e-01
  000041     5.366370e+00   4.978518e-01
  000042     5.914007e+00   5.476370e-01
  000043     6.516408e+00   6.024007e-01
  000044     7.179048e+00   6.626408e-01
  000045     7.907953e+00   7.289048e-01
  000046     8.709749e+00   8.017953e-01
  000047     9.591723e+00   8.819749e-01
  000048     1.056190e+01   9.701723e-01
  000049     1.162909e+01   1.067190e+00
  000050     1.280299e+01   1.173909e+00
  000051     1.409429e+01   1.291299e+00
  000052     1.551472e+01   1.420429e+00
  000053     1.707719e+01   1.562472e+00
  000054     1.879591e+01   1.718719e+00
  000055     2.068651e+01   1.890591e+00
  000056     2.276616e+01   2.079651e+00
  000057     2.400000e+01   1.233844e+00
  000058     2.535723e+01   1.357228e+00
  000059     2.685018e+01   1.492951e+00
  000060     2.849243e+01   1.642246e+00
  000061     3.029890e+01   1.806471e+00
  000062     3.228601e+01   1.987118e+00
  000063     3.447184e+01   2.185829e+00
  000064     3.687626e+01   2.404412e+00
  000065     3.819868e+01   1.322427e+00
  000066     3.965335e+01   1.454670e+00
  000067     4.045342e+01   8.000682e-01
  000068     4.133350e+01   8.800751e-01
  000069     4.230158e+01   9.680826e-01
  000070     4.283402e+01   5.324454e-01
  000071     4.341971e+01   5.856900e-01
  000072     4.406397e+01   6.442589e-01
  000073     4.424114e+01   1.771712e-01
  000074     4.443603e+01   1.948883e-01
  000075     4.465041e+01   2.143772e-01
  000076     4.488622e+01   2.358149e-01
  000077     4.514562e+01   2.593964e-01
  000078     4.543096e+01   2.853360e-01
  000079     4.574483e+01   3.138696e-01
  000080     4.609008e+01   3.452566e-01
  000081     4.646986e+01   3.797822e-01
  000082     4.688762e+01   4.177604e-01
  000083     4.734716e+01   4.595365e-01
  000084     4.785265e+01   5.054901e-01
  000085     4.800000e+01   1.473486e-01
  000086     4.816208e+01   1.620834e-01
  000087     4.834038e+01   1.782918e-01
  000088     4.853650e+01   1.961210e-01
  000089     4.875223e+01   2.157331e-01
  000090     4.898954e+01   2.373064e-01
  000091     4.925057e+01   2.610370e-01
  000092     4.953771e+01   2.871407e-01
  000093     4.985357e+01   3.158548e-01
  000094     5.020101e+01   3.474402e-01
  000095     5.058319e+01   3.821843e-01
  000096     5.100360e+01   4.204027e-01
  000097     5.146604e+01   4.624430e-01
  000098     5.197473e+01   5.086873e-01
  000099     5.253428e+01   5.595560e-01
  000100     5.314979e+01   6.155116e-01
  000101     5.382686e+01   6.770627e-01
  000102     5.457162e+01   7.447690e-01
  000103     5.539087e+01   8.192459e-01
  000104     5.629204e+01   9.011705e-01
  000105     5.728333e+01   9.912876e-01
  000106     5.837375e+01   1.090416e+00
  000107     5.957320e+01   1.199458e+00
  000108     6.089261e+01   1.319404e+00
  000109     6.234395e+01   1.451344e+00
  000110     6.394043e+01   1.596479e+00
  000111     6.569656e+01   1.756126e+00
  000112     6.762830e+01   1.931739e+00
  000113     6.975321e+01   2.124913e+00
  000114     7.200000e+01   2.246792e+00
  000115     7.323574e+01   1.235736e+00
  000116     7.391539e+01   6.796546e-01
  000117     7.466301e+01   7.476200e-01
  000118     7.507420e+01   4.111910e-01
  000119     7.552651e+01   4.523101e-01
  000120     7.577528e+01   2.487706e-01
  000121     7.584369e+01   6.841191e-02
  000122     7.591895e+01   7.525310e-02
  000123     7.600173e+01   8.277841e-02
  000124     7.609278e+01   9.105625e-02
  000125     7.619294e+01   1.001619e-01
  000126     7.630312e+01   1.101781e-01
  000127     7.642432e+01   1.211959e-01
  000128     7.655763e+01   1.333155e-01
  000129     7.670428e+01   1.466470e-01
  000130     7.686559e+01   1.613117e-01
  000131     7.704303e+01   1.774429e-01
  000132     7.723822e+01   1.951872e-01
  000133     7.745293e+01   2.147059e-01
  000134     7.757102e+01   1.180882e-01
  000135     7.770091e+01   1.298971e-01
  000136     7.784380e+01   1.428868e-01
  000137     7.792239e+01   7.858772e-02
  000138     7.800883e+01   8.644649e-02
  000139     7.810392e+01   9.509114e-02
  000140     7.820853e+01   1.046003e-01
  000141     7.832359e+01   1.150603e-01
  000142     7.845015e+01   1.265663e-01
  000143     7.858937e+01   1.392229e-01
  000144     7.874252e+01   1.531452e-01
  000145     7.891098e+01   1.684597e-01
  000146     7.909629e+01   1.853057e-01
  000147     7.930012e+01   2.038363e-01
  000148     7.952434e+01   2.242199e-01
  000149     7.977098e+01   2.466419e-01
  000150     8.004229e+01   2.713061e-01
  000151     8.019151e+01   1.492184e-01
  000152     8.035565e+01   1.641402e-01
  000153     8.053620e+01   1.805542e-01
  000154     8.073481e+01   1.986096e-01
  000155     8.095328e+01   2.184706e-01
  000156     8.119360e+01   2.403177e-01
  000157     8.132577e+01   1.321747e-01
  000158     8.147117e+01   1.453922e-01
  000159     8.163110e+01   1.599314e-01
  000160     8.171906e+01   8.796227e-02
  000161     8.181582e+01   9.675850e-02
  000162     8.192225e+01   1.064343e-01
  000163     8.203933e+01   1.170778e-01
  000164     8.216812e+01   1.287856e-01
  000165     8.230978e+01   1.416641e-01
  000166     8.246561e+01   1.558305e-01
  000167     8.263703e+01   1.714136e-01
  000168     8.282558e+01   1.885549e-01
  000169     8.292929e+01   1.037052e-01
  000170     8.304336e+01   1.140757e-01
  000171     8.316884e+01   1.254833e-01
  000172     8.330688e+01   1.380316e-01
  000173     8.345871e+01   1.518348e-01
  000174     8.362573e+01   1.670183e-01
  000175     8.380945e+01   1.837201e-01
  000176     8.391050e+01   1.010461e-01
  000177     8.402165e+01   1.111507e-01
  000178     8.414391e+01   1.222657e-01
  000179     8.427840e+01   1.344923e-01
  000180     8.442635e+01   1.479415e-01
  000181     8.450771e+01   8.136785e-02
  000182     8.459722e+01   8.950463e-02
  000183     8.469567e+01   9.845510e-02
  000184     8.480397e+01   1.083006e-01
  000185     8.492310e+01   1.191307e-01
  000186     8.505415e+01   1.310437e-01
  000187     8.519830e+01   1.441481e-01
  000188     8.535686e+01   1.585629e-01
  000189     8.544407e+01   8.720961e-02
  000190     8.554000e+01   9.593057e-02
  000191     8.564552e+01   1.055236e-01
  000192     8.576160e+01   1.160760e-01
  000193     8.582544e+01   6.384179e-02
  000194     8.589567e+01   7.022597e-02
  000195     8.597292e+01   7.724857e-02
  000196     8.605789e+01   8.497343e-02
  000197     8.615136e+01   9.347077e-02
  000198     8.625418e+01   1.028178e-01
  000199     8.636728e+01   1.130996e-01
  000200     8.649169e+01   1.244096e-01
  000201     8.662854e+01   1.368506e-01
  000202     8.677907e+01   1.505356e-01
  000203     8.686187e+01   8.279458e-02
  000204     8.695294e+01   9.107404e-02
  000205     8.705312e+01   1.001814e-01
  000206     8.716332e+01   1.101996e-01
  000207     8.728454e+01   1.212196e-01
  000208     8.741788e+01   1.333415e-01
  000209     8.749122e+01   7.333783e-02
  000210     8.753156e+01   4.033581e-02
  000211     8.757593e+01   4.436939e-02
  000212     8.760033e+01   2.440316e-02
  000213     8.762717e+01   2.684348e-02
  000214     8.765670e+01   2.952783e-02
  000215     8.768918e+01   3.248061e-02
  000216     8.772491e+01   3.572867e-02
  000217     8.776421e+01   3.930154e-02
  000218     8.780744e+01   4.323169e-02
  000219     8.785500e+01   4.755486e-02
  000220     8.790731e+01   5.231035e-02
  000221     8.796485e+01   5.754138e-02
  000222     8.802815e+01   6.329552e-02
  000223     8.809777e+01   6.962507e-02
  000224     8.817436e+01   7.658758e-02
  000225     8.821648e+01   4.212317e-02
  000226     8.826282e+01   4.633548e-02
  000227     8.831379e+01   5.096903e-02
  000228     8.836985e+01   5.606594e-02
  000229     8.843152e+01   6.167253e-02
  000230     8.849936e+01   6.783978e-02
  000231     8.857399e+01   7.462376e-02
  000232     8.865607e+01   8.208614e-02
  000233     8.874637e+01   9.029475e-02
  000234     8.884569e+01   9.932422e-02
  000235     8.895495e+01   1.092566e-01
  000236     8.901504e+01   6.009116e-02
  000237     8.908114e+01   6.610027e-02
  000238     8.915385e+01   7.271030e-02
  000239     8.923383e+01   7.998133e-02
  000240     8.932181e+01   8.797946e-02
  000241     8.941859e+01   9.677741e-02
  000242     8.947182e+01   5.322757e-02
  000243     8.953037e+01   5.855033e-02
  000244     8.959477e+01   6.440536e-02
  000245     8.966562e+01   7.084590e-02
  000246     8.974355e+01   7.793049e-02
  000247     8.978641e+01   4.286177e-02
  000248     8.983356e+01   4.714795e-02
  000249     8.988542e+01   5.186274e-02
  000250     8.994247e+01   5.704902e-02
  000251     9.000522e+01   6.275392e-02
  000252     9.007425e+01   6.902931e-02
  000253     9.015019e+01   7.593224e-02
  000254     9.023371e+01   8.352546e-02
  000255     9.032559e+01   9.187801e-02
  000256     9.042666e+01   1.010658e-01
  000257     9.048224e+01   5.558620e-02
  000258     9.054339e+01   6.114482e-02
  000259     9.057702e+01   3.362965e-02
  000260     9.061401e+01   3.699261e-02
  000261     9.065470e+01   4.069188e-02
  000262     9.069946e+01   4.476106e-02
  000263     9.074870e+01   4.923717e-02
  000264     9.080286e+01   5.416089e-02
  000265     9.086244e+01   5.957697e-02
  000266     9.089520e+01   3.276734e-02
  000267     9.093125e+01   3.604407e-02
  000268     9.097090e+01   3.964848e-02
  000269     9.101451e+01   4.361332e-02
  000270     9.106248e+01   4.797466e-02
  000271     9.111526e+01   5.277212e-02
  000272     9.117331e+01   5.804933e-02
  000273     9.123716e+01   6.385427e-02
  000274     9.130740e+01   7.023969e-02
  000275     9.138466e+01   7.726366e-02
  000276     9.146965e+01   8.499003e-02
  000277     9.151640e+01   4.674452e-02
  000278     9.156782e+01   5.141897e-02
  000279     9.162438e+01   5.656087e-02
  000280     9.168660e+01   6.221695e-02
  000281     9.172081e+01   3.421932e-02
  000282     9.175846e+01   3.764126e-02
  000283     9.179986e+01   4.140538e-02
  000284     9.184541e+01   4.554592e-02
  000285     9.189551e+01   5.010051e-02
  000286     9.195062e+01   5.511056e-02
  000287     9.201124e+01   6.062162e-02
  000288     9.207792e+01   6.668378e-02
  000289     9.215128e+01   7.335216e-02
  000290     9.219162e+01   4.034369e-02
  000291     9.221381e+01   2.218903e-02
  000292     9.223822e+01   2.440793e-02
  000293     9.226506e+01   2.684872e-02
  000294     9.229460e+01   2.953360e-02
  000295     9.232709e+01   3.248696e-02
  000296     9.236282e+01   3.573565e-02
  000297     9.240213e+01   3.930922e-02
  000298     9.244537e+01   4.324014e-02
  000299     9.249293e+01   4.756415e-02
  000300     9.254526e+01   5.232057e-02
  000301     9.260281e+01   5.755262e-02
  000302     9.263446e+01   3.165394e-02
  000303     9.266928e+01   3.481934e-02
  000304     9.270758e+01   3.830127e-02
  000305     9.274971e+01   4.213140e-02
  000306     9.279606e+01   4.634454e-02
  000307     9.284704e+01   5.097899e-02
  000308     9.290311e+01   5.607689e-02
  000309     9.296480e+01   6.168458e-02
  000310     9.303265e+01   6.785304e-02
  000311     9.306997e+01   3.731917e-02
  000312     9.311102e+01   4.105109e-02
  000313     9.315618e+01   4.515620e-02
  000314     9.320585e+01   4.967182e-02
  000315     9.326049e+01   5.463900e-02
  000316     9.332059e+01   6.010290e-02
  000317     9.338671e+01   6.611319e-02
  000318     9.342307e+01   3.636225e-02
  000319     9.344307e+01   1.999924e-02
  000320     9.346507e+01   2.199916e-02
  000321     9.348926e+01   2.419908e-02
  000322     9.351588e+01   2.661899e-02
  000323     9.354516e+01   2.928089e-02
  000324     9.357737e+01   3.220898e-02
  000325     9.361280e+01   3.542987e-02
  000326     9.365178e+01   3.897286e-02
  000327     9.369465e+01   4.287015e-02
  000328     9.374180e+01   4.715716e-02
  000329     9.379368e+01   5.187288e-02
  000330     9.380081e+01   7.132521e-03
  000331     9.380866e+01   7.845773e-03
  000332     9.381729e+01   8.630350e-03
  000333     9.382678e+01   9.493385e-03
  000334     9.383722e+01   1.044272e-02
  000335     9.384871e+01   1.148700e-02
  000336     9.386134e+01   1.263570e-02
  000337     9.386829e+01   6.949632e-03
  000338     9.387594e+01   7.644596e-03
  000339     9.388014e+01   4.204528e-03
  000340     9.388477e+01   4.624980e-03
  000341     9.388986e+01   5.087478e-03
  000342     9.389545e+01   5.596226e-03
  000343     9.390161e+01   6.155849e-03
  000344     9.390838e+01   6.771434e-03
  000345     9.391583e+01   7.448577e-03
  000346     9.392402e+01   8.193435e-03
  000347     9.393303e+01   9.012778e-03
  000348     9.394295e+01   9.914056e-03
  000349     9.395385e+01   1.090546e-02
  000350     9.396585e+01   1.199601e-02
  000351     9.397245e+01   6.597804e-03
  000352     9.397608e+01   3.628792e-03
  000353     9.398007e+01   3.991672e-03
  000354     9.398117e+01   1.097710e-03
  000355     9.398237e+01   1.207481e-03
  000356     9.398370e+01   1.328229e-03
  000357     9.398516e+01   1.461052e-03
  000358     9.398677e+01   1.607157e-03
  000359     9.398854e+01   1.767872e-03
  000360     9.399048e+01   1.944660e-03
  000361     9.399262e+01   2.139126e-03
  000362     9.399497e+01   2.353038e-03
  000363     9.399756e+01   2.588342e-03
  000364     9.400041e+01   2.847176e-03
  000365     9.400354e+01   3.131894e-03
  000366     9.400699e+01   3.445083e-03
  000367     9.401078e+01   3.789592e-03
  000368     9.401494e+01   4.168551e-03
  000369     9.401953e+01   4.585406e-03
  000370     9.402457e+01   5.043946e-03
  000371     9.403012e+01   5.548341e-03
  000372     9.403623e+01   6.103175e-03
  000373     9.404294e+01   6.713493e-03
  000374     9.405032e+01   7.384842e-03
  000375     9.405845e+01   8.123326e-03
  000376     9.406738e+01   8.935659e-03
  000377     9.407721e+01   9.829225e-03
  000378     9.408802e+01   1.081215e-02
  000379     9.409992e+01   1.189336e-02
  000380     9.411300e+01   1.308270e-02
  000381     9.412739e+01   1.439097e-02
  000382     9.414322e+01   1.583006e-02
  000383     9.416063e+01   1.741307e-02
  000384     9.416542e+01   4.788595e-03
  000385     9.417069e+01   5.267454e-03
  000386     9.417359e+01   2.897100e-03
  000387     9.417518e+01   1.593405e-03
  000388     9.417693e+01   1.752745e-03
  000389     9.417790e+01   9.640099e-04
  000390     9.417896e+01   1.060411e-03
  000391     9.418012e+01   1.166452e-03
  000392     9.418141e+01   1.283097e-03
  000393     9.418282e+01   1.411407e-03
  000394     9.418437e+01   1.552548e-03
  000395     9.418608e+01   1.707802e-03
  000396     9.418796e+01   1.878583e-03
  000397     9.419002e+01   2.066441e-03
  000398     9.419230e+01   2.273085e-03
  000399     9.419480e+01   2.500393e-03
  000400     9.419755e+01   2.750433e-03
  000401     9.420057e+01   3.025476e-03
  000402     9.420390e+01   3.328024e-03
  000403     9.420756e+01   3.660826e-03
  000404     9.421159e+01   4.026909e-03
  000405     9.421602e+01   4.429600e-03
  000406     9.422089e+01   4.872560e-03
  000407     9.422625e+01   5.359815e-03
  000408     9.423215e+01   5.895797e-03
  000409     9.423863e+01   6.485377e-03
  000410     9.424577e+01   7.133914e-03
  000411     9.425361e+01   7.847306e-03
  000412     9.426225e+01   8.632036e-03
  000413     9.427174e+01   9.495240e-03
  000414     9.428219e+01   1.044476e-02
  000415     9.429368e+01   1.148924e-02
  000416     9.430631e+01   1.263816e-02
  000417     9.432022e+01   1.390198e-02
  000418     9.433551e+01   1.529218e-02
  000419     9.435233e+01   1.682140e-02
  000420     9.437083e+01   1.850354e-02
  000421     9.439119e+01   2.035389e-02
  000422     9.441358e+01   2.238928e-02
  000423     9.443820e+01   2.462821e-02
  000424     9.446529e+01   2.709103e-02
  000425     9.449509e+01   2.980013e-02
  000426     9.451148e+01   1.639007e-02
  000427     9.452951e+01   1.802908e-02
  000428     9.453943e+01   9.915994e-03
  000429     9.454488e+01   5.453796e-03
  000430     9.455088e+01   5.999176e-03
  000431     9.455748e+01   6.599094e-03
  000432     9.456474e+01   7.259003e-03
  000433     9.457273e+01   7.984903e-03
  000434     9.458151e+01   8.783394e-03
  000435     9.459117e+01   9.661733e-03
  000436     9.460180e+01   1.062791e-02
  000437     9.461349e+01   1.169070e-02
  000438     9.462635e+01   1.285977e-02
  000439     9.464050e+01   1.414574e-02
  000440     9.465606e+01   1.556032e-02
  000441     9.467317e+01   1.711635e-02
  000442     9.469200e+01   1.882798e-02
  000443     9.471271e+01   2.071078e-02
  000444     9.473549e+01   2.278186e-02
  000445     9.476055e+01   2.506005e-02
  000446     9.477434e+01   1.378303e-02
  000447     9.478950e+01   1.516133e-02
  000448     9.480617e+01   1.667746e-02
  000449     9.482452e+01   1.834521e-02
  000450     9.484470e+01   2.017973e-02
  000451     9.486690e+01   2.219770e-02
  000452     9.489131e+01   2.441747e-02
  000453     9.491817e+01   2.685922e-02
  000454     9.494772e+01   2.954514e-02
  000455     9.498022e+01   3.249965e-02
  000456     9.501597e+01   3.574962e-02
  000457     9.505529e+01   3.932458e-02
  000458     9.509855e+01   4.325704e-02
  000459     9.514613e+01   4.758274e-02
  000460     9.519847e+01   5.234102e-02
  000461     9.521287e+01   1.439378e-02
  000462     9.522870e+01   1.583316e-02
  000463     9.524612e+01   1.741647e-02
  000464     9.526527e+01   1.915812e-02
  000465     9.528635e+01   2.107393e-02
  000466     9.530953e+01   2.318133e-02
  000467     9.533503e+01   2.549946e-02
  000468     9.534905e+01   1.402470e-02
  000469     9.536448e+01   1.542717e-02
  000470     9.538145e+01   1.696989e-02
  000471     9.540012e+01   1.866688e-02
  000472     9.542065e+01   2.053357e-02
  000473     9.544324e+01   2.258692e-02
  000474     9.546808e+01   2.484562e-02
  000475     9.549541e+01   2.733018e-02
  000476     9.550293e+01   7.515799e-03
  000477     9.551120e+01   8.267379e-03
  000478     9.552029e+01   9.094117e-03
  000479     9.553030e+01   1.000353e-02
  000480     9.554130e+01   1.100388e-02
  000481     9.555340e+01   1.210427e-02
  000482     9.556672e+01   1.331470e-02
  000483     9.558136e+01   1.464617e-02
  000484     9.559748e+01   1.611078e-02
  000485     9.561520e+01   1.772186e-02
  000486     9.563469e+01   1.949405e-02
  000487     9.565613e+01   2.144345e-02
  000488     9.567972e+01   2.358780e-02
  000489     9.570567e+01   2.594658e-02
  000490     9.573421e+01   2.854123e-02
  000491     9.576561e+01   3.139536e-02
  000492     9.580014e+01   3.453489e-02
  000493     9.583813e+01   3.798838e-02
  000494     9.587992e+01   4.178722e-02
  000495     9.592588e+01   4.596594e-02
  000496     9.597644e+01   5.056254e-02
  000497     9.600000e+01   2.355545e-02
  000498     9.602591e+01   2.591099e-02
  000499     9.605441e+01   2.850209e-02
  000500     9.608577e+01   3.135230e-02
  000501     9.612025e+01   3.448753e-02
  000502     9.615819e+01   3.793628e-02
  000503     9.617905e+01   2.086496e-02
  000504     9.620201e+01   2.295145e-02
  000505     9.622725e+01   2.524660e-02
  000506     9.625502e+01   2.777126e-02
  000507     9.628557e+01   3.054838e-02
  000508     9.630237e+01   1.680161e-02
  000509     9.632086e+01   1.848177e-02
  000510     9.634119e+01   2.032995e-02
  000511     9.636355e+01   2.236294e-02
  000512     9.638815e+01   2.459924e-02
  000513     9.641521e+01   2.705916e-02
  000514     9.644497e+01   2.976508e-02
  000515     9.647771e+01   3.274158e-02
  000516     9.651373e+01   3.601574e-02
  000517     9.655335e+01   3.961732e-02
  000518     9.659693e+01   4.357905e-02
  000519     9.664486e+01   4.793695e-02
  000520     9.669759e+01   5.273065e-02
  000521     9.675560e+01   5.800371e-02
  000522     9.678750e+01   3.190204e-02
  000523     9.682259e+01   3.509225e-02
  000524     9.684189e+01   1.930074e-02
  000525     9.686312e+01   2.123081e-02
  000526     9.688648e+01   2.335389e-02
  000527     9.691217e+01   2.568928e-02
  000528     9.694042e+01   2.825821e-02
  000529     9.697151e+01   3.108403e-02
  000530     9.700570e+01   3.419243e-02
  000531     9.704331e+01   3.761167e-02
  000532     9.708468e+01   4.137284e-02
  000533     9.713019e+01   4.551012e-02
  000534     9.718026e+01   5.006114e-02
  000535     9.723532e+01   5.506725e-02
  000536     9.729590e+01   6.057398e-02
  000537     9.736253e+01   6.663137e-02
  000538     9.743582e+01   7.329451e-02
  000539     9.751645e+01   8.062396e-02
  000540     9.760513e+01   8.868636e-02
  000541     9.770269e+01   9.755499e-02
  000542     9.781000e+01   1.073105e-01
  000543     9.792804e+01   1.180415e-01
  000544     9.805789e+01   1.298457e-01
  000545     9.812930e+01   7.141513e-02
  000546     9.820786e+01   7.855665e-02
  000547     9.825106e+01   4.320616e-02
  000548     9.829859e+01   4.752677e-02
  000549     9.835087e+01   5.227945e-02
  000550     9.840838e+01   5.750739e-02
  000551     9.847164e+01   6.325813e-02
  000552     9.854122e+01   6.958395e-02
  000553     9.861776e+01   7.654234e-02
  000554     9.870196e+01   8.419657e-02
  000555     9.879457e+01   9.261623e-02
  000556     9.889645e+01   1.018779e-01
  000557     9.900852e+01   1.120656e-01
  000558     9.913179e+01   1.232722e-01
  000559     9.919959e+01   6.779971e-02
  000560     9.927417e+01   7.457968e-02
  000561     9.935621e+01   8.203765e-02
  000562     9.944645e+01   9.024142e-02
  000563     9.954571e+01   9.926556e-02
  000564     9.965491e+01   1.091921e-01
  000565     9.977502e+01   1.201113e-01
  000566     9.990714e+01   1.321225e-01
  000567     1.000525e+02   1.453347e-01
  000568     1.001324e+02   7.993409e-02
  000569     1.002203e+02   8.792750e-02
  000570     1.003171e+02   9.672025e-02
  000571     1.004234e+02   1.063923e-01
  000572     1.005405e+02   1.170315e-01
  000573     1.006692e+02   1.287346e-01
  000574     1.008108e+02   1.416081e-01
  000575     1.008887e+02   7.788446e-02
  000576     1.009744e+02   8.567291e-02
  000577     1.010686e+02   9.424020e-02
  000578     1.011723e+02   1.036642e-01
  000579     1.012863e+02   1.140306e-01
  000580     1.014117e+02   1.254337e-01
  000581     1.015497e+02   1.379771e-01
  000582     1.017015e+02   1.517748e-01
  000583     1.017850e+02   8.347613e-02
  000584     1.018768e+02   9.182374e-02
  000585     1.019778e+02   1.010061e-01
  000586     1.020889e+02   1.111067e-01
  000587     1.022111e+02   1.222174e-01
  000588     1.023456e+02   1.344391e-01
  000589     1.024935e+02   1.478831e-01
  000590     1.026561e+02   1.626714e-01
  000591     1.028351e+02   1.789385e-01
  000592     1.029335e+02   9.841617e-02
  000593     1.030417e+02   1.082578e-01
  000594     1.031608e+02   1.190836e-01
  000595     1.032918e+02   1.309919e-01
  000596     1.034359e+02   1.440911e-01
  000597     1.035944e+02   1.585002e-01
  000598     1.037688e+02   1.743503e-01
  000599     1.039605e+02   1.917853e-01
  000600     1.041715e+02   2.109638e-01
  000601     1.044036e+02   2.320602e-01
  000602     1.046588e+02   2.552662e-01
  000603     1.049396e+02   2.807928e-01
  000604     1.052485e+02   3.088721e-01
  000605     1.055883e+02   3.397593e-01
  000606     1.059620e+02   3.737353e-01
  000607     1.063731e+02   4.111088e-01
  000608     1.068253e+02   4.522197e-01
  000609     1.070740e+02   2.487208e-01
  000610     1.073476e+02   2.735929e-01
  000611     1.076486e+02   3.009522e-01
  000612     1.079796e+02   3.310474e-01
  000613     1.083438e+02   3.641521e-01
  000614     1.087444e+02   4.005674e-01
  000615     1.091850e+02   4.406241e-01
  000616     1.096697e+02   4.846865e-01
  000617     1.102028e+02   5.331552e-01
  000618     1.107893e+02   5.864707e-01
  000619     1.114344e+02   6.451177e-01
  000620     1.117892e+02   3.548148e-01
  000621     1.121795e+02   3.902962e-01
  000622     1.126088e+02   4.293259e-01
  000623     1.130811e+02   4.722584e-01
  000624     1.136006e+02   5.194843e-01
  000625     1.141720e+02   5.714327e-01
  000626     1.148006e+02   6.285760e-01
  000627     1.151463e+02   3.457168e-01
  000628     1.155266e+02   3.802885e-01
  000629     1.159449e+02   4.183173e-01
  000630     1.164051e+02   4.601490e-01
  000631     1.169112e+02   5.061639e-01
  000632     1.174680e+02   5.567803e-01
  000633     1.180805e+02   6.124584e-01
  000634     1.187542e+02   6.737042e-01
  000635     1.191247e+02   3.705373e-01
  000636     1.195323e+02   4.075911e-01
  000637     1.199807e+02   4.483502e-01
  000638     1.200000e+02   1.934957e-02
  000639     1.200213e+02   2.128452e-02
  000640     1.200447e+02   2.341298e-02
  000641     1.200705e+02   2.575427e-02
  000642     1.200988e+02   2.832970e-02
  000643     1.201299e+02   3.116267e-02
  000644     1.201642e+02   3.427894e-02
  000645     1.202019e+02   3.770683e-02
  000646     1.202434e+02   4.147752e-02
  000647     1.202890e+02   4.562527e-02
  000648     1.203392e+02   5.018779e-02
  000649     1.203944e+02   5.520657e-02
  000650     1.204552e+02   6.072723e-02
  000651     1.205220e+02   6.679995e-02
  000652     1.205954e+02   7.347995e-02
  000653     1.206763e+02   8.082794e-02
  000654     1.207652e+02   8.891074e-02
  000655     1.208630e+02   9.780181e-02
  000656     1.209706e+02   1.075820e-01
  000657     1.210889e+02   1.183402e-01
  000658     1.212191e+02   1.301742e-01
  000659     1.213623e+02   1.431916e-01
  000660     1.215198e+02   1.575108e-01
  000661     1.216930e+02   1.732619e-01
  000662     1.218836e+02   1.905881e-01
  000663     1.220933e+02   2.096469e-01
  000664     1.223239e+02   2.306116e-01
  000665     1.225776e+02   2.536727e-01
  000666     1.228566e+02   2.790400e-01
  000667     1.231635e+02   3.069440e-01
  000668     1.235012e+02   3.376384e-01
  000669     1.238726e+02   3.714022e-01
  000670     1.242811e+02   4.085424e-01
  000671     1.247305e+02   4.493967e-01
  000672     1.252249e+02   4.943363e-01
  000673     1.257686e+02   5.437700e-01
  000674     1.263668e+02   5.981470e-01
  000675     1.270247e+02   6.579617e-01
  000676     1.277485e+02   7.237578e-01
  000677     1.285446e+02   7.961336e-01
  000678     1.294204e+02   8.757470e-01
  000679     1.303837e+02   9.633217e-01
  000680     1.314433e+02   1.059654e+00
  000681     1.320262e+02   5.828096e-01
  000682     1.326672e+02   6.410906e-01
  000683     1.333724e+02   7.051996e-01
  000684     1.341482e+02   7.757196e-01
  000685     1.350015e+02   8.532916e-01
  000686     1.359401e+02   9.386207e-01
  000687     1.364563e+02   5.162414e-01
  000688     1.365983e+02   1.419664e-01
  000689     1.367544e+02   1.561630e-01
  000690     1.369262e+02   1.717793e-01
  000691     1.371152e+02   1.889573e-01
  000692     1.373230e+02   2.078530e-01
  000693     1.375517e+02   2.286383e-01
  000694     1.378032e+02   2.515021e-01
  000695     1.380798e+02   2.766523e-01
  000696     1.383841e+02   3.043176e-01
  000697     1.387189e+02   3.347493e-01
  000698     1.390871e+02   3.682242e-01
  000699     1.392896e+02   2.025233e-01
  000700     1.395124e+02   2.227757e-01
  000701     1.397575e+02   2.450532e-01
  000702     1.400270e+02   2.695586e-01
  000703     1.403235e+02   2.965144e-01
  000704     1.406497e+02   3.261659e-01
  000705     1.410085e+02   3.587824e-01
  000706     1.414032e+02   3.946607e-01
  000707     1.418373e+02   4.341268e-01
  000708     1.423148e+02   4.775394e-01
  000709     1.428401e+02   5.252934e-01
  000710     1.434179e+02   5.778227e-01
  000711     1.440000e+02   5.820603e-01
  000712     1.446403e+02   6.402663e-01
  000713     1.453446e+02   7.042929e-01
  000714     1.461193e+02   7.747222e-01
  000715     1.469715e+02   8.521944e-01
  000716     1.479089e+02   9.374139e-01
  000717     1.489400e+02   1.031155e+00
  000718     1.500743e+02   1.134271e+00
  000719     1.513220e+02   1.247698e+00
  000720     1.526945e+02   1.372468e+00
  000721     1.542042e+02   1.509714e+00
  000722     1.550345e+02   8.303429e-01
  000723     1.559479e+02   9.133772e-01
  000724     1.569526e+02   1.004715e+00
  000725     1.580578e+02   1.105186e+00
  000726     1.592735e+02   1.215705e+00
  000727     1.606108e+02   1.337276e+00
  000728     1.620818e+02   1.471003e+00
  000729     1.636999e+02   1.618103e+00
  000730     1.645899e+02   8.899569e-01
  000731     1.655688e+02   9.789526e-01
  000732     1.666457e+02   1.076848e+00
  000733     1.678302e+02   1.184533e+00
  000734     1.680000e+02   1.698058e-01
  000735     1.681868e+02   1.867864e-01
  000736     1.683923e+02   2.054650e-01
  000737     1.686183e+02   2.260116e-01
  000738     1.688669e+02   2.486127e-01
  000739     1.690000e+02   1.331243e-01

END Log Info
==============================================
==============================================
BEGIN Log Info (Globals)

Run Name: /home/patras/PF-Valmalenco/scripts/run/tmp/SeepBox_UZ
Logging Level = 1
Num processes = 9
Process grid = (3,3,1)

END Log Info
==============================================
==============================================
BEGIN Log Info (Timing)

Solver Setup:
  wall clock time   = 0.387600 seconds
  wall MFLOPS = 0.000000 (0)
Solver:
  wall clock time   = 20689.575100 seconds
  wall MFLOPS = 7.021626 (1.45274e+11)
Richards Exclude 1st Time Step:
  wall clock time   = 20683.296800 seconds
  wall MFLOPS = 7.023253 (1.45264e+11)
Solver Cleanup:
  wall clock time   = 0.031000 seconds
  wall MFLOPS = 0.000000 (0)
Matvec:
  wall clock time   = 248.707900 seconds
  wall MFLOPS = 185.334663 (4.60942e+10)
PFSB I/O:
  wall clock time   = 0.000000 seconds
  wall MFLOPS = 0.000000 (0)
PFB I/O:
  wall clock time   = 1.243200 seconds
  wall MFLOPS = 0.000000 (0)
CLM:
  wall clock time   = 0.153100 seconds
  wall MFLOPS = 0.000000 (0)
PFSOL Read:
  wall clock time   = 0.000000 seconds
  wall MFLOPS = 0.000000 (0)
Clustering:
  wall clock time   = 2.608700 seconds
  wall MFLOPS = 0.000000 (0)
Netcdf I/O:
  wall clock time   = 0.000000 seconds
  wall MFLOPS = 0.000000 (0)
Permeability Face:
  wall clock time   = 0.000000 seconds
  wall MFLOPS = 0.000000 (0)
Godunov Advection:
  wall clock time   = 0.000000 seconds
  wall MFLOPS = 0.000000 (0)
Geometries:
  wall clock time   = 0.656300 seconds
  wall MFLOPS = 0.000000 (0)
SubsrfSim:
  wall clock time   = 0.124800 seconds
  wall MFLOPS = 0.000000 (0)
Porosity:
  wall clock time   = 0.000100 seconds
  wall MFLOPS = 0.000000 (0)
PhaseRelPerm:
  wall clock time   = 202.695700 seconds
  wall MFLOPS = 0.000855 (173209)
PFMG:
  wall clock time   = 5107.077400 seconds
  wall MFLOPS = 0.000000 (0)
HYPRE_Copies:
  wall clock time   = 230.155400 seconds
  wall MFLOPS = 0.000000 (0)
NL_F_Eval:
  wall clock time   = 1501.209800 seconds
  wall MFLOPS = 0.000060 (90289)
KINSol:
  wall clock time   = 20675.229200 seconds
  wall MFLOPS = 7.026498 (1.45274e+11)

END Log Info
==============================================
==============================================
BEGIN Log Info (ParFlow Total Time)

Total Run Time: 20694.073600 seconds

Maximum memory used on processor 0 : 40 MB
Maximum memory used on processor 1 : 16 MB
Maximum memory used on processor 2 : 14 MB
Maximum memory used on processor 3 : 16 MB
Maximum memory used on processor 4 : 17 MB
Maximum memory used on processor 5 : 15 MB
Maximum memory used on processor 6 : 15 MB
Maximum memory used on processor 7 : 16 MB
Maximum memory used on processor 8 : 15 MB


BEGIN(Contents of /proc/29491/status)
Name:	parflow
Umask:	0022
State:	R (running)
Tgid:	29491
Ngid:	0
Pid:	29491
PPid:	29487
TracerPid:	0
Uid:	1000	1000	1000	1000
Gid:	1000	1000	1000	1000
FDSize:	64
Groups:	4 20 24 25 27 29 30 44 46 116 1000 
NStgid:	29491
NSpid:	29491
NSpgid:	29491
NSsid:	27105
VmPeak:	  253848 kB
VmSize:	  226272 kB
VmLck:	       0 kB
VmPin:	       0 kB
VmHWM:	   36576 kB
VmRSS:	   29132 kB
RssAnon:	   16860 kB
RssFile:	   11348 kB
RssShmem:	     924 kB
VmData:	   32956 kB
VmStk:	     136 kB
VmExe:	    3924 kB
VmLib:	    9288 kB
VmPTE:	     200 kB
VmSwap:	       0 kB
HugetlbPages:	       0 kB
CoreDumping:	0
THP_enabled:	1
Threads:	3
SigQ:	0/256667
SigPnd:	0000000000000000
ShdPnd:	0000000000000000
SigBlk:	0000000000000000
SigIgn:	0000000280000000
SigCgt:	00000001000004e0
CapInh:	0000000000000000
CapPrm:	0000000000000000
CapEff:	0000000000000000
CapBnd:	000001ffffffffff
CapAmb:	0000000000000000
NoNewPrivs:	0
Seccomp:	0
Seccomp_filters:	0
Speculation_Store_Bypass:	thread vulnerable
Cpus_allowed:	fffff
Cpus_allowed_list:	0-19
Mems_allowed:	1
Mems_allowed_list:	0
voluntary_ctxt_switches:	97
nonvoluntary_ctxt_switches:	9180


END(Contents of /proc/29491/status)

Memory in use : 3 MB in 414 allocs, 13 MB reserved ( 11 unused)


END Log Info
==============================================
