*****************************************************************************
ParFlow Output Log
	Version         : v3.9.0
	Compiled on     : Feb 21 2024 14:43:57
*****************************************************************************
==============================================
BEGIN Log Info (SolverRichards)

Transient Problem Solved.
-------------------------

Total Timesteps: 570

-------------------------
Sequence #       Time         \Delta t         Dumpfile #   Recompute?
----------   ------------   ------------ -     ----------   ----------
  000000     0.000000e+00   0.000000e+00 i       000000          n
  000001     2.500000e+00   2.500000e+00 p                       y
  000002     7.500000e+00   5.000000e+00 p                       y
  000003     1.250000e+01   5.000000e+00 p                       y
  000004     1.750000e+01   5.000000e+00 p                       y
  000005     2.250000e+01   5.000000e+00 p                       y
  000006     2.500000e+01   2.500000e+00 p                       y
  000007     3.000000e+01   5.000000e+00 p                       y
  000008     3.125000e+01   1.250000e+00 p                       y
  000009     3.625000e+01   5.000000e+00 p                       y
  000010     3.875000e+01   2.500000e+00 p                       y
  000011     4.375000e+01   5.000000e+00 p                       y
  000012     4.500000e+01   1.250000e+00 p                       y
  000013     4.750000e+01   2.500000e+00 p                       y
  000014     5.000000e+01   2.500000e+00 p                       y
  000015     5.500000e+01   5.000000e+00 p                       y
  000016     5.750000e+01   2.500000e+00 p                       y
  000017     6.000000e+01   2.500000e+00 p                       y
  000018     6.500000e+01   5.000000e+00 p                       y
  000019     6.750000e+01   2.500000e+00 p                       y
  000020     7.000000e+01   2.500000e+00 p                       y
  000021     7.250000e+01   2.500000e+00 p                       y
  000022     7.500000e+01   2.500000e+00 p                       y
  000023     8.000000e+01   5.000000e+00 p                       y
  000024     8.500000e+01   5.000000e+00 p                       y
  000025     8.750000e+01   2.500000e+00 p                       y
  000026     9.000000e+01   2.500000e+00 p                       y
  000027     9.500000e+01   5.000000e+00 p                       y
  000028     1.000000e+02   5.000000e+00 p                       y
  000029     1.100000e+02   1.000000e+01 p                       y
  000030     1.150000e+02   5.000000e+00 p                       y
  000031     1.175000e+02   2.500000e+00 p                       y
  000032     1.200000e+02   2.500000e+00 p                       y
  000033     1.225000e+02   2.500000e+00 p                       y
  000034     1.275000e+02   5.000000e+00 p                       y
  000035     1.325000e+02   5.000000e+00 p                       y
  000036     1.350000e+02   2.500000e+00 p                       y
  000037     1.375000e+02   2.500000e+00 p                       y
  000038     1.425000e+02   5.000000e+00 p                       y
  000039     1.475000e+02   5.000000e+00 p                       y
  000040     1.500000e+02   2.500000e+00 p                       y
  000041     1.550000e+02   5.000000e+00 p                       y
  000042     1.600000e+02   5.000000e+00 p                       y
  000043     1.625000e+02   2.500000e+00 p                       y
  000044     1.650000e+02   2.500000e+00 p                       y
  000045     1.675000e+02   2.500000e+00 p                       y
  000046     1.725000e+02   5.000000e+00 p                       y
  000047     1.737500e+02   1.250000e+00 p                       y
  000048     1.762500e+02   2.500000e+00 p                       y
  000049     1.787500e+02   2.500000e+00 p                       y
  000050     1.837500e+02   5.000000e+00 p                       y
  000051     1.878125e+02   4.062500e+00 p                       y
  000052     1.908594e+02   3.046875e+00 p                       y
  000053     1.931445e+02   2.285156e+00 p                       y
  000054     1.965723e+02   3.427734e+00 p                       y
  000055     2.000000e+02   3.427734e+00 p       000001          y
  000056     2.050000e+02   5.000000e+00 p                       y
  000057     2.075000e+02   2.500000e+00 p                       y
  000058     2.100000e+02   2.500000e+00 p                       y
  000059     2.125000e+02   2.500000e+00 p                       y
  000060     2.150000e+02   2.500000e+00 p                       y
  000061     2.175000e+02   2.500000e+00 p                       y
  000062     2.200000e+02   2.500000e+00 p                       y
  000063     2.250000e+02   5.000000e+00 p                       y
  000064     2.275000e+02   2.500000e+00 p                       y
  000065     2.300000e+02   2.500000e+00 p                       y
  000066     2.325000e+02   2.500000e+00 p                       y
  000067     2.375000e+02   5.000000e+00 p                       y
  000068     2.400000e+02   2.500000e+00 p                       y
  000069     2.425000e+02   2.500000e+00 p                       y
  000070     2.450000e+02   2.500000e+00 p                       y
  000071     2.475000e+02   2.500000e+00 p                       y
  000072     2.500000e+02   2.500000e+00 p                       y
  000073     2.525000e+02   2.500000e+00 p                       y
  000074     2.550000e+02   2.500000e+00 p                       y
  000075     2.575000e+02   2.500000e+00 p                       y
  000076     2.600000e+02   2.500000e+00 p                       y
  000077     2.625000e+02   2.500000e+00 p                       y
  000078     2.650000e+02   2.500000e+00 p                       y
  000079     2.675000e+02   2.500000e+00 p                       y
  000080     2.700000e+02   2.500000e+00 p                       y
  000081     2.725000e+02   2.500000e+00 p                       y
  000082     2.750000e+02   2.500000e+00 p                       y
  000083     2.775000e+02   2.500000e+00 p                       y
  000084     2.800000e+02   2.500000e+00 p                       y
  000085     2.825000e+02   2.500000e+00 p                       y
  000086     2.850000e+02   2.500000e+00 p                       y
  000087     2.875000e+02   2.500000e+00 p                       y
  000088     2.900000e+02   2.500000e+00 p                       y
  000089     2.925000e+02   2.500000e+00 p                       y
  000090     2.950000e+02   2.500000e+00 p                       y
  000091     2.975000e+02   2.500000e+00 p                       y
  000092     3.000000e+02   2.500000e+00 p                       y
  000093     3.025000e+02   2.500000e+00 p                       y
  000094     3.050000e+02   2.500000e+00 p                       y
  000095     3.075000e+02   2.500000e+00 p                       y
  000096     3.100000e+02   2.500000e+00 p                       y
  000097     3.125000e+02   2.500000e+00 p                       y
  000098     3.150000e+02   2.500000e+00 p                       y
  000099     3.175000e+02   2.500000e+00 p                       y
  000100     3.200000e+02   2.500000e+00 p                       y
  000101     3.225000e+02   2.500000e+00 p                       y
  000102     3.250000e+02   2.500000e+00 p                       y
  000103     3.275000e+02   2.500000e+00 p                       y
  000104     3.300000e+02   2.500000e+00 p                       y
  000105     3.325000e+02   2.500000e+00 p                       y
  000106     3.350000e+02   2.500000e+00 p                       y
  000107     3.375000e+02   2.500000e+00 p                       y
  000108     3.400000e+02   2.500000e+00 p                       y
  000109     3.425000e+02   2.500000e+00 p                       y
  000110     3.450000e+02   2.500000e+00 p                       y
  000111     3.475000e+02   2.500000e+00 p                       y
  000112     3.500000e+02   2.500000e+00 p                       y
  000113     3.525000e+02   2.500000e+00 p                       y
  000114     3.550000e+02   2.500000e+00 p                       y
  000115     3.575000e+02   2.500000e+00 p                       y
  000116     3.600000e+02   2.500000e+00 p                       y
  000117     3.625000e+02   2.500000e+00 p                       y
  000118     3.650000e+02   2.500000e+00 p                       y
  000119     3.675000e+02   2.500000e+00 p                       y
  000120     3.700000e+02   2.500000e+00 p                       y
  000121     3.725000e+02   2.500000e+00 p                       y
  000122     3.750000e+02   2.500000e+00 p                       y
  000123     3.775000e+02   2.500000e+00 p                       y
  000124     3.800000e+02   2.500000e+00 p                       y
  000125     3.825000e+02   2.500000e+00 p                       y
  000126     3.846875e+02   2.187500e+00 p                       y
  000127     3.885156e+02   3.828125e+00 p                       y
  000128     3.913867e+02   2.871094e+00 p                       y
  000129     3.935400e+02   2.153320e+00 p                       y
  000130     3.967700e+02   3.229980e+00 p                       y
  000131     4.000000e+02   3.229980e+00 p       000002          y
  000132     4.025000e+02   2.500000e+00 p                       y
  000133     4.050000e+02   2.500000e+00 p                       y
  000134     4.075000e+02   2.500000e+00 p                       y
  000135     4.100000e+02   2.500000e+00 p                       y
  000136     4.125000e+02   2.500000e+00 p                       y
  000137     4.150000e+02   2.500000e+00 p                       y
  000138     4.175000e+02   2.500000e+00 p                       y
  000139     4.200000e+02   2.500000e+00 p                       y
  000140     4.225000e+02   2.500000e+00 p                       y
  000141     4.250000e+02   2.500000e+00 p                       y
  000142     4.275000e+02   2.500000e+00 p                       y
  000143     4.300000e+02   2.500000e+00 p                       y
  000144     4.325000e+02   2.500000e+00 p                       y
  000145     4.350000e+02   2.500000e+00 p                       y
  000146     4.375000e+02   2.500000e+00 p                       y
  000147     4.400000e+02   2.500000e+00 p                       y
  000148     4.425000e+02   2.500000e+00 p                       y
  000149     4.450000e+02   2.500000e+00 p                       y
  000150     4.475000e+02   2.500000e+00 p                       y
  000151     4.500000e+02   2.500000e+00 p                       y
  000152     4.525000e+02   2.500000e+00 p                       y
  000153     4.550000e+02   2.500000e+00 p                       y
  000154     4.575000e+02   2.500000e+00 p                       y
  000155     4.600000e+02   2.500000e+00 p                       y
  000156     4.625000e+02   2.500000e+00 p                       y
  000157     4.650000e+02   2.500000e+00 p                       y
  000158     4.675000e+02   2.500000e+00 p                       y
  000159     4.700000e+02   2.500000e+00 p                       y
  000160     4.725000e+02   2.500000e+00 p                       y
  000161     4.750000e+02   2.500000e+00 p                       y
  000162     4.775000e+02   2.500000e+00 p                       y
  000163     4.800000e+02   2.500000e+00 p                       y
  000164     4.825000e+02   2.500000e+00 p                       y
  000165     4.850000e+02   2.500000e+00 p                       y
  000166     4.875000e+02   2.500000e+00 p                       y
  000167     4.900000e+02   2.500000e+00 p                       y
  000168     4.925000e+02   2.500000e+00 p                       y
  000169     4.950000e+02   2.500000e+00 p                       y
  000170     4.975000e+02   2.500000e+00 p                       y
  000171     5.000000e+02   2.500000e+00 p                       y
  000172     5.025000e+02   2.500000e+00 p                       y
  000173     5.050000e+02   2.500000e+00 p                       y
  000174     5.075000e+02   2.500000e+00 p                       y
  000175     5.100000e+02   2.500000e+00 p                       y
  000176     5.125000e+02   2.500000e+00 p                       y
  000177     5.150000e+02   2.500000e+00 p                       y
  000178     5.175000e+02   2.500000e+00 p                       y
  000179     5.200000e+02   2.500000e+00 p                       y
  000180     5.225000e+02   2.500000e+00 p                       y
  000181     5.250000e+02   2.500000e+00 p                       y
  000182     5.275000e+02   2.500000e+00 p                       y
  000183     5.300000e+02   2.500000e+00 p                       y
  000184     5.325000e+02   2.500000e+00 p                       y
  000185     5.350000e+02   2.500000e+00 p                       y
  000186     5.375000e+02   2.500000e+00 p                       y
  000187     5.400000e+02   2.500000e+00 p                       y
  000188     5.425000e+02   2.500000e+00 p                       y
  000189     5.450000e+02   2.500000e+00 p                       y
  000190     5.475000e+02   2.500000e+00 p                       y
  000191     5.500000e+02   2.500000e+00 p                       y
  000192     5.525000e+02   2.500000e+00 p                       y
  000193     5.550000e+02   2.500000e+00 p                       y
  000194     5.575000e+02   2.500000e+00 p                       y
  000195     5.600000e+02   2.500000e+00 p                       y
  000196     5.625000e+02   2.500000e+00 p                       y
  000197     5.650000e+02   2.500000e+00 p                       y
  000198     5.675000e+02   2.500000e+00 p                       y
  000199     5.700000e+02   2.500000e+00 p                       y
  000200     5.725000e+02   2.500000e+00 p                       y
  000201     5.750000e+02   2.500000e+00 p                       y
  000202     5.775000e+02   2.500000e+00 p                       y
  000203     5.800000e+02   2.500000e+00 p                       y
  000204     5.825000e+02   2.500000e+00 p                       y
  000205     5.846875e+02   2.187500e+00 p                       y
  000206     5.885156e+02   3.828125e+00 p                       y
  000207     5.913867e+02   2.871094e+00 p                       y
  000208     5.935400e+02   2.153320e+00 p                       y
  000209     5.967700e+02   3.229980e+00 p                       y
  000210     6.000000e+02   3.229980e+00 p       000003          y
  000211     6.025000e+02   2.500000e+00 p                       y
  000212     6.050000e+02   2.500000e+00 p                       y
  000213     6.075000e+02   2.500000e+00 p                       y
  000214     6.100000e+02   2.500000e+00 p                       y
  000215     6.125000e+02   2.500000e+00 p                       y
  000216     6.150000e+02   2.500000e+00 p                       y
  000217     6.175000e+02   2.500000e+00 p                       y
  000218     6.200000e+02   2.500000e+00 p                       y
  000219     6.225000e+02   2.500000e+00 p                       y
  000220     6.250000e+02   2.500000e+00 p                       y
  000221     6.275000e+02   2.500000e+00 p                       y
  000222     6.300000e+02   2.500000e+00 p                       y
  000223     6.325000e+02   2.500000e+00 p                       y
  000224     6.350000e+02   2.500000e+00 p                       y
  000225     6.375000e+02   2.500000e+00 p                       y
  000226     6.400000e+02   2.500000e+00 p                       y
  000227     6.425000e+02   2.500000e+00 p                       y
  000228     6.450000e+02   2.500000e+00 p                       y
  000229     6.475000e+02   2.500000e+00 p                       y
  000230     6.500000e+02   2.500000e+00 p                       y
  000231     6.525000e+02   2.500000e+00 p                       y
  000232     6.550000e+02   2.500000e+00 p                       y
  000233     6.575000e+02   2.500000e+00 p                       y
  000234     6.600000e+02   2.500000e+00 p                       y
  000235     6.625000e+02   2.500000e+00 p                       y
  000236     6.650000e+02   2.500000e+00 p                       y
  000237     6.675000e+02   2.500000e+00 p                       y
  000238     6.700000e+02   2.500000e+00 p                       y
  000239     6.725000e+02   2.500000e+00 p                       y
  000240     6.750000e+02   2.500000e+00 p                       y
  000241     6.775000e+02   2.500000e+00 p                       y
  000242     6.800000e+02   2.500000e+00 p                       y
  000243     6.825000e+02   2.500000e+00 p                       y
  000244     6.850000e+02   2.500000e+00 p                       y
  000245     6.875000e+02   2.500000e+00 p                       y
  000246     6.900000e+02   2.500000e+00 p                       y
  000247     6.925000e+02   2.500000e+00 p                       y
  000248     6.950000e+02   2.500000e+00 p                       y
  000249     6.975000e+02   2.500000e+00 p                       y
  000250     7.000000e+02   2.500000e+00 p                       y
  000251     7.025000e+02   2.500000e+00 p                       y
  000252     7.050000e+02   2.500000e+00 p                       y
  000253     7.075000e+02   2.500000e+00 p                       y
  000254     7.100000e+02   2.500000e+00 p                       y
  000255     7.125000e+02   2.500000e+00 p                       y
  000256     7.150000e+02   2.500000e+00 p                       y
  000257     7.175000e+02   2.500000e+00 p                       y
  000258     7.200000e+02   2.500000e+00 p                       y
  000259     7.225000e+02   2.500000e+00 p                       y
  000260     7.250000e+02   2.500000e+00 p                       y
  000261     7.275000e+02   2.500000e+00 p                       y
  000262     7.300000e+02   2.500000e+00 p                       y
  000263     7.325000e+02   2.500000e+00 p                       y
  000264     7.350000e+02   2.500000e+00 p                       y
  000265     7.375000e+02   2.500000e+00 p                       y
  000266     7.400000e+02   2.500000e+00 p                       y
  000267     7.425000e+02   2.500000e+00 p                       y
  000268     7.450000e+02   2.500000e+00 p                       y
  000269     7.475000e+02   2.500000e+00 p                       y
  000270     7.500000e+02   2.500000e+00 p                       y
  000271     7.525000e+02   2.500000e+00 p                       y
  000272     7.550000e+02   2.500000e+00 p                       y
  000273     7.575000e+02   2.500000e+00 p                       y
  000274     7.600000e+02   2.500000e+00 p                       y
  000275     7.625000e+02   2.500000e+00 p                       y
  000276     7.650000e+02   2.500000e+00 p                       y
  000277     7.675000e+02   2.500000e+00 p                       y
  000278     7.700000e+02   2.500000e+00 p                       y
  000279     7.725000e+02   2.500000e+00 p                       y
  000280     7.750000e+02   2.500000e+00 p                       y
  000281     7.775000e+02   2.500000e+00 p                       y
  000282     7.800000e+02   2.500000e+00 p                       y
  000283     7.825000e+02   2.500000e+00 p                       y
  000284     7.846875e+02   2.187500e+00 p                       y
  000285     7.885156e+02   3.828125e+00 p                       y
  000286     7.913867e+02   2.871094e+00 p                       y
  000287     7.935400e+02   2.153320e+00 p                       y
  000288     7.967700e+02   3.229980e+00 p                       y
  000289     8.000000e+02   3.229980e+00 p       000004          y
  000290     8.025000e+02   2.500000e+00 p                       y
  000291     8.050000e+02   2.500000e+00 p                       y
  000292     8.075000e+02   2.500000e+00 p                       y
  000293     8.100000e+02   2.500000e+00 p                       y
  000294     8.125000e+02   2.500000e+00 p                       y
  000295     8.150000e+02   2.500000e+00 p                       y
  000296     8.175000e+02   2.500000e+00 p                       y
  000297     8.200000e+02   2.500000e+00 p                       y
  000298     8.225000e+02   2.500000e+00 p                       y
  000299     8.250000e+02   2.500000e+00 p                       y
  000300     8.275000e+02   2.500000e+00 p                       y
  000301     8.300000e+02   2.500000e+00 p                       y
  000302     8.325000e+02   2.500000e+00 p                       y
  000303     8.350000e+02   2.500000e+00 p                       y
  000304     8.375000e+02   2.500000e+00 p                       y
  000305     8.400000e+02   2.500000e+00 p                       y
  000306     8.425000e+02   2.500000e+00 p                       y
  000307     8.450000e+02   2.500000e+00 p                       y
  000308     8.475000e+02   2.500000e+00 p                       y
  000309     8.500000e+02   2.500000e+00 p                       y
  000310     8.525000e+02   2.500000e+00 p                       y
  000311     8.550000e+02   2.500000e+00 p                       y
  000312     8.575000e+02   2.500000e+00 p                       y
  000313     8.600000e+02   2.500000e+00 p                       y
  000314     8.625000e+02   2.500000e+00 p                       y
  000315     8.650000e+02   2.500000e+00 p                       y
  000316     8.675000e+02   2.500000e+00 p                       y
  000317     8.700000e+02   2.500000e+00 p                       y
  000318     8.725000e+02   2.500000e+00 p                       y
  000319     8.750000e+02   2.500000e+00 p                       y
  000320     8.775000e+02   2.500000e+00 p                       y
  000321     8.825000e+02   5.000000e+00 p                       y
  000322     8.875000e+02   5.000000e+00 p                       y
  000323     8.925000e+02   5.000000e+00 p                       y
  000324     8.975000e+02   5.000000e+00 p                       y
  000325     9.025000e+02   5.000000e+00 p                       y
  000326     9.075000e+02   5.000000e+00 p                       y
  000327     9.125000e+02   5.000000e+00 p                       y
  000328     9.175000e+02   5.000000e+00 p                       y
  000329     9.225000e+02   5.000000e+00 p                       y
  000330     9.275000e+02   5.000000e+00 p                       y
  000331     9.325000e+02   5.000000e+00 p                       y
  000332     9.375000e+02   5.000000e+00 p                       y
  000333     9.425000e+02   5.000000e+00 p                       y
  000334     9.475000e+02   5.000000e+00 p                       y
  000335     9.525000e+02   5.000000e+00 p                       y
  000336     9.575000e+02   5.000000e+00 p                       y
  000337     9.625000e+02   5.000000e+00 p                       y
  000338     9.675000e+02   5.000000e+00 p                       y
  000339     9.725000e+02   5.000000e+00 p                       y
  000340     9.775000e+02   5.000000e+00 p                       y
  000341     9.825000e+02   5.000000e+00 p                       y
  000342     9.868750e+02   4.375000e+00 p                       y
  000343     9.934375e+02   6.562500e+00 p                       y
  000344     1.000000e+03   6.562500e+00 p       000005          y
  000345     1.005000e+03   5.000000e+00 p                       y
  000346     1.010000e+03   5.000000e+00 p                       y
  000347     1.012500e+03   2.500000e+00 p                       y
  000348     1.015000e+03   2.500000e+00 p                       y
  000349     1.017500e+03   2.500000e+00 p                       y
  000350     1.020000e+03   2.500000e+00 p                       y
  000351     1.022500e+03   2.500000e+00 p                       y
  000352     1.025000e+03   2.500000e+00 p                       y
  000353     1.027500e+03   2.500000e+00 p                       y
  000354     1.030000e+03   2.500000e+00 p                       y
  000355     1.032500e+03   2.500000e+00 p                       y
  000356     1.035000e+03   2.500000e+00 p                       y
  000357     1.037500e+03   2.500000e+00 p                       y
  000358     1.040000e+03   2.500000e+00 p                       y
  000359     1.042500e+03   2.500000e+00 p                       y
  000360     1.045000e+03   2.500000e+00 p                       y
  000361     1.047500e+03   2.500000e+00 p                       y
  000362     1.050000e+03   2.500000e+00 p                       y
  000363     1.052500e+03   2.500000e+00 p                       y
  000364     1.055000e+03   2.500000e+00 p                       y
  000365     1.057500e+03   2.500000e+00 p                       y
  000366     1.060000e+03   2.500000e+00 p                       y
  000367     1.062500e+03   2.500000e+00 p                       y
  000368     1.065000e+03   2.500000e+00 p                       y
  000369     1.067500e+03   2.500000e+00 p                       y
  000370     1.070000e+03   2.500000e+00 p                       y
  000371     1.072500e+03   2.500000e+00 p                       y
  000372     1.075000e+03   2.500000e+00 p                       y
  000373     1.077500e+03   2.500000e+00 p                       y
  000374     1.082500e+03   5.000000e+00 p                       y
  000375     1.087500e+03   5.000000e+00 p                       y
  000376     1.092500e+03   5.000000e+00 p                       y
  000377     1.097500e+03   5.000000e+00 p                       y
  000378     1.102500e+03   5.000000e+00 p                       y
  000379     1.107500e+03   5.000000e+00 p                       y
  000380     1.112500e+03   5.000000e+00 p                       y
  000381     1.117500e+03   5.000000e+00 p                       y
  000382     1.122500e+03   5.000000e+00 p                       y
  000383     1.127500e+03   5.000000e+00 p                       y
  000384     1.132500e+03   5.000000e+00 p                       y
  000385     1.137500e+03   5.000000e+00 p                       y
  000386     1.142500e+03   5.000000e+00 p                       y
  000387     1.147500e+03   5.000000e+00 p                       y
  000388     1.152500e+03   5.000000e+00 p                       y
  000389     1.157500e+03   5.000000e+00 p                       y
  000390     1.162500e+03   5.000000e+00 p                       y
  000391     1.167500e+03   5.000000e+00 p                       y
  000392     1.172500e+03   5.000000e+00 p                       y
  000393     1.177500e+03   5.000000e+00 p                       y
  000394     1.182500e+03   5.000000e+00 p                       y
  000395     1.186875e+03   4.375000e+00 p                       y
  000396     1.193438e+03   6.562500e+00 p                       y
  000397     1.200000e+03   6.562500e+00 p       000006          y
  000398     1.205000e+03   5.000000e+00 p                       y
  000399     1.210000e+03   5.000000e+00 p                       y
  000400     1.215000e+03   5.000000e+00 p                       y
  000401     1.220000e+03   5.000000e+00 p                       y
  000402     1.222500e+03   2.500000e+00 p                       y
  000403     1.225000e+03   2.500000e+00 p                       y
  000404     1.230000e+03   5.000000e+00 p                       y
  000405     1.235000e+03   5.000000e+00 p                       y
  000406     1.240000e+03   5.000000e+00 p                       y
  000407     1.245000e+03   5.000000e+00 p                       y
  000408     1.250000e+03   5.000000e+00 p                       y
  000409     1.255000e+03   5.000000e+00 p                       y
  000410     1.260000e+03   5.000000e+00 p                       y
  000411     1.265000e+03   5.000000e+00 p                       y
  000412     1.270000e+03   5.000000e+00 p                       y
  000413     1.275000e+03   5.000000e+00 p                       y
  000414     1.280000e+03   5.000000e+00 p                       y
  000415     1.285000e+03   5.000000e+00 p                       y
  000416     1.290000e+03   5.000000e+00 p                       y
  000417     1.295000e+03   5.000000e+00 p                       y
  000418     1.300000e+03   5.000000e+00 p                       y
  000419     1.305000e+03   5.000000e+00 p                       y
  000420     1.310000e+03   5.000000e+00 p                       y
  000421     1.315000e+03   5.000000e+00 p                       y
  000422     1.320000e+03   5.000000e+00 p                       y
  000423     1.325000e+03   5.000000e+00 p                       y
  000424     1.330000e+03   5.000000e+00 p                       y
  000425     1.335000e+03   5.000000e+00 p                       y
  000426     1.340000e+03   5.000000e+00 p                       y
  000427     1.345000e+03   5.000000e+00 p                       y
  000428     1.350000e+03   5.000000e+00 p                       y
  000429     1.355000e+03   5.000000e+00 p                       y
  000430     1.360000e+03   5.000000e+00 p                       y
  000431     1.365000e+03   5.000000e+00 p                       y
  000432     1.370000e+03   5.000000e+00 p                       y
  000433     1.375000e+03   5.000000e+00 p                       y
  000434     1.380000e+03   5.000000e+00 p                       y
  000435     1.385000e+03   5.000000e+00 p                       y
  000436     1.388750e+03   3.750000e+00 p                       y
  000437     1.394375e+03   5.625000e+00 p                       y
  000438     1.400000e+03   5.625000e+00 p       000007          y
  000439     1.405000e+03   5.000000e+00 p                       y
  000440     1.410000e+03   5.000000e+00 p                       y
  000441     1.415000e+03   5.000000e+00 p                       y
  000442     1.420000e+03   5.000000e+00 p                       y
  000443     1.425000e+03   5.000000e+00 p                       y
  000444     1.430000e+03   5.000000e+00 p                       y
  000445     1.435000e+03   5.000000e+00 p                       y
  000446     1.440000e+03   5.000000e+00 p                       y
  000447     1.445000e+03   5.000000e+00 p                       y
  000448     1.450000e+03   5.000000e+00 p                       y
  000449     1.455000e+03   5.000000e+00 p                       y
  000450     1.460000e+03   5.000000e+00 p                       y
  000451     1.465000e+03   5.000000e+00 p                       y
  000452     1.470000e+03   5.000000e+00 p                       y
  000453     1.475000e+03   5.000000e+00 p                       y
  000454     1.480000e+03   5.000000e+00 p                       y
  000455     1.485000e+03   5.000000e+00 p                       y
  000456     1.490000e+03   5.000000e+00 p                       y
  000457     1.495000e+03   5.000000e+00 p                       y
  000458     1.500000e+03   5.000000e+00 p                       y
  000459     1.505000e+03   5.000000e+00 p                       y
  000460     1.510000e+03   5.000000e+00 p                       y
  000461     1.515000e+03   5.000000e+00 p                       y
  000462     1.520000e+03   5.000000e+00 p                       y
  000463     1.525000e+03   5.000000e+00 p                       y
  000464     1.530000e+03   5.000000e+00 p                       y
  000465     1.535000e+03   5.000000e+00 p                       y
  000466     1.540000e+03   5.000000e+00 p                       y
  000467     1.545000e+03   5.000000e+00 p                       y
  000468     1.550000e+03   5.000000e+00 p                       y
  000469     1.555000e+03   5.000000e+00 p                       y
  000470     1.560000e+03   5.000000e+00 p                       y
  000471     1.565000e+03   5.000000e+00 p                       y
  000472     1.570000e+03   5.000000e+00 p                       y
  000473     1.575000e+03   5.000000e+00 p                       y
  000474     1.580000e+03   5.000000e+00 p                       y
  000475     1.585000e+03   5.000000e+00 p                       y
  000476     1.588750e+03   3.750000e+00 p                       y
  000477     1.594375e+03   5.625000e+00 p                       y
  000478     1.600000e+03   5.625000e+00 p       000008          y
  000479     1.605000e+03   5.000000e+00 p                       y
  000480     1.610000e+03   5.000000e+00 p                       y
  000481     1.615000e+03   5.000000e+00 p                       y
  000482     1.620000e+03   5.000000e+00 p                       y
  000483     1.625000e+03   5.000000e+00 p                       y
  000484     1.630000e+03   5.000000e+00 p                       y
  000485     1.635000e+03   5.000000e+00 p                       y
  000486     1.640000e+03   5.000000e+00 p                       y
  000487     1.645000e+03   5.000000e+00 p                       y
  000488     1.650000e+03   5.000000e+00 p                       y
  000489     1.655000e+03   5.000000e+00 p                       y
  000490     1.657500e+03   2.500000e+00 p                       y
  000491     1.660000e+03   2.500000e+00 p                       y
  000492     1.662500e+03   2.500000e+00 p                       y
  000493     1.665000e+03   2.500000e+00 p                       y
  000494     1.667500e+03   2.500000e+00 p                       y
  000495     1.670000e+03   2.500000e+00 p                       y
  000496     1.672500e+03   2.500000e+00 p                       y
  000497     1.675000e+03   2.500000e+00 p                       y
  000498     1.677500e+03   2.500000e+00 p                       y
  000499     1.680000e+03   2.500000e+00 p                       y
  000500     1.682500e+03   2.500000e+00 p                       y
  000501     1.685000e+03   2.500000e+00 p                       y
  000502     1.687500e+03   2.500000e+00 p                       y
  000503     1.690000e+03   2.500000e+00 p                       y
  000504     1.692500e+03   2.500000e+00 p                       y
  000505     1.695000e+03   2.500000e+00 p                       y
  000506     1.697500e+03   2.500000e+00 p                       y
  000507     1.700000e+03   2.500000e+00 p                       y
  000508     1.702500e+03   2.500000e+00 p                       y
  000509     1.705000e+03   2.500000e+00 p                       y
  000510     1.707500e+03   2.500000e+00 p                       y
  000511     1.710000e+03   2.500000e+00 p                       y
  000512     1.712500e+03   2.500000e+00 p                       y
  000513     1.717500e+03   5.000000e+00 p                       y
  000514     1.722500e+03   5.000000e+00 p                       y
  000515     1.727500e+03   5.000000e+00 p                       y
  000516     1.732500e+03   5.000000e+00 p                       y
  000517     1.737500e+03   5.000000e+00 p                       y
  000518     1.742500e+03   5.000000e+00 p                       y
  000519     1.747500e+03   5.000000e+00 p                       y
  000520     1.752500e+03   5.000000e+00 p                       y
  000521     1.757500e+03   5.000000e+00 p                       y
  000522     1.762500e+03   5.000000e+00 p                       y
  000523     1.767500e+03   5.000000e+00 p                       y
  000524     1.772500e+03   5.000000e+00 p                       y
  000525     1.777500e+03   5.000000e+00 p                       y
  000526     1.782500e+03   5.000000e+00 p                       y
  000527     1.786875e+03   4.375000e+00 p                       y
  000528     1.790156e+03   3.281250e+00 p                       y
  000529     1.795078e+03   4.921875e+00 p                       y
  000530     1.800000e+03   4.921875e+00 p       000009          y
  000531     1.805000e+03   5.000000e+00 p                       y
  000532     1.810000e+03   5.000000e+00 p                       y
  000533     1.815000e+03   5.000000e+00 p                       y
  000534     1.820000e+03   5.000000e+00 p                       y
  000535     1.825000e+03   5.000000e+00 p                       y
  000536     1.830000e+03   5.000000e+00 p                       y
  000537     1.835000e+03   5.000000e+00 p                       y
  000538     1.840000e+03   5.000000e+00 p                       y
  000539     1.845000e+03   5.000000e+00 p                       y
  000540     1.850000e+03   5.000000e+00 p                       y
  000541     1.855000e+03   5.000000e+00 p                       y
  000542     1.860000e+03   5.000000e+00 p                       y
  000543     1.865000e+03   5.000000e+00 p                       y
  000544     1.870000e+03   5.000000e+00 p                       y
  000545     1.875000e+03   5.000000e+00 p                       y
  000546     1.880000e+03   5.000000e+00 p                       y
  000547     1.885000e+03   5.000000e+00 p                       y
  000548     1.890000e+03   5.000000e+00 p                       y
  000549     1.895000e+03   5.000000e+00 p                       y
  000550     1.900000e+03   5.000000e+00 p                       y
  000551     1.905000e+03   5.000000e+00 p                       y
  000552     1.910000e+03   5.000000e+00 p                       y
  000553     1.915000e+03   5.000000e+00 p                       y
  000554     1.920000e+03   5.000000e+00 p                       y
  000555     1.925000e+03   5.000000e+00 p                       y
  000556     1.930000e+03   5.000000e+00 p                       y
  000557     1.935000e+03   5.000000e+00 p                       y
  000558     1.940000e+03   5.000000e+00 p                       y
  000559     1.945000e+03   5.000000e+00 p                       y
  000560     1.950000e+03   5.000000e+00 p                       y
  000561     1.955000e+03   5.000000e+00 p                       y
  000562     1.960000e+03   5.000000e+00 p                       y
  000563     1.965000e+03   5.000000e+00 p                       y
  000564     1.970000e+03   5.000000e+00 p                       y
  000565     1.975000e+03   5.000000e+00 p                       y
  000566     1.980000e+03   5.000000e+00 p                       y
  000567     1.985000e+03   5.000000e+00 f                       y
  000568     1.988750e+03   3.750000e+00 f                       y
  000569     1.994375e+03   5.625000e+00 f                       y
  000570     2.000000e+03   5.625000e+00 f       000010          y

Overland flow Results
  000000     0.000000e+00   0.000000e+00
  000001     2.500000e+00   2.500000e+00
  000002     7.500000e+00   5.000000e+00
  000003     1.250000e+01   5.000000e+00
  000004     1.750000e+01   5.000000e+00
  000005     2.250000e+01   5.000000e+00
  000006     2.500000e+01   2.500000e+00
  000007     3.000000e+01   5.000000e+00
  000008     3.125000e+01   1.250000e+00
  000009     3.625000e+01   5.000000e+00
  000010     3.875000e+01   2.500000e+00
  000011     4.375000e+01   5.000000e+00
  000012     4.500000e+01   1.250000e+00
  000013     4.750000e+01   2.500000e+00
  000014     5.000000e+01   2.500000e+00
  000015     5.500000e+01   5.000000e+00
  000016     5.750000e+01   2.500000e+00
  000017     6.000000e+01   2.500000e+00
  000018     6.500000e+01   5.000000e+00
  000019     6.750000e+01   2.500000e+00
  000020     7.000000e+01   2.500000e+00
  000021     7.250000e+01   2.500000e+00
  000022     7.500000e+01   2.500000e+00
  000023     8.000000e+01   5.000000e+00
  000024     8.500000e+01   5.000000e+00
  000025     8.750000e+01   2.500000e+00
  000026     9.000000e+01   2.500000e+00
  000027     9.500000e+01   5.000000e+00
  000028     1.000000e+02   5.000000e+00
  000029     1.100000e+02   1.000000e+01
  000030     1.150000e+02   5.000000e+00
  000031     1.175000e+02   2.500000e+00
  000032     1.200000e+02   2.500000e+00
  000033     1.225000e+02   2.500000e+00
  000034     1.275000e+02   5.000000e+00
  000035     1.325000e+02   5.000000e+00
  000036     1.350000e+02   2.500000e+00
  000037     1.375000e+02   2.500000e+00
  000038     1.425000e+02   5.000000e+00
  000039     1.475000e+02   5.000000e+00
  000040     1.500000e+02   2.500000e+00
  000041     1.550000e+02   5.000000e+00
  000042     1.600000e+02   5.000000e+00
  000043     1.625000e+02   2.500000e+00
  000044     1.650000e+02   2.500000e+00
  000045     1.675000e+02   2.500000e+00
  000046     1.725000e+02   5.000000e+00
  000047     1.737500e+02   1.250000e+00
  000048     1.762500e+02   2.500000e+00
  000049     1.787500e+02   2.500000e+00
  000050     1.837500e+02   5.000000e+00
  000051     1.878125e+02   4.062500e+00
  000052     1.908594e+02   3.046875e+00
  000053     1.931445e+02   2.285156e+00
  000054     1.965723e+02   3.427734e+00
  000055     2.000000e+02   3.427734e+00
  000056     2.050000e+02   5.000000e+00
  000057     2.075000e+02   2.500000e+00
  000058     2.100000e+02   2.500000e+00
  000059     2.125000e+02   2.500000e+00
  000060     2.150000e+02   2.500000e+00
  000061     2.175000e+02   2.500000e+00
  000062     2.200000e+02   2.500000e+00
  000063     2.250000e+02   5.000000e+00
  000064     2.275000e+02   2.500000e+00
  000065     2.300000e+02   2.500000e+00
  000066     2.325000e+02   2.500000e+00
  000067     2.375000e+02   5.000000e+00
  000068     2.400000e+02   2.500000e+00
  000069     2.425000e+02   2.500000e+00
  000070     2.450000e+02   2.500000e+00
  000071     2.475000e+02   2.500000e+00
  000072     2.500000e+02   2.500000e+00
  000073     2.525000e+02   2.500000e+00
  000074     2.550000e+02   2.500000e+00
  000075     2.575000e+02   2.500000e+00
  000076     2.600000e+02   2.500000e+00
  000077     2.625000e+02   2.500000e+00
  000078     2.650000e+02   2.500000e+00
  000079     2.675000e+02   2.500000e+00
  000080     2.700000e+02   2.500000e+00
  000081     2.725000e+02   2.500000e+00
  000082     2.750000e+02   2.500000e+00
  000083     2.775000e+02   2.500000e+00
  000084     2.800000e+02   2.500000e+00
  000085     2.825000e+02   2.500000e+00
  000086     2.850000e+02   2.500000e+00
  000087     2.875000e+02   2.500000e+00
  000088     2.900000e+02   2.500000e+00
  000089     2.925000e+02   2.500000e+00
  000090     2.950000e+02   2.500000e+00
  000091     2.975000e+02   2.500000e+00
  000092     3.000000e+02   2.500000e+00
  000093     3.025000e+02   2.500000e+00
  000094     3.050000e+02   2.500000e+00
  000095     3.075000e+02   2.500000e+00
  000096     3.100000e+02   2.500000e+00
  000097     3.125000e+02   2.500000e+00
  000098     3.150000e+02   2.500000e+00
  000099     3.175000e+02   2.500000e+00
  000100     3.200000e+02   2.500000e+00
  000101     3.225000e+02   2.500000e+00
  000102     3.250000e+02   2.500000e+00
  000103     3.275000e+02   2.500000e+00
  000104     3.300000e+02   2.500000e+00
  000105     3.325000e+02   2.500000e+00
  000106     3.350000e+02   2.500000e+00
  000107     3.375000e+02   2.500000e+00
  000108     3.400000e+02   2.500000e+00
  000109     3.425000e+02   2.500000e+00
  000110     3.450000e+02   2.500000e+00
  000111     3.475000e+02   2.500000e+00
  000112     3.500000e+02   2.500000e+00
  000113     3.525000e+02   2.500000e+00
  000114     3.550000e+02   2.500000e+00
  000115     3.575000e+02   2.500000e+00
  000116     3.600000e+02   2.500000e+00
  000117     3.625000e+02   2.500000e+00
  000118     3.650000e+02   2.500000e+00
  000119     3.675000e+02   2.500000e+00
  000120     3.700000e+02   2.500000e+00
  000121     3.725000e+02   2.500000e+00
  000122     3.750000e+02   2.500000e+00
  000123     3.775000e+02   2.500000e+00
  000124     3.800000e+02   2.500000e+00
  000125     3.825000e+02   2.500000e+00
  000126     3.846875e+02   2.187500e+00
  000127     3.885156e+02   3.828125e+00
  000128     3.913867e+02   2.871094e+00
  000129     3.935400e+02   2.153320e+00
  000130     3.967700e+02   3.229980e+00
  000131     4.000000e+02   3.229980e+00
  000132     4.025000e+02   2.500000e+00
  000133     4.050000e+02   2.500000e+00
  000134     4.075000e+02   2.500000e+00
  000135     4.100000e+02   2.500000e+00
  000136     4.125000e+02   2.500000e+00
  000137     4.150000e+02   2.500000e+00
  000138     4.175000e+02   2.500000e+00
  000139     4.200000e+02   2.500000e+00
  000140     4.225000e+02   2.500000e+00
  000141     4.250000e+02   2.500000e+00
  000142     4.275000e+02   2.500000e+00
  000143     4.300000e+02   2.500000e+00
  000144     4.325000e+02   2.500000e+00
  000145     4.350000e+02   2.500000e+00
  000146     4.375000e+02   2.500000e+00
  000147     4.400000e+02   2.500000e+00
  000148     4.425000e+02   2.500000e+00
  000149     4.450000e+02   2.500000e+00
  000150     4.475000e+02   2.500000e+00
  000151     4.500000e+02   2.500000e+00
  000152     4.525000e+02   2.500000e+00
  000153     4.550000e+02   2.500000e+00
  000154     4.575000e+02   2.500000e+00
  000155     4.600000e+02   2.500000e+00
  000156     4.625000e+02   2.500000e+00
  000157     4.650000e+02   2.500000e+00
  000158     4.675000e+02   2.500000e+00
  000159     4.700000e+02   2.500000e+00
  000160     4.725000e+02   2.500000e+00
  000161     4.750000e+02   2.500000e+00
  000162     4.775000e+02   2.500000e+00
  000163     4.800000e+02   2.500000e+00
  000164     4.825000e+02   2.500000e+00
  000165     4.850000e+02   2.500000e+00
  000166     4.875000e+02   2.500000e+00
  000167     4.900000e+02   2.500000e+00
  000168     4.925000e+02   2.500000e+00
  000169     4.950000e+02   2.500000e+00
  000170     4.975000e+02   2.500000e+00
  000171     5.000000e+02   2.500000e+00
  000172     5.025000e+02   2.500000e+00
  000173     5.050000e+02   2.500000e+00
  000174     5.075000e+02   2.500000e+00
  000175     5.100000e+02   2.500000e+00
  000176     5.125000e+02   2.500000e+00
  000177     5.150000e+02   2.500000e+00
  000178     5.175000e+02   2.500000e+00
  000179     5.200000e+02   2.500000e+00
  000180     5.225000e+02   2.500000e+00
  000181     5.250000e+02   2.500000e+00
  000182     5.275000e+02   2.500000e+00
  000183     5.300000e+02   2.500000e+00
  000184     5.325000e+02   2.500000e+00
  000185     5.350000e+02   2.500000e+00
  000186     5.375000e+02   2.500000e+00
  000187     5.400000e+02   2.500000e+00
  000188     5.425000e+02   2.500000e+00
  000189     5.450000e+02   2.500000e+00
  000190     5.475000e+02   2.500000e+00
  000191     5.500000e+02   2.500000e+00
  000192     5.525000e+02   2.500000e+00
  000193     5.550000e+02   2.500000e+00
  000194     5.575000e+02   2.500000e+00
  000195     5.600000e+02   2.500000e+00
  000196     5.625000e+02   2.500000e+00
  000197     5.650000e+02   2.500000e+00
  000198     5.675000e+02   2.500000e+00
  000199     5.700000e+02   2.500000e+00
  000200     5.725000e+02   2.500000e+00
  000201     5.750000e+02   2.500000e+00
  000202     5.775000e+02   2.500000e+00
  000203     5.800000e+02   2.500000e+00
  000204     5.825000e+02   2.500000e+00
  000205     5.846875e+02   2.187500e+00
  000206     5.885156e+02   3.828125e+00
  000207     5.913867e+02   2.871094e+00
  000208     5.935400e+02   2.153320e+00
  000209     5.967700e+02   3.229980e+00
  000210     6.000000e+02   3.229980e+00
  000211     6.025000e+02   2.500000e+00
  000212     6.050000e+02   2.500000e+00
  000213     6.075000e+02   2.500000e+00
  000214     6.100000e+02   2.500000e+00
  000215     6.125000e+02   2.500000e+00
  000216     6.150000e+02   2.500000e+00
  000217     6.175000e+02   2.500000e+00
  000218     6.200000e+02   2.500000e+00
  000219     6.225000e+02   2.500000e+00
  000220     6.250000e+02   2.500000e+00
  000221     6.275000e+02   2.500000e+00
  000222     6.300000e+02   2.500000e+00
  000223     6.325000e+02   2.500000e+00
  000224     6.350000e+02   2.500000e+00
  000225     6.375000e+02   2.500000e+00
  000226     6.400000e+02   2.500000e+00
  000227     6.425000e+02   2.500000e+00
  000228     6.450000e+02   2.500000e+00
  000229     6.475000e+02   2.500000e+00
  000230     6.500000e+02   2.500000e+00
  000231     6.525000e+02   2.500000e+00
  000232     6.550000e+02   2.500000e+00
  000233     6.575000e+02   2.500000e+00
  000234     6.600000e+02   2.500000e+00
  000235     6.625000e+02   2.500000e+00
  000236     6.650000e+02   2.500000e+00
  000237     6.675000e+02   2.500000e+00
  000238     6.700000e+02   2.500000e+00
  000239     6.725000e+02   2.500000e+00
  000240     6.750000e+02   2.500000e+00
  000241     6.775000e+02   2.500000e+00
  000242     6.800000e+02   2.500000e+00
  000243     6.825000e+02   2.500000e+00
  000244     6.850000e+02   2.500000e+00
  000245     6.875000e+02   2.500000e+00
  000246     6.900000e+02   2.500000e+00
  000247     6.925000e+02   2.500000e+00
  000248     6.950000e+02   2.500000e+00
  000249     6.975000e+02   2.500000e+00
  000250     7.000000e+02   2.500000e+00
  000251     7.025000e+02   2.500000e+00
  000252     7.050000e+02   2.500000e+00
  000253     7.075000e+02   2.500000e+00
  000254     7.100000e+02   2.500000e+00
  000255     7.125000e+02   2.500000e+00
  000256     7.150000e+02   2.500000e+00
  000257     7.175000e+02   2.500000e+00
  000258     7.200000e+02   2.500000e+00
  000259     7.225000e+02   2.500000e+00
  000260     7.250000e+02   2.500000e+00
  000261     7.275000e+02   2.500000e+00
  000262     7.300000e+02   2.500000e+00
  000263     7.325000e+02   2.500000e+00
  000264     7.350000e+02   2.500000e+00
  000265     7.375000e+02   2.500000e+00
  000266     7.400000e+02   2.500000e+00
  000267     7.425000e+02   2.500000e+00
  000268     7.450000e+02   2.500000e+00
  000269     7.475000e+02   2.500000e+00
  000270     7.500000e+02   2.500000e+00
  000271     7.525000e+02   2.500000e+00
  000272     7.550000e+02   2.500000e+00
  000273     7.575000e+02   2.500000e+00
  000274     7.600000e+02   2.500000e+00
  000275     7.625000e+02   2.500000e+00
  000276     7.650000e+02   2.500000e+00
  000277     7.675000e+02   2.500000e+00
  000278     7.700000e+02   2.500000e+00
  000279     7.725000e+02   2.500000e+00
  000280     7.750000e+02   2.500000e+00
  000281     7.775000e+02   2.500000e+00
  000282     7.800000e+02   2.500000e+00
  000283     7.825000e+02   2.500000e+00
  000284     7.846875e+02   2.187500e+00
  000285     7.885156e+02   3.828125e+00
  000286     7.913867e+02   2.871094e+00
  000287     7.935400e+02   2.153320e+00
  000288     7.967700e+02   3.229980e+00
  000289     8.000000e+02   3.229980e+00
  000290     8.025000e+02   2.500000e+00
  000291     8.050000e+02   2.500000e+00
  000292     8.075000e+02   2.500000e+00
  000293     8.100000e+02   2.500000e+00
  000294     8.125000e+02   2.500000e+00
  000295     8.150000e+02   2.500000e+00
  000296     8.175000e+02   2.500000e+00
  000297     8.200000e+02   2.500000e+00
  000298     8.225000e+02   2.500000e+00
  000299     8.250000e+02   2.500000e+00
  000300     8.275000e+02   2.500000e+00
  000301     8.300000e+02   2.500000e+00
  000302     8.325000e+02   2.500000e+00
  000303     8.350000e+02   2.500000e+00
  000304     8.375000e+02   2.500000e+00
  000305     8.400000e+02   2.500000e+00
  000306     8.425000e+02   2.500000e+00
  000307     8.450000e+02   2.500000e+00
  000308     8.475000e+02   2.500000e+00
  000309     8.500000e+02   2.500000e+00
  000310     8.525000e+02   2.500000e+00
  000311     8.550000e+02   2.500000e+00
  000312     8.575000e+02   2.500000e+00
  000313     8.600000e+02   2.500000e+00
  000314     8.625000e+02   2.500000e+00
  000315     8.650000e+02   2.500000e+00
  000316     8.675000e+02   2.500000e+00
  000317     8.700000e+02   2.500000e+00
  000318     8.725000e+02   2.500000e+00
  000319     8.750000e+02   2.500000e+00
  000320     8.775000e+02   2.500000e+00
  000321     8.825000e+02   5.000000e+00
  000322     8.875000e+02   5.000000e+00
  000323     8.925000e+02   5.000000e+00
  000324     8.975000e+02   5.000000e+00
  000325     9.025000e+02   5.000000e+00
  000326     9.075000e+02   5.000000e+00
  000327     9.125000e+02   5.000000e+00
  000328     9.175000e+02   5.000000e+00
  000329     9.225000e+02   5.000000e+00
  000330     9.275000e+02   5.000000e+00
  000331     9.325000e+02   5.000000e+00
  000332     9.375000e+02   5.000000e+00
  000333     9.425000e+02   5.000000e+00
  000334     9.475000e+02   5.000000e+00
  000335     9.525000e+02   5.000000e+00
  000336     9.575000e+02   5.000000e+00
  000337     9.625000e+02   5.000000e+00
  000338     9.675000e+02   5.000000e+00
  000339     9.725000e+02   5.000000e+00
  000340     9.775000e+02   5.000000e+00
  000341     9.825000e+02   5.000000e+00
  000342     9.868750e+02   4.375000e+00
  000343     9.934375e+02   6.562500e+00
  000344     1.000000e+03   6.562500e+00
  000345     1.005000e+03   5.000000e+00
  000346     1.010000e+03   5.000000e+00
  000347     1.012500e+03   2.500000e+00
  000348     1.015000e+03   2.500000e+00
  000349     1.017500e+03   2.500000e+00
  000350     1.020000e+03   2.500000e+00
  000351     1.022500e+03   2.500000e+00
  000352     1.025000e+03   2.500000e+00
  000353     1.027500e+03   2.500000e+00
  000354     1.030000e+03   2.500000e+00
  000355     1.032500e+03   2.500000e+00
  000356     1.035000e+03   2.500000e+00
  000357     1.037500e+03   2.500000e+00
  000358     1.040000e+03   2.500000e+00
  000359     1.042500e+03   2.500000e+00
  000360     1.045000e+03   2.500000e+00
  000361     1.047500e+03   2.500000e+00
  000362     1.050000e+03   2.500000e+00
  000363     1.052500e+03   2.500000e+00
  000364     1.055000e+03   2.500000e+00
  000365     1.057500e+03   2.500000e+00
  000366     1.060000e+03   2.500000e+00
  000367     1.062500e+03   2.500000e+00
  000368     1.065000e+03   2.500000e+00
  000369     1.067500e+03   2.500000e+00
  000370     1.070000e+03   2.500000e+00
  000371     1.072500e+03   2.500000e+00
  000372     1.075000e+03   2.500000e+00
  000373     1.077500e+03   2.500000e+00
  000374     1.082500e+03   5.000000e+00
  000375     1.087500e+03   5.000000e+00
  000376     1.092500e+03   5.000000e+00
  000377     1.097500e+03   5.000000e+00
  000378     1.102500e+03   5.000000e+00
  000379     1.107500e+03   5.000000e+00
  000380     1.112500e+03   5.000000e+00
  000381     1.117500e+03   5.000000e+00
  000382     1.122500e+03   5.000000e+00
  000383     1.127500e+03   5.000000e+00
  000384     1.132500e+03   5.000000e+00
  000385     1.137500e+03   5.000000e+00
  000386     1.142500e+03   5.000000e+00
  000387     1.147500e+03   5.000000e+00
  000388     1.152500e+03   5.000000e+00
  000389     1.157500e+03   5.000000e+00
  000390     1.162500e+03   5.000000e+00
  000391     1.167500e+03   5.000000e+00
  000392     1.172500e+03   5.000000e+00
  000393     1.177500e+03   5.000000e+00
  000394     1.182500e+03   5.000000e+00
  000395     1.186875e+03   4.375000e+00
  000396     1.193438e+03   6.562500e+00
  000397     1.200000e+03   6.562500e+00
  000398     1.205000e+03   5.000000e+00
  000399     1.210000e+03   5.000000e+00
  000400     1.215000e+03   5.000000e+00
  000401     1.220000e+03   5.000000e+00
  000402     1.222500e+03   2.500000e+00
  000403     1.225000e+03   2.500000e+00
  000404     1.230000e+03   5.000000e+00
  000405     1.235000e+03   5.000000e+00
  000406     1.240000e+03   5.000000e+00
  000407     1.245000e+03   5.000000e+00
  000408     1.250000e+03   5.000000e+00
  000409     1.255000e+03   5.000000e+00
  000410     1.260000e+03   5.000000e+00
  000411     1.265000e+03   5.000000e+00
  000412     1.270000e+03   5.000000e+00
  000413     1.275000e+03   5.000000e+00
  000414     1.280000e+03   5.000000e+00
  000415     1.285000e+03   5.000000e+00
  000416     1.290000e+03   5.000000e+00
  000417     1.295000e+03   5.000000e+00
  000418     1.300000e+03   5.000000e+00
  000419     1.305000e+03   5.000000e+00
  000420     1.310000e+03   5.000000e+00
  000421     1.315000e+03   5.000000e+00
  000422     1.320000e+03   5.000000e+00
  000423     1.325000e+03   5.000000e+00
  000424     1.330000e+03   5.000000e+00
  000425     1.335000e+03   5.000000e+00
  000426     1.340000e+03   5.000000e+00
  000427     1.345000e+03   5.000000e+00
  000428     1.350000e+03   5.000000e+00
  000429     1.355000e+03   5.000000e+00
  000430     1.360000e+03   5.000000e+00
  000431     1.365000e+03   5.000000e+00
  000432     1.370000e+03   5.000000e+00
  000433     1.375000e+03   5.000000e+00
  000434     1.380000e+03   5.000000e+00
  000435     1.385000e+03   5.000000e+00
  000436     1.388750e+03   3.750000e+00
  000437     1.394375e+03   5.625000e+00
  000438     1.400000e+03   5.625000e+00
  000439     1.405000e+03   5.000000e+00
  000440     1.410000e+03   5.000000e+00
  000441     1.415000e+03   5.000000e+00
  000442     1.420000e+03   5.000000e+00
  000443     1.425000e+03   5.000000e+00
  000444     1.430000e+03   5.000000e+00
  000445     1.435000e+03   5.000000e+00
  000446     1.440000e+03   5.000000e+00
  000447     1.445000e+03   5.000000e+00
  000448     1.450000e+03   5.000000e+00
  000449     1.455000e+03   5.000000e+00
  000450     1.460000e+03   5.000000e+00
  000451     1.465000e+03   5.000000e+00
  000452     1.470000e+03   5.000000e+00
  000453     1.475000e+03   5.000000e+00
  000454     1.480000e+03   5.000000e+00
  000455     1.485000e+03   5.000000e+00
  000456     1.490000e+03   5.000000e+00
  000457     1.495000e+03   5.000000e+00
  000458     1.500000e+03   5.000000e+00
  000459     1.505000e+03   5.000000e+00
  000460     1.510000e+03   5.000000e+00
  000461     1.515000e+03   5.000000e+00
  000462     1.520000e+03   5.000000e+00
  000463     1.525000e+03   5.000000e+00
  000464     1.530000e+03   5.000000e+00
  000465     1.535000e+03   5.000000e+00
  000466     1.540000e+03   5.000000e+00
  000467     1.545000e+03   5.000000e+00
  000468     1.550000e+03   5.000000e+00
  000469     1.555000e+03   5.000000e+00
  000470     1.560000e+03   5.000000e+00
  000471     1.565000e+03   5.000000e+00
  000472     1.570000e+03   5.000000e+00
  000473     1.575000e+03   5.000000e+00
  000474     1.580000e+03   5.000000e+00
  000475     1.585000e+03   5.000000e+00
  000476     1.588750e+03   3.750000e+00
  000477     1.594375e+03   5.625000e+00
  000478     1.600000e+03   5.625000e+00
  000479     1.605000e+03   5.000000e+00
  000480     1.610000e+03   5.000000e+00
  000481     1.615000e+03   5.000000e+00
  000482     1.620000e+03   5.000000e+00
  000483     1.625000e+03   5.000000e+00
  000484     1.630000e+03   5.000000e+00
  000485     1.635000e+03   5.000000e+00
  000486     1.640000e+03   5.000000e+00
  000487     1.645000e+03   5.000000e+00
  000488     1.650000e+03   5.000000e+00
  000489     1.655000e+03   5.000000e+00
  000490     1.657500e+03   2.500000e+00
  000491     1.660000e+03   2.500000e+00
  000492     1.662500e+03   2.500000e+00
  000493     1.665000e+03   2.500000e+00
  000494     1.667500e+03   2.500000e+00
  000495     1.670000e+03   2.500000e+00
  000496     1.672500e+03   2.500000e+00
  000497     1.675000e+03   2.500000e+00
  000498     1.677500e+03   2.500000e+00
  000499     1.680000e+03   2.500000e+00
  000500     1.682500e+03   2.500000e+00
  000501     1.685000e+03   2.500000e+00
  000502     1.687500e+03   2.500000e+00
  000503     1.690000e+03   2.500000e+00
  000504     1.692500e+03   2.500000e+00
  000505     1.695000e+03   2.500000e+00
  000506     1.697500e+03   2.500000e+00
  000507     1.700000e+03   2.500000e+00
  000508     1.702500e+03   2.500000e+00
  000509     1.705000e+03   2.500000e+00
  000510     1.707500e+03   2.500000e+00
  000511     1.710000e+03   2.500000e+00
  000512     1.712500e+03   2.500000e+00
  000513     1.717500e+03   5.000000e+00
  000514     1.722500e+03   5.000000e+00
  000515     1.727500e+03   5.000000e+00
  000516     1.732500e+03   5.000000e+00
  000517     1.737500e+03   5.000000e+00
  000518     1.742500e+03   5.000000e+00
  000519     1.747500e+03   5.000000e+00
  000520     1.752500e+03   5.000000e+00
  000521     1.757500e+03   5.000000e+00
  000522     1.762500e+03   5.000000e+00
  000523     1.767500e+03   5.000000e+00
  000524     1.772500e+03   5.000000e+00
  000525     1.777500e+03   5.000000e+00
  000526     1.782500e+03   5.000000e+00
  000527     1.786875e+03   4.375000e+00
  000528     1.790156e+03   3.281250e+00
  000529     1.795078e+03   4.921875e+00
  000530     1.800000e+03   4.921875e+00
  000531     1.805000e+03   5.000000e+00
  000532     1.810000e+03   5.000000e+00
  000533     1.815000e+03   5.000000e+00
  000534     1.820000e+03   5.000000e+00
  000535     1.825000e+03   5.000000e+00
  000536     1.830000e+03   5.000000e+00
  000537     1.835000e+03   5.000000e+00
  000538     1.840000e+03   5.000000e+00
  000539     1.845000e+03   5.000000e+00
  000540     1.850000e+03   5.000000e+00
  000541     1.855000e+03   5.000000e+00
  000542     1.860000e+03   5.000000e+00
  000543     1.865000e+03   5.000000e+00
  000544     1.870000e+03   5.000000e+00
  000545     1.875000e+03   5.000000e+00
  000546     1.880000e+03   5.000000e+00
  000547     1.885000e+03   5.000000e+00
  000548     1.890000e+03   5.000000e+00
  000549     1.895000e+03   5.000000e+00
  000550     1.900000e+03   5.000000e+00
  000551     1.905000e+03   5.000000e+00
  000552     1.910000e+03   5.000000e+00
  000553     1.915000e+03   5.000000e+00
  000554     1.920000e+03   5.000000e+00
  000555     1.925000e+03   5.000000e+00
  000556     1.930000e+03   5.000000e+00
  000557     1.935000e+03   5.000000e+00
  000558     1.940000e+03   5.000000e+00
  000559     1.945000e+03   5.000000e+00
  000560     1.950000e+03   5.000000e+00
  000561     1.955000e+03   5.000000e+00
  000562     1.960000e+03   5.000000e+00
  000563     1.965000e+03   5.000000e+00
  000564     1.970000e+03   5.000000e+00
  000565     1.975000e+03   5.000000e+00
  000566     1.980000e+03   5.000000e+00
  000567     1.985000e+03   5.000000e+00
  000568     1.988750e+03   3.750000e+00
  000569     1.994375e+03   5.625000e+00
  000570     2.000000e+03   5.625000e+00

END Log Info
==============================================
==============================================
BEGIN Log Info (Globals)

Run Name: /home/patras/Valmalenco/Codes/RunProcess/Tmp/PLT_35
Logging Level = 1
Num processes = 4
Process grid = (2,2,1)

END Log Info
==============================================
==============================================
BEGIN Log Info (ParFlow Total Time)

Total Run Time: 732.320000 seconds

Maximum memory used on processor 0 : 33 MB
Maximum memory used on processor 1 : 8 MB
Maximum memory used on processor 2 : 8 MB
Maximum memory used on processor 3 : 8 MB


BEGIN(Contents of /proc/57012/status)
Name:	parflow
Umask:	0022
State:	R (running)
Tgid:	57012
Ngid:	0
Pid:	57012
PPid:	57008
TracerPid:	0
Uid:	1000	1000	1000	1000
Gid:	1000	1000	1000	1000
FDSize:	64
Groups:	4 20 24 25 27 29 30 44 46 116 1000 
NStgid:	57012
NSpid:	57012
NSpgid:	57012
NSsid:	329
VmPeak:	  218104 kB
VmSize:	  202472 kB
VmLck:	       0 kB
VmPin:	       0 kB
VmHWM:	   29672 kB
VmRSS:	   29664 kB
RssAnon:	   15460 kB
RssFile:	   13720 kB
RssShmem:	     484 kB
VmData:	   28896 kB
VmStk:	     160 kB
VmExe:	    1680 kB
VmLib:	   29992 kB
VmPTE:	     184 kB
VmSwap:	       0 kB
HugetlbPages:	       0 kB
CoreDumping:	0
THP_enabled:	1
Threads:	2
SigQ:	1/30485
SigPnd:	0000000000000000
ShdPnd:	0000000000000000
SigBlk:	0000000000000000
SigIgn:	0000000080000000
SigCgt:	00000001000004e0
CapInh:	0000000000000000
CapPrm:	0000000000000000
CapEff:	0000000000000000
CapBnd:	000001ffffffffff
CapAmb:	0000000000000000
NoNewPrivs:	0
Seccomp:	0
Seccomp_filters:	0
Speculation_Store_Bypass:	thread vulnerable
SpeculationIndirectBranch:	conditional enabled
Cpus_allowed:	01
Cpus_allowed_list:	0
Mems_allowed:	1
Mems_allowed_list:	0
voluntary_ctxt_switches:	140
nonvoluntary_ctxt_switches:	1571


END(Contents of /proc/57012/status)

Memory in use : 3 MB in 410 allocs, 18 MB reserved ( 14 unused)


END Log Info
==============================================
