*****************************************************************************
ParFlow Output Log
	Version         : v3.9.0
	Compiled on     : Feb 21 2024 14:43:57
*****************************************************************************
==============================================
BEGIN Log Info (SolverRichards)

Transient Problem Solved.
-------------------------

Total Timesteps: 79

-------------------------
Sequence #       Time         \Delta t         Dumpfile #   Recompute?
----------   ------------   ------------ -     ----------   ----------
  000000     0.000000e+00   0.000000e+00 i       000000          n
  000001     1.100000e-02   1.100000e-02 p       000001          y
  000002     2.310000e-02   1.210000e-02 p                       y
  000003     3.641000e-02   1.331000e-02 p                       y
  000004     5.105100e-02   1.464100e-02 p                       y
  000005     6.715610e-02   1.610510e-02 p                       y
  000006     8.487171e-02   1.771561e-02 p                       y
  000007     1.043589e-01   1.948717e-02 p                       y
  000008     1.257948e-01   2.143589e-02 p                       y
  000009     1.493742e-01   2.357948e-02 p                       y
  000010     1.753117e-01   2.593742e-02 p                       y
  000011     2.038428e-01   2.853117e-02 p                       y
  000012     2.352271e-01   3.138428e-02 p                       y
  000013     2.697498e-01   3.452271e-02 p                       y
  000014     3.077248e-01   3.797498e-02 p                       y
  000015     3.494973e-01   4.177248e-02 p                       y
  000016     3.954470e-01   4.594973e-02 p                       y
  000017     4.459917e-01   5.054470e-02 p                       y
  000018     5.015909e-01   5.559917e-02 p                       y
  000019     5.627500e-01   6.115909e-02 p                       y
  000020     6.300250e-01   6.727500e-02 p                       y
  000021     7.040275e-01   7.400250e-02 p                       y
  000022     7.854302e-01   8.140275e-02 p                       y
  000023     8.749733e-01   8.954302e-02 p                       y
  000024     9.734706e-01   9.849733e-02 p                       y
  000025     1.081818e+00   1.083471e-01 p       000002          y
  000026     1.200999e+00   1.191818e-01 p                       y
  000027     1.332099e+00   1.310999e-01 p                       y
  000028     1.476309e+00   1.442099e-01 p                       y
  000029     1.634940e+00   1.586309e-01 p                       y
  000030     1.809434e+00   1.744940e-01 p                       y
  000031     2.001378e+00   1.919434e-01 p                       y
  000032     2.212515e+00   2.111378e-01 p                       y
  000033     2.444767e+00   2.322515e-01 p                       y
  000034     2.700244e+00   2.554767e-01 p                       y
  000035     2.981268e+00   2.810244e-01 p                       y
  000036     3.290395e+00   3.091268e-01 p                       y
  000037     3.630434e+00   3.400395e-01 p                       y
  000038     4.004478e+00   3.740434e-01 p                       y
  000039     4.415926e+00   4.114478e-01 p                       y
  000040     4.868518e+00   4.525926e-01 p                       y
  000041     5.366370e+00   4.978518e-01 p                       y
  000042     5.914007e+00   5.476370e-01 p                       y
  000043     6.516408e+00   6.024007e-01 p                       y
  000044     7.179048e+00   6.626408e-01 p                       y
  000045     7.907953e+00   7.289048e-01 p                       y
  000046     8.709749e+00   8.017953e-01 p                       y
  000047     9.591723e+00   8.819749e-01 p                       y
  000048     1.056190e+01   9.701723e-01 p                       y
  000049     1.162909e+01   1.067190e+00 p       000003          y
  000050     1.280299e+01   1.173909e+00 p                       y
  000051     1.409429e+01   1.291299e+00 p                       y
  000052     1.551472e+01   1.420429e+00 p                       y
  000053     1.707719e+01   1.562472e+00 p                       y
  000054     1.879591e+01   1.718719e+00 p                       y
  000055     2.068651e+01   1.890591e+00 p                       y
  000056     2.276616e+01   2.079651e+00 p                       y
  000057     2.505377e+01   2.287616e+00 p                       y
  000058     2.757015e+01   2.516377e+00 p                       y
  000059     3.033816e+01   2.768015e+00 p                       y
  000060     3.338298e+01   3.044816e+00 p                       y
  000061     3.673228e+01   3.349298e+00 p                       y
  000062     4.041651e+01   3.684228e+00 p                       y
  000063     4.446916e+01   4.052651e+00 p                       y
  000064     4.892707e+01   4.457916e+00 p                       y
  000065     5.383078e+01   4.903707e+00 p                       y
  000066     5.922486e+01   5.394078e+00 p                       y
  000067     6.515834e+01   5.933486e+00 p                       y
  000068     7.168518e+01   6.526834e+00 p                       y
  000069     7.886470e+01   7.179518e+00 p                       y
  000070     8.676217e+01   7.897470e+00 p                       y
  000071     9.544938e+01   8.687217e+00 p                       y
  000072     1.050053e+02   9.555938e+00 p                       y
  000073     1.150053e+02   1.000000e+01 p       000004          y
  000074     1.250053e+02   1.000000e+01 p                       y
  000075     1.350053e+02   1.000000e+01 p                       y
  000076     1.450053e+02   1.000000e+01 p                       y
  000077     1.550053e+02   1.000000e+01 p                       y
  000078     1.650053e+02   1.000000e+01 p                       y
  000079     1.690000e+02   3.994680e+00 f                       y

Overland flow Results
  000000     0.000000e+00   0.000000e+00
  000001     1.100000e-02   1.100000e-02
  000002     2.310000e-02   1.210000e-02
  000003     3.641000e-02   1.331000e-02
  000004     5.105100e-02   1.464100e-02
  000005     6.715610e-02   1.610510e-02
  000006     8.487171e-02   1.771561e-02
  000007     1.043589e-01   1.948717e-02
  000008     1.257948e-01   2.143589e-02
  000009     1.493742e-01   2.357948e-02
  000010     1.753117e-01   2.593742e-02
  000011     2.038428e-01   2.853117e-02
  000012     2.352271e-01   3.138428e-02
  000013     2.697498e-01   3.452271e-02
  000014     3.077248e-01   3.797498e-02
  000015     3.494973e-01   4.177248e-02
  000016     3.954470e-01   4.594973e-02
  000017     4.459917e-01   5.054470e-02
  000018     5.015909e-01   5.559917e-02
  000019     5.627500e-01   6.115909e-02
  000020     6.300250e-01   6.727500e-02
  000021     7.040275e-01   7.400250e-02
  000022     7.854302e-01   8.140275e-02
  000023     8.749733e-01   8.954302e-02
  000024     9.734706e-01   9.849733e-02
  000025     1.081818e+00   1.083471e-01
  000026     1.200999e+00   1.191818e-01
  000027     1.332099e+00   1.310999e-01
  000028     1.476309e+00   1.442099e-01
  000029     1.634940e+00   1.586309e-01
  000030     1.809434e+00   1.744940e-01
  000031     2.001378e+00   1.919434e-01
  000032     2.212515e+00   2.111378e-01
  000033     2.444767e+00   2.322515e-01
  000034     2.700244e+00   2.554767e-01
  000035     2.981268e+00   2.810244e-01
  000036     3.290395e+00   3.091268e-01
  000037     3.630434e+00   3.400395e-01
  000038     4.004478e+00   3.740434e-01
  000039     4.415926e+00   4.114478e-01
  000040     4.868518e+00   4.525926e-01
  000041     5.366370e+00   4.978518e-01
  000042     5.914007e+00   5.476370e-01
  000043     6.516408e+00   6.024007e-01
  000044     7.179048e+00   6.626408e-01
  000045     7.907953e+00   7.289048e-01
  000046     8.709749e+00   8.017953e-01
  000047     9.591723e+00   8.819749e-01
  000048     1.056190e+01   9.701723e-01
  000049     1.162909e+01   1.067190e+00
  000050     1.280299e+01   1.173909e+00
  000051     1.409429e+01   1.291299e+00
  000052     1.551472e+01   1.420429e+00
  000053     1.707719e+01   1.562472e+00
  000054     1.879591e+01   1.718719e+00
  000055     2.068651e+01   1.890591e+00
  000056     2.276616e+01   2.079651e+00
  000057     2.505377e+01   2.287616e+00
  000058     2.757015e+01   2.516377e+00
  000059     3.033816e+01   2.768015e+00
  000060     3.338298e+01   3.044816e+00
  000061     3.673228e+01   3.349298e+00
  000062     4.041651e+01   3.684228e+00
  000063     4.446916e+01   4.052651e+00
  000064     4.892707e+01   4.457916e+00
  000065     5.383078e+01   4.903707e+00
  000066     5.922486e+01   5.394078e+00
  000067     6.515834e+01   5.933486e+00
  000068     7.168518e+01   6.526834e+00
  000069     7.886470e+01   7.179518e+00
  000070     8.676217e+01   7.897470e+00
  000071     9.544938e+01   8.687217e+00
  000072     1.050053e+02   9.555938e+00
  000073     1.150053e+02   1.000000e+01
  000074     1.250053e+02   1.000000e+01
  000075     1.350053e+02   1.000000e+01
  000076     1.450053e+02   1.000000e+01
  000077     1.550053e+02   1.000000e+01
  000078     1.650053e+02   1.000000e+01
  000079     1.690000e+02   3.994680e+00

END Log Info
==============================================
==============================================
BEGIN Log Info (Globals)

Run Name: /home/patras/Valmalenco/Codes/RunProcess/Tmp/PLT_box
Logging Level = 1
Num processes = 4
Process grid = (2,2,1)

END Log Info
==============================================
==============================================
BEGIN Log Info (ParFlow Total Time)

Total Run Time: 5.669900 seconds

Maximum memory used on processor 0 : 39 MB
Maximum memory used on processor 1 : 14 MB
Maximum memory used on processor 2 : 14 MB
Maximum memory used on processor 3 : 14 MB


BEGIN(Contents of /proc/94099/status)
Name:	parflow
Umask:	0022
State:	R (running)
Tgid:	94099
Ngid:	0
Pid:	94099
PPid:	94095
TracerPid:	0
Uid:	1000	1000	1000	1000
Gid:	1000	1000	1000	1000
FDSize:	64
Groups:	4 20 24 25 27 29 30 44 46 116 1000 
NStgid:	94099
NSpid:	94099
NSpgid:	94099
NSsid:	323
VmPeak:	  225076 kB
VmSize:	  209444 kB
VmLck:	       0 kB
VmPin:	       0 kB
VmHWM:	   29016 kB
VmRSS:	   29012 kB
RssAnon:	   14848 kB
RssFile:	   13768 kB
RssShmem:	     396 kB
VmData:	   35868 kB
VmStk:	     160 kB
VmExe:	    1680 kB
VmLib:	   29992 kB
VmPTE:	     200 kB
VmSwap:	       0 kB
HugetlbPages:	       0 kB
CoreDumping:	0
THP_enabled:	1
Threads:	2
SigQ:	1/30485
SigPnd:	0000000000000000
ShdPnd:	0000000000000000
SigBlk:	0000000000000000
SigIgn:	0000000080000000
SigCgt:	00000001000004e0
CapInh:	0000000000000000
CapPrm:	0000000000000000
CapEff:	0000000000000000
CapBnd:	000001ffffffffff
CapAmb:	0000000000000000
NoNewPrivs:	0
Seccomp:	0
Seccomp_filters:	0
Speculation_Store_Bypass:	thread vulnerable
SpeculationIndirectBranch:	conditional enabled
Cpus_allowed:	01
Cpus_allowed_list:	0
Mems_allowed:	1
Mems_allowed_list:	0
voluntary_ctxt_switches:	206
nonvoluntary_ctxt_switches:	8


END(Contents of /proc/94099/status)

Memory in use : 3 MB in 341 allocs, 25 MB reserved ( 21 unused)


END Log Info
==============================================
