*****************************************************************************
ParFlow Output Log
	Version         : v3.13.0-20-g7c8e7f0
	Compiled on     : Sep 29 2024 23:13:30
*****************************************************************************
==============================================
BEGIN Log Info (SolverRichards)

Transient Problem Solved.
-------------------------

Total Timesteps: 419

-------------------------
Sequence #       Time         \Delta t         Dumpfile #   Recompute?
----------   ------------   ------------ -     ----------   ----------
  000000     0.000000e+00   0.000000e+00 i       000000          n
  000001     1.100000e-02   1.100000e-02 p                       y
  000002     2.310000e-02   1.210000e-02 p                       y
  000003     3.641000e-02   1.331000e-02 p                       y
  000004     5.105100e-02   1.464100e-02 p                       y
  000005     6.715610e-02   1.610510e-02 p                       y
  000006     8.487171e-02   1.771561e-02 p                       y
  000007     1.043589e-01   1.948717e-02 p                       y
  000008     1.257948e-01   2.143589e-02 p                       y
  000009     1.493742e-01   2.357948e-02 p                       y
  000010     1.753117e-01   2.593742e-02 p                       y
  000011     2.038428e-01   2.853117e-02 p                       y
  000012     2.352271e-01   3.138428e-02 p                       y
  000013     2.697498e-01   3.452271e-02 p                       y
  000014     3.077248e-01   3.797498e-02 p                       y
  000015     3.494973e-01   4.177248e-02 p                       y
  000016     3.954470e-01   4.594973e-02 p                       y
  000017     4.459917e-01   5.054470e-02 p                       y
  000018     5.015909e-01   5.559917e-02 p                       y
  000019     5.627500e-01   6.115909e-02 p                       y
  000020     6.300250e-01   6.727500e-02 p                       y
  000021     7.040275e-01   7.400250e-02 p                       y
  000022     7.854302e-01   8.140275e-02 p                       y
  000023     8.749733e-01   8.954302e-02 p                       y
  000024     9.734706e-01   9.849733e-02 p                       y
  000025     1.081818e+00   1.083471e-01 p                       y
  000026     1.200999e+00   1.191818e-01 p                       y
  000027     1.332099e+00   1.310999e-01 p                       y
  000028     1.476309e+00   1.442099e-01 p                       y
  000029     1.634940e+00   1.586309e-01 p                       y
  000030     1.809434e+00   1.744940e-01 p                       y
  000031     2.001378e+00   1.919434e-01 p                       y
  000032     2.212515e+00   2.111378e-01 p                       y
  000033     2.444767e+00   2.322515e-01 p                       y
  000034     2.700244e+00   2.554767e-01 p                       y
  000035     2.981268e+00   2.810244e-01 p                       y
  000036     3.290395e+00   3.091268e-01 p                       y
  000037     3.630434e+00   3.400395e-01 p                       y
  000038     4.004478e+00   3.740434e-01 p                       y
  000039     4.415926e+00   4.114478e-01 p                       y
  000040     4.868518e+00   4.525926e-01 p                       y
  000041     5.366370e+00   4.978518e-01 p                       y
  000042     5.914007e+00   5.476370e-01 p                       y
  000043     6.516408e+00   6.024007e-01 p                       y
  000044     7.179048e+00   6.626408e-01 p                       y
  000045     7.907953e+00   7.289048e-01 p                       y
  000046     8.709749e+00   8.017953e-01 p                       y
  000047     9.591723e+00   8.819749e-01 p                       y
  000048     1.056190e+01   9.701723e-01 p                       y
  000049     1.162909e+01   1.067190e+00 p                       y
  000050     1.280299e+01   1.173909e+00 p                       y
  000051     1.409429e+01   1.291299e+00 p                       y
  000052     1.551472e+01   1.420429e+00 p                       y
  000053     1.707719e+01   1.562472e+00 p                       y
  000054     1.879591e+01   1.718719e+00 p                       y
  000055     2.068651e+01   1.890591e+00 p                       y
  000056     2.276616e+01   2.079651e+00 p                       y
  000057     2.400000e+01   1.233844e+00 p       000001          y
  000058     2.535723e+01   1.357228e+00 p                       y
  000059     2.685018e+01   1.492951e+00 p                       y
  000060     2.849243e+01   1.642246e+00 p                       y
  000061     3.029890e+01   1.806471e+00 p                       y
  000062     3.228601e+01   1.987118e+00 p                       y
  000063     3.447184e+01   2.185829e+00 p                       y
  000064     3.687626e+01   2.404412e+00 p                       y
  000065     3.952111e+01   2.644854e+00 p                       y
  000066     4.243045e+01   2.909339e+00 p                       y
  000067     4.563072e+01   3.200273e+00 p                       y
  000068     4.800000e+01   2.369279e+00 p       000002          y
  000069     5.060621e+01   2.606207e+00 p                       y
  000070     5.203962e+01   1.433414e+00 p                       y
  000071     5.361638e+01   1.576755e+00 p                       y
  000072     5.535081e+01   1.734431e+00 p                       y
  000073     5.725868e+01   1.907874e+00 p                       y
  000074     5.935734e+01   2.098661e+00 p                       y
  000075     6.166587e+01   2.308527e+00 p                       y
  000076     6.420525e+01   2.539380e+00 p                       y
  000077     6.699857e+01   2.793318e+00 p                       y
  000078     7.007122e+01   3.072650e+00 p                       y
  000079     7.200000e+01   1.928785e+00 p       000003          y
  000080     7.412166e+01   2.121663e+00 p                       y
  000081     7.645549e+01   2.333829e+00 p                       y
  000082     7.902270e+01   2.567212e+00 p                       y
  000083     7.972869e+01   7.059833e-01 p                       y
  000084     8.050527e+01   7.765817e-01 p                       y
  000085     8.135951e+01   8.542399e-01 p                       y
  000086     8.229917e+01   9.396638e-01 p                       y
  000087     8.333280e+01   1.033630e+00 p                       y
  000088     8.446980e+01   1.136993e+00 p                       y
  000089     8.572049e+01   1.250693e+00 p                       y
  000090     8.709625e+01   1.375762e+00 p                       y
  000091     8.785292e+01   7.566690e-01 p                       y
  000092     8.868526e+01   8.323359e-01 p                       y
  000093     8.914304e+01   4.577847e-01 p                       y
  000094     8.939482e+01   2.517816e-01 p                       y
  000095     8.967178e+01   2.769598e-01 p                       y
  000096     8.982411e+01   1.523279e-01 p                       y
  000097     8.999167e+01   1.675607e-01 p                       y
  000098     9.017599e+01   1.843167e-01 p                       y
  000099     9.037874e+01   2.027484e-01 p                       y
  000100     9.049025e+01   1.115116e-01 p                       y
  000101     9.061291e+01   1.226628e-01 p                       y
  000102     9.074784e+01   1.349291e-01 p                       y
  000103     9.089626e+01   1.484220e-01 p                       y
  000104     9.097789e+01   8.163208e-02 p                       y
  000105     9.106769e+01   8.979529e-02 p                       y
  000106     9.116646e+01   9.877482e-02 p                       y
  000107     9.127512e+01   1.086523e-01 p                       y
  000108     9.139463e+01   1.195175e-01 p                       y
  000109     9.152610e+01   1.314693e-01 p                       y
  000110     9.159841e+01   7.230811e-02 p                       y
  000111     9.167795e+01   7.953892e-02 p                       y
  000112     9.176544e+01   8.749281e-02 p                       y
  000113     9.186168e+01   9.624209e-02 p                       y
  000114     9.196755e+01   1.058663e-01 p                       y
  000115     9.208400e+01   1.164529e-01 p                       y
  000116     9.214805e+01   6.404911e-02 p                       y
  000117     9.221851e+01   7.045402e-02 p                       y
  000118     9.229601e+01   7.749942e-02 p                       y
  000119     9.238126e+01   8.524937e-02 p                       y
  000120     9.242814e+01   4.688715e-02 p                       y
  000121     9.247972e+01   5.157587e-02 p                       y
  000122     9.253645e+01   5.673345e-02 p                       y
  000123     9.259886e+01   6.240680e-02 p                       y
  000124     9.266751e+01   6.864748e-02 p                       y
  000125     9.274302e+01   7.551223e-02 p                       y
  000126     9.282608e+01   8.306345e-02 p                       y
  000127     9.287177e+01   4.568490e-02 p                       y
  000128     9.292202e+01   5.025339e-02 p                       y
  000129     9.297730e+01   5.527873e-02 p                       y
  000130     9.303811e+01   6.080660e-02 p                       y
  000131     9.310499e+01   6.688726e-02 p                       y
  000132     9.314178e+01   3.678799e-02 p                       y
  000133     9.318225e+01   4.046679e-02 p                       y
  000134     9.322676e+01   4.451347e-02 p                       y
  000135     9.327573e+01   4.896482e-02 p                       y
  000136     9.332959e+01   5.386130e-02 p                       y
  000137     9.338883e+01   5.924743e-02 p                       y
  000138     9.342142e+01   3.258609e-02 p                       y
  000139     9.345727e+01   3.584469e-02 p                       y
  000140     9.349669e+01   3.942916e-02 p                       y
  000141     9.354007e+01   4.337208e-02 p                       y
  000142     9.358778e+01   4.770929e-02 p                       y
  000143     9.364026e+01   5.248022e-02 p                       y
  000144     9.369798e+01   5.772824e-02 p                       y
  000145     9.376149e+01   6.350106e-02 p                       y
  000146     9.379641e+01   3.492558e-02 p                       y
  000147     9.383483e+01   3.841814e-02 p                       y
  000148     9.387709e+01   4.225996e-02 p                       y
  000149     9.392358e+01   4.648595e-02 p                       y
  000150     9.397471e+01   5.113455e-02 p                       y
  000151     9.400283e+01   2.812400e-02 p                       y
  000152     9.403377e+01   3.093640e-02 p                       y
  000153     9.406780e+01   3.403004e-02 p                       y
  000154     9.410523e+01   3.743305e-02 p                       y
  000155     9.414641e+01   4.117635e-02 p                       y
  000156     9.419170e+01   4.529399e-02 p                       y
  000157     9.424153e+01   4.982338e-02 p                       y
  000158     9.429633e+01   5.480572e-02 p                       y
  000159     9.432648e+01   3.014315e-02 p                       y
  000160     9.435963e+01   3.315746e-02 p                       y
  000161     9.439611e+01   3.647321e-02 p                       y
  000162     9.443623e+01   4.012053e-02 p                       y
  000163     9.448036e+01   4.413258e-02 p                       y
  000164     9.452891e+01   4.854584e-02 p                       y
  000165     9.455561e+01   2.670021e-02 p                       y
  000166     9.458498e+01   2.937023e-02 p                       y
  000167     9.461728e+01   3.230726e-02 p                       y
  000168     9.465282e+01   3.553798e-02 p                       y
  000169     9.469191e+01   3.909178e-02 p                       y
  000170     9.473491e+01   4.300096e-02 p                       y
  000171     9.478221e+01   4.730105e-02 p                       y
  000172     9.480823e+01   2.601558e-02 p                       y
  000173     9.483685e+01   2.861714e-02 p                       y
  000174     9.486833e+01   3.147885e-02 p                       y
  000175     9.490295e+01   3.462674e-02 p                       y
  000176     9.492200e+01   1.904471e-02 p                       y
  000177     9.494295e+01   2.094918e-02 p                       y
  000178     9.496599e+01   2.304409e-02 p                       y
  000179     9.499134e+01   2.534850e-02 p                       y
  000180     9.501922e+01   2.788335e-02 p                       y
  000181     9.504989e+01   3.067169e-02 p                       y
  000182     9.508363e+01   3.373886e-02 p                       y
  000183     9.512075e+01   3.711274e-02 p                       y
  000184     9.516157e+01   4.082402e-02 p                       y
  000185     9.518402e+01   2.245321e-02 p                       y
  000186     9.520872e+01   2.469853e-02 p                       y
  000187     9.523589e+01   2.716838e-02 p                       y
  000188     9.526578e+01   2.988522e-02 p                       y
  000189     9.529865e+01   3.287374e-02 p                       y
  000190     9.531673e+01   1.808056e-02 p                       y
  000191     9.533662e+01   1.988862e-02 p                       y
  000192     9.535850e+01   2.187748e-02 p                       y
  000193     9.538256e+01   2.406522e-02 p                       y
  000194     9.540903e+01   2.647175e-02 p                       y
  000195     9.543815e+01   2.911892e-02 p                       y
  000196     9.545417e+01   1.601541e-02 p                       y
  000197     9.547178e+01   1.761695e-02 p                       y
  000198     9.549116e+01   1.937864e-02 p                       y
  000199     9.551248e+01   2.131651e-02 p                       y
  000200     9.553593e+01   2.344816e-02 p                       y
  000201     9.556172e+01   2.579297e-02 p                       y
  000202     9.559009e+01   2.837227e-02 p                       y
  000203     9.562130e+01   3.120950e-02 p                       y
  000204     9.563847e+01   1.716522e-02 p                       y
  000205     9.565735e+01   1.888175e-02 p                       y
  000206     9.567812e+01   2.076992e-02 p                       y
  000207     9.570097e+01   2.284691e-02 p                       y
  000208     9.572610e+01   2.513160e-02 p                       y
  000209     9.575374e+01   2.764476e-02 p                       y
  000210     9.578415e+01   3.040924e-02 p                       y
  000211     9.581760e+01   3.345016e-02 p                       y
  000212     9.585440e+01   3.679518e-02 p                       y
  000213     9.589487e+01   4.047470e-02 p                       y
  000214     9.593939e+01   4.452217e-02 p                       y
  000215     9.596388e+01   2.448719e-02 p                       y
  000216     9.599082e+01   2.693591e-02 p                       y
  000217     9.600000e+01   9.183022e-03 p       000004          y
  000218     9.601010e+01   1.010132e-02 p                       y
  000219     9.602121e+01   1.111146e-02 p                       y
  000220     9.603344e+01   1.222260e-02 p                       y
  000221     9.604688e+01   1.344486e-02 p                       y
  000222     9.606167e+01   1.478935e-02 p                       y
  000223     9.607794e+01   1.626828e-02 p                       y
  000224     9.609583e+01   1.789511e-02 p                       y
  000225     9.611552e+01   1.968462e-02 p                       y
  000226     9.613717e+01   2.165309e-02 p                       y
  000227     9.616099e+01   2.381840e-02 p                       y
  000228     9.618719e+01   2.620023e-02 p                       y
  000229     9.621601e+01   2.882026e-02 p                       y
  000230     9.624771e+01   3.170228e-02 p                       y
  000231     9.628258e+01   3.487251e-02 p                       y
  000232     9.632094e+01   3.835976e-02 p                       y
  000233     9.634204e+01   2.109787e-02 p                       y
  000234     9.636525e+01   2.320766e-02 p                       y
  000235     9.639078e+01   2.552842e-02 p                       y
  000236     9.641886e+01   2.808127e-02 p                       y
  000237     9.643430e+01   1.544470e-02 p                       y
  000238     9.645129e+01   1.698917e-02 p                       y
  000239     9.646998e+01   1.868808e-02 p                       y
  000240     9.649054e+01   2.055689e-02 p                       y
  000241     9.651315e+01   2.261258e-02 p                       y
  000242     9.653802e+01   2.487384e-02 p                       y
  000243     9.656539e+01   2.736122e-02 p                       y
  000244     9.658043e+01   1.504867e-02 p                       y
  000245     9.659699e+01   1.655354e-02 p                       y
  000246     9.661520e+01   1.820889e-02 p                       y
  000247     9.663523e+01   2.002978e-02 p                       y
  000248     9.665726e+01   2.203276e-02 p                       y
  000249     9.668150e+01   2.423604e-02 p                       y
  000250     9.670816e+01   2.665964e-02 p                       y
  000251     9.673748e+01   2.932560e-02 p                       y
  000252     9.675361e+01   1.612908e-02 p                       y
  000253     9.677135e+01   1.774199e-02 p                       y
  000254     9.679087e+01   1.951619e-02 p                       y
  000255     9.681234e+01   2.146781e-02 p                       y
  000256     9.683595e+01   2.361459e-02 p                       y
  000257     9.686193e+01   2.597605e-02 p                       y
  000258     9.689050e+01   2.857365e-02 p                       y
  000259     9.692193e+01   3.143102e-02 p                       y
  000260     9.693922e+01   1.728706e-02 p                       y
  000261     9.695823e+01   1.901577e-02 p                       y
  000262     9.697915e+01   2.091734e-02 p                       y
  000263     9.700216e+01   2.300908e-02 p                       y
  000264     9.702747e+01   2.530998e-02 p                       y
  000265     9.705531e+01   2.784098e-02 p                       y
  000266     9.708594e+01   3.062508e-02 p                       y
  000267     9.711962e+01   3.368759e-02 p                       y
  000268     9.715668e+01   3.705635e-02 p                       y
  000269     9.719744e+01   4.076198e-02 p                       y
  000270     9.721986e+01   2.241909e-02 p                       y
  000271     9.724452e+01   2.466100e-02 p                       y
  000272     9.727165e+01   2.712710e-02 p                       y
  000273     9.730149e+01   2.983981e-02 p                       y
  000274     9.733431e+01   3.282379e-02 p                       y
  000275     9.735237e+01   1.805308e-02 p                       y
  000276     9.737222e+01   1.985839e-02 p                       y
  000277     9.739407e+01   2.184423e-02 p                       y
  000278     9.741810e+01   2.402866e-02 p                       y
  000279     9.744453e+01   2.643152e-02 p                       y
  000280     9.747360e+01   2.907467e-02 p                       y
  000281     9.750559e+01   3.198214e-02 p                       y
  000282     9.754077e+01   3.518035e-02 p                       y
  000283     9.757946e+01   3.869839e-02 p                       y
  000284     9.762203e+01   4.256823e-02 p                       y
  000285     9.766886e+01   4.682505e-02 p                       y
  000286     9.769461e+01   2.575378e-02 p                       y
  000287     9.772294e+01   2.832916e-02 p                       y
  000288     9.775410e+01   3.116207e-02 p                       y
  000289     9.778838e+01   3.427828e-02 p                       y
  000290     9.782609e+01   3.770611e-02 p                       y
  000291     9.786756e+01   4.147672e-02 p                       y
  000292     9.791319e+01   4.562439e-02 p                       y
  000293     9.793828e+01   2.509341e-02 p                       y
  000294     9.796588e+01   2.760276e-02 p                       y
  000295     9.799625e+01   3.036303e-02 p                       y
  000296     9.802965e+01   3.339933e-02 p                       y
  000297     9.806639e+01   3.673927e-02 p                       y
  000298     9.810680e+01   4.041319e-02 p                       y
  000299     9.815125e+01   4.445451e-02 p                       y
  000300     9.820015e+01   4.889997e-02 p                       y
  000301     9.825394e+01   5.378996e-02 p                       y
  000302     9.831311e+01   5.916896e-02 p                       y
  000303     9.837820e+01   6.508585e-02 p                       y
  000304     9.841400e+01   3.579722e-02 p                       y
  000305     9.845337e+01   3.937694e-02 p                       y
  000306     9.849669e+01   4.331464e-02 p                       y
  000307     9.854433e+01   4.764610e-02 p                       y
  000308     9.859674e+01   5.241071e-02 p                       y
  000309     9.865440e+01   5.765178e-02 p                       y
  000310     9.871781e+01   6.341696e-02 p                       y
  000311     9.878757e+01   6.975865e-02 p                       y
  000312     9.886431e+01   7.673452e-02 p                       y
  000313     9.890651e+01   4.220399e-02 p                       y
  000314     9.895293e+01   4.642438e-02 p                       y
  000315     9.900400e+01   5.106682e-02 p                       y
  000316     9.906017e+01   5.617351e-02 p                       y
  000317     9.912197e+01   6.179086e-02 p                       y
  000318     9.915595e+01   3.398497e-02 p                       y
  000319     9.919333e+01   3.738347e-02 p                       y
  000320     9.923446e+01   4.112181e-02 p                       y
  000321     9.927969e+01   4.523400e-02 p                       y
  000322     9.932945e+01   4.975740e-02 p                       y
  000323     9.938418e+01   5.473314e-02 p                       y
  000324     9.944439e+01   6.020645e-02 p                       y
  000325     9.951061e+01   6.622709e-02 p                       y
  000326     9.954704e+01   3.642490e-02 p                       y
  000327     9.958711e+01   4.006739e-02 p                       y
  000328     9.963118e+01   4.407413e-02 p                       y
  000329     9.967966e+01   4.848154e-02 p                       y
  000330     9.973299e+01   5.332970e-02 p                       y
  000331     9.979165e+01   5.866267e-02 p                       y
  000332     9.985618e+01   6.452893e-02 p                       y
  000333     9.992717e+01   7.098183e-02 p                       y
  000334     1.000052e+02   7.808001e-02 p                       y
  000335     1.000911e+02   8.588801e-02 p                       y
  000336     1.001856e+02   9.447681e-02 p                       y
  000337     1.002895e+02   1.039245e-01 p                       y
  000338     1.003467e+02   5.715847e-02 p                       y
  000339     1.004096e+02   6.287432e-02 p                       y
  000340     1.004787e+02   6.916175e-02 p                       y
  000341     1.005548e+02   7.607793e-02 p                       y
  000342     1.006385e+02   8.368572e-02 p                       y
  000343     1.007305e+02   9.205429e-02 p                       y
  000344     1.008318e+02   1.012597e-01 p                       y
  000345     1.009432e+02   1.113857e-01 p                       y
  000346     1.010657e+02   1.225243e-01 p                       y
  000347     1.011331e+02   6.738834e-02 p                       y
  000348     1.012072e+02   7.412718e-02 p                       y
  000349     1.012888e+02   8.153990e-02 p                       y
  000350     1.013785e+02   8.969389e-02 p                       y
  000351     1.014771e+02   9.866327e-02 p                       y
  000352     1.015857e+02   1.085296e-01 p                       y
  000353     1.017050e+02   1.193826e-01 p                       y
  000354     1.018364e+02   1.313208e-01 p                       y
  000355     1.019808e+02   1.444529e-01 p                       y
  000356     1.020603e+02   7.944909e-02 p                       y
  000357     1.021477e+02   8.739400e-02 p                       y
  000358     1.022438e+02   9.613340e-02 p                       y
  000359     1.023495e+02   1.057467e-01 p                       y
  000360     1.024659e+02   1.163214e-01 p                       y
  000361     1.025938e+02   1.279536e-01 p                       y
  000362     1.027346e+02   1.407489e-01 p                       y
  000363     1.028894e+02   1.548238e-01 p                       y
  000364     1.030597e+02   1.703062e-01 p                       y
  000365     1.032470e+02   1.873368e-01 p                       y
  000366     1.034531e+02   2.060705e-01 p                       y
  000367     1.036798e+02   2.266775e-01 p                       y
  000368     1.039291e+02   2.493453e-01 p                       y
  000369     1.042034e+02   2.742798e-01 p                       y
  000370     1.043543e+02   1.508539e-01 p                       y
  000371     1.045202e+02   1.659393e-01 p                       y
  000372     1.047027e+02   1.825332e-01 p                       y
  000373     1.049035e+02   2.007865e-01 p                       y
  000374     1.051244e+02   2.208652e-01 p                       y
  000375     1.053673e+02   2.429517e-01 p                       y
  000376     1.056346e+02   2.672469e-01 p                       y
  000377     1.059286e+02   2.939716e-01 p                       y
  000378     1.062519e+02   3.233687e-01 p                       y
  000379     1.066076e+02   3.557056e-01 p                       y
  000380     1.069989e+02   3.912762e-01 p                       y
  000381     1.074293e+02   4.304038e-01 p                       y
  000382     1.079027e+02   4.734442e-01 p                       y
  000383     1.084235e+02   5.207886e-01 p                       y
  000384     1.089964e+02   5.728674e-01 p                       y
  000385     1.096266e+02   6.301542e-01 p                       y
  000386     1.103197e+02   6.931696e-01 p                       y
  000387     1.110822e+02   7.624866e-01 p                       y
  000388     1.119210e+02   8.387352e-01 p                       y
  000389     1.128436e+02   9.226087e-01 p                       y
  000390     1.138584e+02   1.014870e+00 p                       y
  000391     1.149748e+02   1.116357e+00 p                       y
  000392     1.162028e+02   1.227992e+00 p                       y
  000393     1.175536e+02   1.350791e+00 p                       y
  000394     1.190394e+02   1.485871e+00 p                       y
  000395     1.200000e+02   9.605601e-01 p       000005          y
  000396     1.210566e+02   1.056616e+00 p                       y
  000397     1.222189e+02   1.162278e+00 p                       y
  000398     1.234974e+02   1.278505e+00 p                       y
  000399     1.249038e+02   1.406356e+00 p                       y
  000400     1.264507e+02   1.546992e+00 p                       y
  000401     1.281524e+02   1.701691e+00 p                       y
  000402     1.300243e+02   1.871860e+00 p                       y
  000403     1.320833e+02   2.059046e+00 p                       y
  000404     1.343483e+02   2.264950e+00 p                       y
  000405     1.368397e+02   2.491445e+00 p                       y
  000406     1.395803e+02   2.740590e+00 p                       y
  000407     1.425950e+02   3.014649e+00 p                       y
  000408     1.440000e+02   1.405021e+00 p       000006          y
  000409     1.455455e+02   1.545524e+00 p                       y
  000410     1.472456e+02   1.700076e+00 p                       y
  000411     1.491157e+02   1.870084e+00 p                       y
  000412     1.511728e+02   2.057092e+00 p                       y
  000413     1.534356e+02   2.262801e+00 p                       y
  000414     1.559247e+02   2.489081e+00 p                       y
  000415     1.586626e+02   2.737989e+00 p                       y
  000416     1.616744e+02   3.011788e+00 p                       y
  000417     1.649874e+02   3.312967e+00 p                       y
  000418     1.680000e+02   3.012598e+00 p       000007          y
  000419     1.690000e+02   1.000000e+00 f                       y

Overland flow Results
  000000     0.000000e+00   0.000000e+00
  000001     1.100000e-02   1.100000e-02
  000002     2.310000e-02   1.210000e-02
  000003     3.641000e-02   1.331000e-02
  000004     5.105100e-02   1.464100e-02
  000005     6.715610e-02   1.610510e-02
  000006     8.487171e-02   1.771561e-02
  000007     1.043589e-01   1.948717e-02
  000008     1.257948e-01   2.143589e-02
  000009     1.493742e-01   2.357948e-02
  000010     1.753117e-01   2.593742e-02
  000011     2.038428e-01   2.853117e-02
  000012     2.352271e-01   3.138428e-02
  000013     2.697498e-01   3.452271e-02
  000014     3.077248e-01   3.797498e-02
  000015     3.494973e-01   4.177248e-02
  000016     3.954470e-01   4.594973e-02
  000017     4.459917e-01   5.054470e-02
  000018     5.015909e-01   5.559917e-02
  000019     5.627500e-01   6.115909e-02
  000020     6.300250e-01   6.727500e-02
  000021     7.040275e-01   7.400250e-02
  000022     7.854302e-01   8.140275e-02
  000023     8.749733e-01   8.954302e-02
  000024     9.734706e-01   9.849733e-02
  000025     1.081818e+00   1.083471e-01
  000026     1.200999e+00   1.191818e-01
  000027     1.332099e+00   1.310999e-01
  000028     1.476309e+00   1.442099e-01
  000029     1.634940e+00   1.586309e-01
  000030     1.809434e+00   1.744940e-01
  000031     2.001378e+00   1.919434e-01
  000032     2.212515e+00   2.111378e-01
  000033     2.444767e+00   2.322515e-01
  000034     2.700244e+00   2.554767e-01
  000035     2.981268e+00   2.810244e-01
  000036     3.290395e+00   3.091268e-01
  000037     3.630434e+00   3.400395e-01
  000038     4.004478e+00   3.740434e-01
  000039     4.415926e+00   4.114478e-01
  000040     4.868518e+00   4.525926e-01
  000041     5.366370e+00   4.978518e-01
  000042     5.914007e+00   5.476370e-01
  000043     6.516408e+00   6.024007e-01
  000044     7.179048e+00   6.626408e-01
  000045     7.907953e+00   7.289048e-01
  000046     8.709749e+00   8.017953e-01
  000047     9.591723e+00   8.819749e-01
  000048     1.056190e+01   9.701723e-01
  000049     1.162909e+01   1.067190e+00
  000050     1.280299e+01   1.173909e+00
  000051     1.409429e+01   1.291299e+00
  000052     1.551472e+01   1.420429e+00
  000053     1.707719e+01   1.562472e+00
  000054     1.879591e+01   1.718719e+00
  000055     2.068651e+01   1.890591e+00
  000056     2.276616e+01   2.079651e+00
  000057     2.400000e+01   1.233844e+00
  000058     2.535723e+01   1.357228e+00
  000059     2.685018e+01   1.492951e+00
  000060     2.849243e+01   1.642246e+00
  000061     3.029890e+01   1.806471e+00
  000062     3.228601e+01   1.987118e+00
  000063     3.447184e+01   2.185829e+00
  000064     3.687626e+01   2.404412e+00
  000065     3.952111e+01   2.644854e+00
  000066     4.243045e+01   2.909339e+00
  000067     4.563072e+01   3.200273e+00
  000068     4.800000e+01   2.369279e+00
  000069     5.060621e+01   2.606207e+00
  000070     5.203962e+01   1.433414e+00
  000071     5.361638e+01   1.576755e+00
  000072     5.535081e+01   1.734431e+00
  000073     5.725868e+01   1.907874e+00
  000074     5.935734e+01   2.098661e+00
  000075     6.166587e+01   2.308527e+00
  000076     6.420525e+01   2.539380e+00
  000077     6.699857e+01   2.793318e+00
  000078     7.007122e+01   3.072650e+00
  000079     7.200000e+01   1.928785e+00
  000080     7.412166e+01   2.121663e+00
  000081     7.645549e+01   2.333829e+00
  000082     7.902270e+01   2.567212e+00
  000083     7.972869e+01   7.059833e-01
  000084     8.050527e+01   7.765817e-01
  000085     8.135951e+01   8.542399e-01
  000086     8.229917e+01   9.396638e-01
  000087     8.333280e+01   1.033630e+00
  000088     8.446980e+01   1.136993e+00
  000089     8.572049e+01   1.250693e+00
  000090     8.709625e+01   1.375762e+00
  000091     8.785292e+01   7.566690e-01
  000092     8.868526e+01   8.323359e-01
  000093     8.914304e+01   4.577847e-01
  000094     8.939482e+01   2.517816e-01
  000095     8.967178e+01   2.769598e-01
  000096     8.982411e+01   1.523279e-01
  000097     8.999167e+01   1.675607e-01
  000098     9.017599e+01   1.843167e-01
  000099     9.037874e+01   2.027484e-01
  000100     9.049025e+01   1.115116e-01
  000101     9.061291e+01   1.226628e-01
  000102     9.074784e+01   1.349291e-01
  000103     9.089626e+01   1.484220e-01
  000104     9.097789e+01   8.163208e-02
  000105     9.106769e+01   8.979529e-02
  000106     9.116646e+01   9.877482e-02
  000107     9.127512e+01   1.086523e-01
  000108     9.139463e+01   1.195175e-01
  000109     9.152610e+01   1.314693e-01
  000110     9.159841e+01   7.230811e-02
  000111     9.167795e+01   7.953892e-02
  000112     9.176544e+01   8.749281e-02
  000113     9.186168e+01   9.624209e-02
  000114     9.196755e+01   1.058663e-01
  000115     9.208400e+01   1.164529e-01
  000116     9.214805e+01   6.404911e-02
  000117     9.221851e+01   7.045402e-02
  000118     9.229601e+01   7.749942e-02
  000119     9.238126e+01   8.524937e-02
  000120     9.242814e+01   4.688715e-02
  000121     9.247972e+01   5.157587e-02
  000122     9.253645e+01   5.673345e-02
  000123     9.259886e+01   6.240680e-02
  000124     9.266751e+01   6.864748e-02
  000125     9.274302e+01   7.551223e-02
  000126     9.282608e+01   8.306345e-02
  000127     9.287177e+01   4.568490e-02
  000128     9.292202e+01   5.025339e-02
  000129     9.297730e+01   5.527873e-02
  000130     9.303811e+01   6.080660e-02
  000131     9.310499e+01   6.688726e-02
  000132     9.314178e+01   3.678799e-02
  000133     9.318225e+01   4.046679e-02
  000134     9.322676e+01   4.451347e-02
  000135     9.327573e+01   4.896482e-02
  000136     9.332959e+01   5.386130e-02
  000137     9.338883e+01   5.924743e-02
  000138     9.342142e+01   3.258609e-02
  000139     9.345727e+01   3.584469e-02
  000140     9.349669e+01   3.942916e-02
  000141     9.354007e+01   4.337208e-02
  000142     9.358778e+01   4.770929e-02
  000143     9.364026e+01   5.248022e-02
  000144     9.369798e+01   5.772824e-02
  000145     9.376149e+01   6.350106e-02
  000146     9.379641e+01   3.492558e-02
  000147     9.383483e+01   3.841814e-02
  000148     9.387709e+01   4.225996e-02
  000149     9.392358e+01   4.648595e-02
  000150     9.397471e+01   5.113455e-02
  000151     9.400283e+01   2.812400e-02
  000152     9.403377e+01   3.093640e-02
  000153     9.406780e+01   3.403004e-02
  000154     9.410523e+01   3.743305e-02
  000155     9.414641e+01   4.117635e-02
  000156     9.419170e+01   4.529399e-02
  000157     9.424153e+01   4.982338e-02
  000158     9.429633e+01   5.480572e-02
  000159     9.432648e+01   3.014315e-02
  000160     9.435963e+01   3.315746e-02
  000161     9.439611e+01   3.647321e-02
  000162     9.443623e+01   4.012053e-02
  000163     9.448036e+01   4.413258e-02
  000164     9.452891e+01   4.854584e-02
  000165     9.455561e+01   2.670021e-02
  000166     9.458498e+01   2.937023e-02
  000167     9.461728e+01   3.230726e-02
  000168     9.465282e+01   3.553798e-02
  000169     9.469191e+01   3.909178e-02
  000170     9.473491e+01   4.300096e-02
  000171     9.478221e+01   4.730105e-02
  000172     9.480823e+01   2.601558e-02
  000173     9.483685e+01   2.861714e-02
  000174     9.486833e+01   3.147885e-02
  000175     9.490295e+01   3.462674e-02
  000176     9.492200e+01   1.904471e-02
  000177     9.494295e+01   2.094918e-02
  000178     9.496599e+01   2.304409e-02
  000179     9.499134e+01   2.534850e-02
  000180     9.501922e+01   2.788335e-02
  000181     9.504989e+01   3.067169e-02
  000182     9.508363e+01   3.373886e-02
  000183     9.512075e+01   3.711274e-02
  000184     9.516157e+01   4.082402e-02
  000185     9.518402e+01   2.245321e-02
  000186     9.520872e+01   2.469853e-02
  000187     9.523589e+01   2.716838e-02
  000188     9.526578e+01   2.988522e-02
  000189     9.529865e+01   3.287374e-02
  000190     9.531673e+01   1.808056e-02
  000191     9.533662e+01   1.988862e-02
  000192     9.535850e+01   2.187748e-02
  000193     9.538256e+01   2.406522e-02
  000194     9.540903e+01   2.647175e-02
  000195     9.543815e+01   2.911892e-02
  000196     9.545417e+01   1.601541e-02
  000197     9.547178e+01   1.761695e-02
  000198     9.549116e+01   1.937864e-02
  000199     9.551248e+01   2.131651e-02
  000200     9.553593e+01   2.344816e-02
  000201     9.556172e+01   2.579297e-02
  000202     9.559009e+01   2.837227e-02
  000203     9.562130e+01   3.120950e-02
  000204     9.563847e+01   1.716522e-02
  000205     9.565735e+01   1.888175e-02
  000206     9.567812e+01   2.076992e-02
  000207     9.570097e+01   2.284691e-02
  000208     9.572610e+01   2.513160e-02
  000209     9.575374e+01   2.764476e-02
  000210     9.578415e+01   3.040924e-02
  000211     9.581760e+01   3.345016e-02
  000212     9.585440e+01   3.679518e-02
  000213     9.589487e+01   4.047470e-02
  000214     9.593939e+01   4.452217e-02
  000215     9.596388e+01   2.448719e-02
  000216     9.599082e+01   2.693591e-02
  000217     9.600000e+01   9.183022e-03
  000218     9.601010e+01   1.010132e-02
  000219     9.602121e+01   1.111146e-02
  000220     9.603344e+01   1.222260e-02
  000221     9.604688e+01   1.344486e-02
  000222     9.606167e+01   1.478935e-02
  000223     9.607794e+01   1.626828e-02
  000224     9.609583e+01   1.789511e-02
  000225     9.611552e+01   1.968462e-02
  000226     9.613717e+01   2.165309e-02
  000227     9.616099e+01   2.381840e-02
  000228     9.618719e+01   2.620023e-02
  000229     9.621601e+01   2.882026e-02
  000230     9.624771e+01   3.170228e-02
  000231     9.628258e+01   3.487251e-02
  000232     9.632094e+01   3.835976e-02
  000233     9.634204e+01   2.109787e-02
  000234     9.636525e+01   2.320766e-02
  000235     9.639078e+01   2.552842e-02
  000236     9.641886e+01   2.808127e-02
  000237     9.643430e+01   1.544470e-02
  000238     9.645129e+01   1.698917e-02
  000239     9.646998e+01   1.868808e-02
  000240     9.649054e+01   2.055689e-02
  000241     9.651315e+01   2.261258e-02
  000242     9.653802e+01   2.487384e-02
  000243     9.656539e+01   2.736122e-02
  000244     9.658043e+01   1.504867e-02
  000245     9.659699e+01   1.655354e-02
  000246     9.661520e+01   1.820889e-02
  000247     9.663523e+01   2.002978e-02
  000248     9.665726e+01   2.203276e-02
  000249     9.668150e+01   2.423604e-02
  000250     9.670816e+01   2.665964e-02
  000251     9.673748e+01   2.932560e-02
  000252     9.675361e+01   1.612908e-02
  000253     9.677135e+01   1.774199e-02
  000254     9.679087e+01   1.951619e-02
  000255     9.681234e+01   2.146781e-02
  000256     9.683595e+01   2.361459e-02
  000257     9.686193e+01   2.597605e-02
  000258     9.689050e+01   2.857365e-02
  000259     9.692193e+01   3.143102e-02
  000260     9.693922e+01   1.728706e-02
  000261     9.695823e+01   1.901577e-02
  000262     9.697915e+01   2.091734e-02
  000263     9.700216e+01   2.300908e-02
  000264     9.702747e+01   2.530998e-02
  000265     9.705531e+01   2.784098e-02
  000266     9.708594e+01   3.062508e-02
  000267     9.711962e+01   3.368759e-02
  000268     9.715668e+01   3.705635e-02
  000269     9.719744e+01   4.076198e-02
  000270     9.721986e+01   2.241909e-02
  000271     9.724452e+01   2.466100e-02
  000272     9.727165e+01   2.712710e-02
  000273     9.730149e+01   2.983981e-02
  000274     9.733431e+01   3.282379e-02
  000275     9.735237e+01   1.805308e-02
  000276     9.737222e+01   1.985839e-02
  000277     9.739407e+01   2.184423e-02
  000278     9.741810e+01   2.402866e-02
  000279     9.744453e+01   2.643152e-02
  000280     9.747360e+01   2.907467e-02
  000281     9.750559e+01   3.198214e-02
  000282     9.754077e+01   3.518035e-02
  000283     9.757946e+01   3.869839e-02
  000284     9.762203e+01   4.256823e-02
  000285     9.766886e+01   4.682505e-02
  000286     9.769461e+01   2.575378e-02
  000287     9.772294e+01   2.832916e-02
  000288     9.775410e+01   3.116207e-02
  000289     9.778838e+01   3.427828e-02
  000290     9.782609e+01   3.770611e-02
  000291     9.786756e+01   4.147672e-02
  000292     9.791319e+01   4.562439e-02
  000293     9.793828e+01   2.509341e-02
  000294     9.796588e+01   2.760276e-02
  000295     9.799625e+01   3.036303e-02
  000296     9.802965e+01   3.339933e-02
  000297     9.806639e+01   3.673927e-02
  000298     9.810680e+01   4.041319e-02
  000299     9.815125e+01   4.445451e-02
  000300     9.820015e+01   4.889997e-02
  000301     9.825394e+01   5.378996e-02
  000302     9.831311e+01   5.916896e-02
  000303     9.837820e+01   6.508585e-02
  000304     9.841400e+01   3.579722e-02
  000305     9.845337e+01   3.937694e-02
  000306     9.849669e+01   4.331464e-02
  000307     9.854433e+01   4.764610e-02
  000308     9.859674e+01   5.241071e-02
  000309     9.865440e+01   5.765178e-02
  000310     9.871781e+01   6.341696e-02
  000311     9.878757e+01   6.975865e-02
  000312     9.886431e+01   7.673452e-02
  000313     9.890651e+01   4.220399e-02
  000314     9.895293e+01   4.642438e-02
  000315     9.900400e+01   5.106682e-02
  000316     9.906017e+01   5.617351e-02
  000317     9.912197e+01   6.179086e-02
  000318     9.915595e+01   3.398497e-02
  000319     9.919333e+01   3.738347e-02
  000320     9.923446e+01   4.112181e-02
  000321     9.927969e+01   4.523400e-02
  000322     9.932945e+01   4.975740e-02
  000323     9.938418e+01   5.473314e-02
  000324     9.944439e+01   6.020645e-02
  000325     9.951061e+01   6.622709e-02
  000326     9.954704e+01   3.642490e-02
  000327     9.958711e+01   4.006739e-02
  000328     9.963118e+01   4.407413e-02
  000329     9.967966e+01   4.848154e-02
  000330     9.973299e+01   5.332970e-02
  000331     9.979165e+01   5.866267e-02
  000332     9.985618e+01   6.452893e-02
  000333     9.992717e+01   7.098183e-02
  000334     1.000052e+02   7.808001e-02
  000335     1.000911e+02   8.588801e-02
  000336     1.001856e+02   9.447681e-02
  000337     1.002895e+02   1.039245e-01
  000338     1.003467e+02   5.715847e-02
  000339     1.004096e+02   6.287432e-02
  000340     1.004787e+02   6.916175e-02
  000341     1.005548e+02   7.607793e-02
  000342     1.006385e+02   8.368572e-02
  000343     1.007305e+02   9.205429e-02
  000344     1.008318e+02   1.012597e-01
  000345     1.009432e+02   1.113857e-01
  000346     1.010657e+02   1.225243e-01
  000347     1.011331e+02   6.738834e-02
  000348     1.012072e+02   7.412718e-02
  000349     1.012888e+02   8.153990e-02
  000350     1.013785e+02   8.969389e-02
  000351     1.014771e+02   9.866327e-02
  000352     1.015857e+02   1.085296e-01
  000353     1.017050e+02   1.193826e-01
  000354     1.018364e+02   1.313208e-01
  000355     1.019808e+02   1.444529e-01
  000356     1.020603e+02   7.944909e-02
  000357     1.021477e+02   8.739400e-02
  000358     1.022438e+02   9.613340e-02
  000359     1.023495e+02   1.057467e-01
  000360     1.024659e+02   1.163214e-01
  000361     1.025938e+02   1.279536e-01
  000362     1.027346e+02   1.407489e-01
  000363     1.028894e+02   1.548238e-01
  000364     1.030597e+02   1.703062e-01
  000365     1.032470e+02   1.873368e-01
  000366     1.034531e+02   2.060705e-01
  000367     1.036798e+02   2.266775e-01
  000368     1.039291e+02   2.493453e-01
  000369     1.042034e+02   2.742798e-01
  000370     1.043543e+02   1.508539e-01
  000371     1.045202e+02   1.659393e-01
  000372     1.047027e+02   1.825332e-01
  000373     1.049035e+02   2.007865e-01
  000374     1.051244e+02   2.208652e-01
  000375     1.053673e+02   2.429517e-01
  000376     1.056346e+02   2.672469e-01
  000377     1.059286e+02   2.939716e-01
  000378     1.062519e+02   3.233687e-01
  000379     1.066076e+02   3.557056e-01
  000380     1.069989e+02   3.912762e-01
  000381     1.074293e+02   4.304038e-01
  000382     1.079027e+02   4.734442e-01
  000383     1.084235e+02   5.207886e-01
  000384     1.089964e+02   5.728674e-01
  000385     1.096266e+02   6.301542e-01
  000386     1.103197e+02   6.931696e-01
  000387     1.110822e+02   7.624866e-01
  000388     1.119210e+02   8.387352e-01
  000389     1.128436e+02   9.226087e-01
  000390     1.138584e+02   1.014870e+00
  000391     1.149748e+02   1.116357e+00
  000392     1.162028e+02   1.227992e+00
  000393     1.175536e+02   1.350791e+00
  000394     1.190394e+02   1.485871e+00
  000395     1.200000e+02   9.605601e-01
  000396     1.210566e+02   1.056616e+00
  000397     1.222189e+02   1.162278e+00
  000398     1.234974e+02   1.278505e+00
  000399     1.249038e+02   1.406356e+00
  000400     1.264507e+02   1.546992e+00
  000401     1.281524e+02   1.701691e+00
  000402     1.300243e+02   1.871860e+00
  000403     1.320833e+02   2.059046e+00
  000404     1.343483e+02   2.264950e+00
  000405     1.368397e+02   2.491445e+00
  000406     1.395803e+02   2.740590e+00
  000407     1.425950e+02   3.014649e+00
  000408     1.440000e+02   1.405021e+00
  000409     1.455455e+02   1.545524e+00
  000410     1.472456e+02   1.700076e+00
  000411     1.491157e+02   1.870084e+00
  000412     1.511728e+02   2.057092e+00
  000413     1.534356e+02   2.262801e+00
  000414     1.559247e+02   2.489081e+00
  000415     1.586626e+02   2.737989e+00
  000416     1.616744e+02   3.011788e+00
  000417     1.649874e+02   3.312967e+00
  000418     1.680000e+02   3.012598e+00
  000419     1.690000e+02   1.000000e+00

END Log Info
==============================================
==============================================
BEGIN Log Info (Globals)

Run Name: /home/patras/PF-Valmalenco/Codes/RunProcess/Tmp/SeepBox_UXZ
Logging Level = 1
Num processes = 4
Process grid = (2,2,1)

END Log Info
==============================================
==============================================
BEGIN Log Info (Timing)

Solver Setup:
  wall clock time   = 0.084600 seconds
  wall MFLOPS = 0.000000 (0)
Solver:
  wall clock time   = 3013.116400 seconds
  wall MFLOPS = 31.303655 (9.43216e+10)
Richards Exclude 1st Time Step:
  wall clock time   = 3011.363900 seconds
  wall MFLOPS = 31.318407 (9.43111e+10)
Solver Cleanup:
  wall clock time   = 0.014100 seconds
  wall MFLOPS = 0.000000 (0)
Matvec:
  wall clock time   = 89.523800 seconds
  wall MFLOPS = 321.616357 (2.87923e+10)
PFSB I/O:
  wall clock time   = 0.000000 seconds
  wall MFLOPS = 0.000000 (0)
PFB I/O:
  wall clock time   = 0.289400 seconds
  wall MFLOPS = 0.000000 (0)
CLM:
  wall clock time   = 0.007400 seconds
  wall MFLOPS = 0.000000 (0)
PFSOL Read:
  wall clock time   = 0.000000 seconds
  wall MFLOPS = 0.000000 (0)
Clustering:
  wall clock time   = 1.056600 seconds
  wall MFLOPS = 0.000000 (0)
Netcdf I/O:
  wall clock time   = 0.000000 seconds
  wall MFLOPS = 0.000000 (0)
Permeability Face:
  wall clock time   = 0.000000 seconds
  wall MFLOPS = 0.000000 (0)
Godunov Advection:
  wall clock time   = 0.000000 seconds
  wall MFLOPS = 0.000000 (0)
Geometries:
  wall clock time   = 0.224700 seconds
  wall MFLOPS = 0.000000 (0)
SubsrfSim:
  wall clock time   = 0.009200 seconds
  wall MFLOPS = 0.000000 (0)
Porosity:
  wall clock time   = 0.000300 seconds
  wall MFLOPS = 0.000000 (0)
PhaseRelPerm:
  wall clock time   = 172.256600 seconds
  wall MFLOPS = 0.000697 (120102)
PFMG:
  wall clock time   = 285.367100 seconds
  wall MFLOPS = 0.000000 (0)
HYPRE_Copies:
  wall clock time   = 106.532300 seconds
  wall MFLOPS = 0.000000 (0)
NL_F_Eval:
  wall clock time   = 1041.779500 seconds
  wall MFLOPS = 0.000062 (64958)
KINSol:
  wall clock time   = 3011.012600 seconds
  wall MFLOPS = 31.325527 (9.43216e+10)

END Log Info
==============================================
==============================================
BEGIN Log Info (ParFlow Total Time)

Total Run Time: 3015.939600 seconds

Maximum memory used on processor 0 : 50 MB
Maximum memory used on processor 1 : 25 MB
Maximum memory used on processor 2 : 25 MB
Maximum memory used on processor 3 : 26 MB


BEGIN(Contents of /proc/16845/status)
Name:	parflow
Umask:	0022
State:	R (running)
Tgid:	16845
Ngid:	0
Pid:	16845
PPid:	16841
TracerPid:	0
Uid:	1000	1000	1000	1000
Gid:	1000	1000	1000	1000
FDSize:	64
Groups:	4 20 24 25 27 29 30 44 46 116 1000 
NStgid:	16845
NSpid:	16845
NSpgid:	16845
NSsid:	16181
VmPeak:	  245996 kB
VmSize:	  207652 kB
VmLck:	       0 kB
VmPin:	       0 kB
VmHWM:	   49476 kB
VmRSS:	   28652 kB
RssAnon:	   16692 kB
RssFile:	   11432 kB
RssShmem:	     528 kB
VmData:	   34836 kB
VmStk:	     136 kB
VmExe:	    3924 kB
VmLib:	    9288 kB
VmPTE:	     148 kB
VmSwap:	       0 kB
HugetlbPages:	       0 kB
CoreDumping:	0
THP_enabled:	1
Threads:	3
SigQ:	0/256667
SigPnd:	0000000000000000
ShdPnd:	0000000000000000
SigBlk:	0000000000000000
SigIgn:	0000000280000000
SigCgt:	00000001000004e0
CapInh:	0000000000000000
CapPrm:	0000000000000000
CapEff:	0000000000000000
CapBnd:	000001ffffffffff
CapAmb:	0000000000000000
NoNewPrivs:	0
Seccomp:	0
Seccomp_filters:	0
Speculation_Store_Bypass:	thread vulnerable
Cpus_allowed:	fffff
Cpus_allowed_list:	0-19
Mems_allowed:	1
Mems_allowed_list:	0
voluntary_ctxt_switches:	54
nonvoluntary_ctxt_switches:	753


END(Contents of /proc/16845/status)

Memory in use : 3 MB in 400 allocs, 15 MB reserved ( 13 unused)


END Log Info
==============================================
