*****************************************************************************
ParFlow Output Log
	Version         : v3.9.0
	Compiled on     : Feb 21 2024 14:43:57
*****************************************************************************
==============================================
BEGIN Log Info (SolverRichards)

Transient Problem Solved.
-------------------------

Total Timesteps: 98

-------------------------
Sequence #       Time         \Delta t         Dumpfile #   Recompute?
----------   ------------   ------------ -     ----------   ----------
  000000     0.000000e+00   0.000000e+00 i       000000          n
  000001     1.100000e-02   1.100000e-02 p                       y
  000002     2.310000e-02   1.210000e-02 p                       y
  000003     3.641000e-02   1.331000e-02 p                       y
  000004     5.105100e-02   1.464100e-02 p                       y
  000005     6.715610e-02   1.610510e-02 p                       y
  000006     8.487171e-02   1.771561e-02 p                       y
  000007     1.043589e-01   1.948717e-02 p                       y
  000008     1.257948e-01   2.143589e-02 p                       y
  000009     1.493742e-01   2.357948e-02 p                       y
  000010     1.753117e-01   2.593742e-02 p                       y
  000011     2.038428e-01   2.853117e-02 p                       y
  000012     2.352271e-01   3.138428e-02 p                       y
  000013     2.697498e-01   3.452271e-02 p                       y
  000014     3.077248e-01   3.797498e-02 p                       y
  000015     3.494973e-01   4.177248e-02 p                       y
  000016     3.954470e-01   4.594973e-02 p                       y
  000017     4.459917e-01   5.054470e-02 p                       y
  000018     5.015909e-01   5.559917e-02 p                       y
  000019     5.627500e-01   6.115909e-02 p                       y
  000020     6.300250e-01   6.727500e-02 p                       y
  000021     7.040275e-01   7.400250e-02 p                       y
  000022     7.854302e-01   8.140275e-02 p                       y
  000023     8.749733e-01   8.954302e-02 p                       y
  000024     9.734706e-01   9.849733e-02 p                       y
  000025     1.081818e+00   1.083471e-01 p                       y
  000026     1.200999e+00   1.191818e-01 p                       y
  000027     1.332099e+00   1.310999e-01 p                       y
  000028     1.476309e+00   1.442099e-01 p                       y
  000029     1.634940e+00   1.586309e-01 p                       y
  000030     1.809434e+00   1.744940e-01 p                       y
  000031     2.001378e+00   1.919434e-01 p                       y
  000032     2.212515e+00   2.111378e-01 p                       y
  000033     2.444767e+00   2.322515e-01 p                       y
  000034     2.700244e+00   2.554767e-01 p                       y
  000035     2.981268e+00   2.810244e-01 p                       y
  000036     3.290395e+00   3.091268e-01 p                       y
  000037     3.630434e+00   3.400395e-01 p                       y
  000038     4.004478e+00   3.740434e-01 p                       y
  000039     4.415926e+00   4.114478e-01 p                       y
  000040     4.868518e+00   4.525926e-01 p                       y
  000041     5.366370e+00   4.978518e-01 p                       y
  000042     5.914007e+00   5.476370e-01 p                       y
  000043     6.516408e+00   6.024007e-01 p                       y
  000044     7.179048e+00   6.626408e-01 p                       y
  000045     7.907953e+00   7.289048e-01 p                       y
  000046     8.709749e+00   8.017953e-01 p                       y
  000047     9.591723e+00   8.819749e-01 p                       y
  000048     1.056190e+01   9.701723e-01 p                       y
  000049     1.162909e+01   1.067190e+00 p                       y
  000050     1.280299e+01   1.173909e+00 p                       y
  000051     1.409429e+01   1.291299e+00 p                       y
  000052     1.551472e+01   1.420429e+00 p                       y
  000053     1.707719e+01   1.562472e+00 p                       y
  000054     1.879591e+01   1.718719e+00 p                       y
  000055     2.068651e+01   1.890591e+00 p                       y
  000056     2.276616e+01   2.079651e+00 p                       y
  000057     2.400000e+01   1.233844e+00 p       000001          y
  000058     2.535723e+01   1.357228e+00 p                       y
  000059     2.685018e+01   1.492951e+00 p                       y
  000060     2.849243e+01   1.642246e+00 p                       y
  000061     3.029890e+01   1.806471e+00 p                       y
  000062     3.228601e+01   1.987118e+00 p                       y
  000063     3.447184e+01   2.185829e+00 p                       y
  000064     3.687626e+01   2.404412e+00 p                       y
  000065     3.952111e+01   2.644854e+00 p                       y
  000066     4.243045e+01   2.909339e+00 p                       y
  000067     4.563072e+01   3.200273e+00 p                       y
  000068     4.800000e+01   2.369279e+00 p       000002          y
  000069     5.060621e+01   2.606207e+00 p                       y
  000070     5.347303e+01   2.866827e+00 p                       y
  000071     5.662654e+01   3.153510e+00 p                       y
  000072     6.009541e+01   3.468861e+00 p                       y
  000073     6.391115e+01   3.815747e+00 p                       y
  000074     6.810848e+01   4.197322e+00 p                       y
  000075     7.200000e+01   3.891525e+00 p       000003          y
  000076     7.628068e+01   4.280677e+00 p                       y
  000077     8.098942e+01   4.708745e+00 p                       y
  000078     8.616904e+01   5.179620e+00 p                       y
  000079     9.186662e+01   5.697582e+00 p                       y
  000080     9.600000e+01   4.133377e+00 p       000004          y
  000081     1.005467e+02   4.546714e+00 p                       y
  000082     1.055481e+02   5.001386e+00 p                       y
  000083     1.110496e+02   5.501524e+00 p                       y
  000084     1.171013e+02   6.051677e+00 p                       y
  000085     1.200000e+02   2.898699e+00 p       000005          y
  000086     1.231886e+02   3.188569e+00 p                       y
  000087     1.266960e+02   3.507426e+00 p                       y
  000088     1.305542e+02   3.858169e+00 p                       y
  000089     1.347982e+02   4.243986e+00 p                       y
  000090     1.394665e+02   4.668384e+00 p                       y
  000091     1.440000e+02   4.533466e+00 p       000006          y
  000092     1.489868e+02   4.986812e+00 p                       y
  000093     1.544723e+02   5.485493e+00 p                       y
  000094     1.605063e+02   6.034043e+00 p                       y
  000095     1.671438e+02   6.637447e+00 p                       y
  000096     1.680000e+02   8.562046e-01 p       000007          y
  000097     1.689418e+02   9.418251e-01 p                       y
  000098     1.690000e+02   5.817495e-02 f                       y

Overland flow Results
  000000     0.000000e+00   0.000000e+00
  000001     1.100000e-02   1.100000e-02
  000002     2.310000e-02   1.210000e-02
  000003     3.641000e-02   1.331000e-02
  000004     5.105100e-02   1.464100e-02
  000005     6.715610e-02   1.610510e-02
  000006     8.487171e-02   1.771561e-02
  000007     1.043589e-01   1.948717e-02
  000008     1.257948e-01   2.143589e-02
  000009     1.493742e-01   2.357948e-02
  000010     1.753117e-01   2.593742e-02
  000011     2.038428e-01   2.853117e-02
  000012     2.352271e-01   3.138428e-02
  000013     2.697498e-01   3.452271e-02
  000014     3.077248e-01   3.797498e-02
  000015     3.494973e-01   4.177248e-02
  000016     3.954470e-01   4.594973e-02
  000017     4.459917e-01   5.054470e-02
  000018     5.015909e-01   5.559917e-02
  000019     5.627500e-01   6.115909e-02
  000020     6.300250e-01   6.727500e-02
  000021     7.040275e-01   7.400250e-02
  000022     7.854302e-01   8.140275e-02
  000023     8.749733e-01   8.954302e-02
  000024     9.734706e-01   9.849733e-02
  000025     1.081818e+00   1.083471e-01
  000026     1.200999e+00   1.191818e-01
  000027     1.332099e+00   1.310999e-01
  000028     1.476309e+00   1.442099e-01
  000029     1.634940e+00   1.586309e-01
  000030     1.809434e+00   1.744940e-01
  000031     2.001378e+00   1.919434e-01
  000032     2.212515e+00   2.111378e-01
  000033     2.444767e+00   2.322515e-01
  000034     2.700244e+00   2.554767e-01
  000035     2.981268e+00   2.810244e-01
  000036     3.290395e+00   3.091268e-01
  000037     3.630434e+00   3.400395e-01
  000038     4.004478e+00   3.740434e-01
  000039     4.415926e+00   4.114478e-01
  000040     4.868518e+00   4.525926e-01
  000041     5.366370e+00   4.978518e-01
  000042     5.914007e+00   5.476370e-01
  000043     6.516408e+00   6.024007e-01
  000044     7.179048e+00   6.626408e-01
  000045     7.907953e+00   7.289048e-01
  000046     8.709749e+00   8.017953e-01
  000047     9.591723e+00   8.819749e-01
  000048     1.056190e+01   9.701723e-01
  000049     1.162909e+01   1.067190e+00
  000050     1.280299e+01   1.173909e+00
  000051     1.409429e+01   1.291299e+00
  000052     1.551472e+01   1.420429e+00
  000053     1.707719e+01   1.562472e+00
  000054     1.879591e+01   1.718719e+00
  000055     2.068651e+01   1.890591e+00
  000056     2.276616e+01   2.079651e+00
  000057     2.400000e+01   1.233844e+00
  000058     2.535723e+01   1.357228e+00
  000059     2.685018e+01   1.492951e+00
  000060     2.849243e+01   1.642246e+00
  000061     3.029890e+01   1.806471e+00
  000062     3.228601e+01   1.987118e+00
  000063     3.447184e+01   2.185829e+00
  000064     3.687626e+01   2.404412e+00
  000065     3.952111e+01   2.644854e+00
  000066     4.243045e+01   2.909339e+00
  000067     4.563072e+01   3.200273e+00
  000068     4.800000e+01   2.369279e+00
  000069     5.060621e+01   2.606207e+00
  000070     5.347303e+01   2.866827e+00
  000071     5.662654e+01   3.153510e+00
  000072     6.009541e+01   3.468861e+00
  000073     6.391115e+01   3.815747e+00
  000074     6.810848e+01   4.197322e+00
  000075     7.200000e+01   3.891525e+00
  000076     7.628068e+01   4.280677e+00
  000077     8.098942e+01   4.708745e+00
  000078     8.616904e+01   5.179620e+00
  000079     9.186662e+01   5.697582e+00
  000080     9.600000e+01   4.133377e+00
  000081     1.005467e+02   4.546714e+00
  000082     1.055481e+02   5.001386e+00
  000083     1.110496e+02   5.501524e+00
  000084     1.171013e+02   6.051677e+00
  000085     1.200000e+02   2.898699e+00
  000086     1.231886e+02   3.188569e+00
  000087     1.266960e+02   3.507426e+00
  000088     1.305542e+02   3.858169e+00
  000089     1.347982e+02   4.243986e+00
  000090     1.394665e+02   4.668384e+00
  000091     1.440000e+02   4.533466e+00
  000092     1.489868e+02   4.986812e+00
  000093     1.544723e+02   5.485493e+00
  000094     1.605063e+02   6.034043e+00
  000095     1.671438e+02   6.637447e+00
  000096     1.680000e+02   8.562046e-01
  000097     1.689418e+02   9.418251e-01
  000098     1.690000e+02   5.817495e-02

END Log Info
==============================================
==============================================
BEGIN Log Info (Globals)

Run Name: /home/patras/Valmalenco/Codes/RunProcess/Tmp/PLT_box
Logging Level = 1
Num processes = 4
Process grid = (2,2,1)

END Log Info
==============================================
==============================================
BEGIN Log Info (ParFlow Total Time)

Total Run Time: 4.280400 seconds

Maximum memory used on processor 0 : 39 MB
Maximum memory used on processor 1 : 14 MB
Maximum memory used on processor 2 : 14 MB
Maximum memory used on processor 3 : 14 MB


BEGIN(Contents of /proc/122111/status)
Name:	parflow
Umask:	0022
State:	R (running)
Tgid:	122111
Ngid:	0
Pid:	122111
PPid:	122108
TracerPid:	0
Uid:	1000	1000	1000	1000
Gid:	1000	1000	1000	1000
FDSize:	64
Groups:	4 20 24 25 27 29 30 44 46 116 1000 
NStgid:	122111
NSpid:	122111
NSpgid:	122111
NSsid:	620
VmPeak:	  225096 kB
VmSize:	  209464 kB
VmLck:	       0 kB
VmPin:	       0 kB
VmHWM:	   29940 kB
VmRSS:	   29936 kB
RssAnon:	   15864 kB
RssFile:	   13644 kB
RssShmem:	     428 kB
VmData:	   35900 kB
VmStk:	     148 kB
VmExe:	    1680 kB
VmLib:	   29992 kB
VmPTE:	     192 kB
VmSwap:	       0 kB
HugetlbPages:	       0 kB
CoreDumping:	0
THP_enabled:	1
Threads:	2
SigQ:	1/30485
SigPnd:	0000000000000000
ShdPnd:	0000000000000000
SigBlk:	0000000000000000
SigIgn:	0000000080000000
SigCgt:	00000001000004e0
CapInh:	0000000000000000
CapPrm:	0000000000000000
CapEff:	0000000000000000
CapBnd:	000001ffffffffff
CapAmb:	0000000000000000
NoNewPrivs:	0
Seccomp:	0
Seccomp_filters:	0
Speculation_Store_Bypass:	thread vulnerable
SpeculationIndirectBranch:	conditional enabled
Cpus_allowed:	01
Cpus_allowed_list:	0
Mems_allowed:	1
Mems_allowed_list:	0
voluntary_ctxt_switches:	219
nonvoluntary_ctxt_switches:	5


END(Contents of /proc/122111/status)

Memory in use : 3 MB in 339 allocs, 25 MB reserved ( 21 unused)


END Log Info
==============================================
