*****************************************************************************
ParFlow Output Log
	Version         : v3.9.0
	Compiled on     : Feb 21 2024 14:43:57
*****************************************************************************
==============================================
BEGIN Log Info (SolverRichards)

Transient Problem Solved.
-------------------------

Total Timesteps: 336

-------------------------
Sequence #       Time         \Delta t         Dumpfile #   Recompute?
----------   ------------   ------------ -     ----------   ----------
  000000     0.000000e+00   0.000000e+00 i       000000          n
  000001     1.000000e+00   1.000000e+00 p       000001          y
  000002     2.000000e+00   1.000000e+00 p                       y
  000003     3.000000e+00   1.000000e+00 p                       y
  000004     4.000000e+00   1.000000e+00 p                       y
  000005     5.000000e+00   1.000000e+00 p                       y
  000006     6.000000e+00   1.000000e+00 p                       y
  000007     7.000000e+00   1.000000e+00 p                       y
  000008     8.000000e+00   1.000000e+00 p                       y
  000009     9.000000e+00   1.000000e+00 p                       y
  000010     1.000000e+01   1.000000e+00 p                       y
  000011     1.100000e+01   1.000000e+00 p                       y
  000012     1.200000e+01   1.000000e+00 p                       y
  000013     1.300000e+01   1.000000e+00 p                       y
  000014     1.400000e+01   1.000000e+00 p                       y
  000015     1.500000e+01   1.000000e+00 p                       y
  000016     1.600000e+01   1.000000e+00 p                       y
  000017     1.700000e+01   1.000000e+00 p                       y
  000018     1.800000e+01   1.000000e+00 p                       y
  000019     1.900000e+01   1.000000e+00 p                       y
  000020     2.000000e+01   1.000000e+00 p                       y
  000021     2.100000e+01   1.000000e+00 p                       y
  000022     2.200000e+01   1.000000e+00 p                       y
  000023     2.300000e+01   1.000000e+00 p                       y
  000024     2.400000e+01   1.000000e+00 p                       y
  000025     2.500000e+01   1.000000e+00 p       000002          y
  000026     2.600000e+01   1.000000e+00 p                       y
  000027     2.700000e+01   1.000000e+00 p                       y
  000028     2.800000e+01   1.000000e+00 p                       y
  000029     2.900000e+01   1.000000e+00 p                       y
  000030     3.000000e+01   1.000000e+00 p                       y
  000031     3.100000e+01   1.000000e+00 p                       y
  000032     3.200000e+01   1.000000e+00 p                       y
  000033     3.300000e+01   1.000000e+00 p                       y
  000034     3.400000e+01   1.000000e+00 p                       y
  000035     3.500000e+01   1.000000e+00 p                       y
  000036     3.600000e+01   1.000000e+00 p                       y
  000037     3.700000e+01   1.000000e+00 p                       y
  000038     3.800000e+01   1.000000e+00 p                       y
  000039     3.900000e+01   1.000000e+00 p                       y
  000040     4.000000e+01   1.000000e+00 p                       y
  000041     4.100000e+01   1.000000e+00 p                       y
  000042     4.200000e+01   1.000000e+00 p                       y
  000043     4.300000e+01   1.000000e+00 p                       y
  000044     4.400000e+01   1.000000e+00 p                       y
  000045     4.500000e+01   1.000000e+00 p                       y
  000046     4.600000e+01   1.000000e+00 p                       y
  000047     4.700000e+01   1.000000e+00 p                       y
  000048     4.800000e+01   1.000000e+00 p                       y
  000049     4.900000e+01   1.000000e+00 p       000003          y
  000050     5.000000e+01   1.000000e+00 p                       y
  000051     5.100000e+01   1.000000e+00 p                       y
  000052     5.200000e+01   1.000000e+00 p                       y
  000053     5.300000e+01   1.000000e+00 p                       y
  000054     5.400000e+01   1.000000e+00 p                       y
  000055     5.500000e+01   1.000000e+00 p                       y
  000056     5.600000e+01   1.000000e+00 p                       y
  000057     5.700000e+01   1.000000e+00 p                       y
  000058     5.800000e+01   1.000000e+00 p                       y
  000059     5.900000e+01   1.000000e+00 p                       y
  000060     6.000000e+01   1.000000e+00 p                       y
  000061     6.100000e+01   1.000000e+00 p                       y
  000062     6.200000e+01   1.000000e+00 p                       y
  000063     6.300000e+01   1.000000e+00 p                       y
  000064     6.400000e+01   1.000000e+00 p                       y
  000065     6.500000e+01   1.000000e+00 p                       y
  000066     6.600000e+01   1.000000e+00 p                       y
  000067     6.700000e+01   1.000000e+00 p                       y
  000068     6.800000e+01   1.000000e+00 p                       y
  000069     6.900000e+01   1.000000e+00 p                       y
  000070     7.000000e+01   1.000000e+00 p                       y
  000071     7.100000e+01   1.000000e+00 p                       y
  000072     7.200000e+01   1.000000e+00 p                       y
  000073     7.300000e+01   1.000000e+00 p       000004          y
  000074     7.400000e+01   1.000000e+00 p                       y
  000075     7.500000e+01   1.000000e+00 p                       y
  000076     7.600000e+01   1.000000e+00 p                       y
  000077     7.700000e+01   1.000000e+00 p                       y
  000078     7.800000e+01   1.000000e+00 p                       y
  000079     7.900000e+01   1.000000e+00 p                       y
  000080     8.000000e+01   1.000000e+00 p                       y
  000081     8.100000e+01   1.000000e+00 p                       y
  000082     8.200000e+01   1.000000e+00 p                       y
  000083     8.300000e+01   1.000000e+00 p                       y
  000084     8.400000e+01   1.000000e+00 p                       y
  000085     8.500000e+01   1.000000e+00 p                       y
  000086     8.600000e+01   1.000000e+00 p                       y
  000087     8.700000e+01   1.000000e+00 p                       y
  000088     8.800000e+01   1.000000e+00 p                       y
  000089     8.900000e+01   1.000000e+00 p                       y
  000090     9.000000e+01   1.000000e+00 p                       y
  000091     9.100000e+01   1.000000e+00 p                       y
  000092     9.200000e+01   1.000000e+00 p                       y
  000093     9.300000e+01   1.000000e+00 p                       y
  000094     9.400000e+01   1.000000e+00 p                       y
  000095     9.500000e+01   1.000000e+00 p                       y
  000096     9.600000e+01   1.000000e+00 p                       y
  000097     9.700000e+01   1.000000e+00 p       000005          y
  000098     9.800000e+01   1.000000e+00 p                       y
  000099     9.900000e+01   1.000000e+00 p                       y
  000100     1.000000e+02   1.000000e+00 p                       y
  000101     1.010000e+02   1.000000e+00 p                       y
  000102     1.020000e+02   1.000000e+00 p                       y
  000103     1.030000e+02   1.000000e+00 p                       y
  000104     1.040000e+02   1.000000e+00 p                       y
  000105     1.050000e+02   1.000000e+00 p                       y
  000106     1.060000e+02   1.000000e+00 p                       y
  000107     1.070000e+02   1.000000e+00 p                       y
  000108     1.080000e+02   1.000000e+00 p                       y
  000109     1.090000e+02   1.000000e+00 p                       y
  000110     1.100000e+02   1.000000e+00 p                       y
  000111     1.110000e+02   1.000000e+00 p                       y
  000112     1.120000e+02   1.000000e+00 p                       y
  000113     1.130000e+02   1.000000e+00 p                       y
  000114     1.140000e+02   1.000000e+00 p                       y
  000115     1.150000e+02   1.000000e+00 p                       y
  000116     1.160000e+02   1.000000e+00 p                       y
  000117     1.170000e+02   1.000000e+00 p                       y
  000118     1.180000e+02   1.000000e+00 p                       y
  000119     1.190000e+02   1.000000e+00 p                       y
  000120     1.200000e+02   1.000000e+00 p                       y
  000121     1.210000e+02   1.000000e+00 p       000006          y
  000122     1.220000e+02   1.000000e+00 p                       y
  000123     1.230000e+02   1.000000e+00 p                       y
  000124     1.240000e+02   1.000000e+00 p                       y
  000125     1.250000e+02   1.000000e+00 p                       y
  000126     1.260000e+02   1.000000e+00 p                       y
  000127     1.270000e+02   1.000000e+00 p                       y
  000128     1.280000e+02   1.000000e+00 p                       y
  000129     1.290000e+02   1.000000e+00 p                       y
  000130     1.300000e+02   1.000000e+00 p                       y
  000131     1.310000e+02   1.000000e+00 p                       y
  000132     1.320000e+02   1.000000e+00 p                       y
  000133     1.330000e+02   1.000000e+00 p                       y
  000134     1.340000e+02   1.000000e+00 p                       y
  000135     1.350000e+02   1.000000e+00 p                       y
  000136     1.360000e+02   1.000000e+00 p                       y
  000137     1.370000e+02   1.000000e+00 p                       y
  000138     1.380000e+02   1.000000e+00 p                       y
  000139     1.390000e+02   1.000000e+00 p                       y
  000140     1.400000e+02   1.000000e+00 p                       y
  000141     1.410000e+02   1.000000e+00 p                       y
  000142     1.420000e+02   1.000000e+00 p                       y
  000143     1.430000e+02   1.000000e+00 p                       y
  000144     1.440000e+02   1.000000e+00 p                       y
  000145     1.450000e+02   1.000000e+00 p       000007          y
  000146     1.460000e+02   1.000000e+00 p                       y
  000147     1.470000e+02   1.000000e+00 p                       y
  000148     1.480000e+02   1.000000e+00 p                       y
  000149     1.490000e+02   1.000000e+00 p                       y
  000150     1.500000e+02   1.000000e+00 p                       y
  000151     1.510000e+02   1.000000e+00 p                       y
  000152     1.520000e+02   1.000000e+00 p                       y
  000153     1.530000e+02   1.000000e+00 p                       y
  000154     1.540000e+02   1.000000e+00 p                       y
  000155     1.550000e+02   1.000000e+00 p                       y
  000156     1.560000e+02   1.000000e+00 p                       y
  000157     1.570000e+02   1.000000e+00 p                       y
  000158     1.580000e+02   1.000000e+00 p                       y
  000159     1.590000e+02   1.000000e+00 p                       y
  000160     1.600000e+02   1.000000e+00 p                       y
  000161     1.610000e+02   1.000000e+00 p                       y
  000162     1.620000e+02   1.000000e+00 p                       y
  000163     1.630000e+02   1.000000e+00 p                       y
  000164     1.640000e+02   1.000000e+00 p                       y
  000165     1.650000e+02   1.000000e+00 p                       y
  000166     1.660000e+02   1.000000e+00 p                       y
  000167     1.670000e+02   1.000000e+00 p                       y
  000168     1.680000e+02   1.000000e+00 p                       y
  000169     1.690000e+02   1.000000e+00 p       000008          y
  000170     1.700000e+02   1.000000e+00 p                       y
  000171     1.710000e+02   1.000000e+00 p                       y
  000172     1.720000e+02   1.000000e+00 p                       y
  000173     1.730000e+02   1.000000e+00 p                       y
  000174     1.740000e+02   1.000000e+00 p                       y
  000175     1.750000e+02   1.000000e+00 p                       y
  000176     1.760000e+02   1.000000e+00 p                       y
  000177     1.770000e+02   1.000000e+00 p                       y
  000178     1.780000e+02   1.000000e+00 p                       y
  000179     1.790000e+02   1.000000e+00 p                       y
  000180     1.800000e+02   1.000000e+00 p                       y
  000181     1.810000e+02   1.000000e+00 p                       y
  000182     1.820000e+02   1.000000e+00 p                       y
  000183     1.830000e+02   1.000000e+00 p                       y
  000184     1.840000e+02   1.000000e+00 p                       y
  000185     1.850000e+02   1.000000e+00 p                       y
  000186     1.860000e+02   1.000000e+00 p                       y
  000187     1.870000e+02   1.000000e+00 p                       y
  000188     1.880000e+02   1.000000e+00 p                       y
  000189     1.890000e+02   1.000000e+00 p                       y
  000190     1.900000e+02   1.000000e+00 p                       y
  000191     1.910000e+02   1.000000e+00 p                       y
  000192     1.920000e+02   1.000000e+00 p                       y
  000193     1.930000e+02   1.000000e+00 p       000009          y
  000194     1.940000e+02   1.000000e+00 p                       y
  000195     1.950000e+02   1.000000e+00 p                       y
  000196     1.960000e+02   1.000000e+00 p                       y
  000197     1.970000e+02   1.000000e+00 p                       y
  000198     1.980000e+02   1.000000e+00 p                       y
  000199     1.990000e+02   1.000000e+00 p                       y
  000200     2.000000e+02   1.000000e+00 p                       y
  000201     2.010000e+02   1.000000e+00 p                       y
  000202     2.020000e+02   1.000000e+00 p                       y
  000203     2.030000e+02   1.000000e+00 p                       y
  000204     2.040000e+02   1.000000e+00 p                       y
  000205     2.050000e+02   1.000000e+00 p                       y
  000206     2.060000e+02   1.000000e+00 p                       y
  000207     2.070000e+02   1.000000e+00 p                       y
  000208     2.080000e+02   1.000000e+00 p                       y
  000209     2.090000e+02   1.000000e+00 p                       y
  000210     2.100000e+02   1.000000e+00 p                       y
  000211     2.110000e+02   1.000000e+00 p                       y
  000212     2.120000e+02   1.000000e+00 p                       y
  000213     2.130000e+02   1.000000e+00 p                       y
  000214     2.140000e+02   1.000000e+00 p                       y
  000215     2.150000e+02   1.000000e+00 p                       y
  000216     2.160000e+02   1.000000e+00 p                       y
  000217     2.170000e+02   1.000000e+00 p       000010          y
  000218     2.180000e+02   1.000000e+00 p                       y
  000219     2.190000e+02   1.000000e+00 p                       y
  000220     2.200000e+02   1.000000e+00 p                       y
  000221     2.210000e+02   1.000000e+00 p                       y
  000222     2.220000e+02   1.000000e+00 p                       y
  000223     2.230000e+02   1.000000e+00 p                       y
  000224     2.240000e+02   1.000000e+00 p                       y
  000225     2.250000e+02   1.000000e+00 p                       y
  000226     2.260000e+02   1.000000e+00 p                       y
  000227     2.270000e+02   1.000000e+00 p                       y
  000228     2.280000e+02   1.000000e+00 p                       y
  000229     2.290000e+02   1.000000e+00 p                       y
  000230     2.300000e+02   1.000000e+00 p                       y
  000231     2.310000e+02   1.000000e+00 p                       y
  000232     2.320000e+02   1.000000e+00 p                       y
  000233     2.330000e+02   1.000000e+00 p                       y
  000234     2.340000e+02   1.000000e+00 p                       y
  000235     2.350000e+02   1.000000e+00 p                       y
  000236     2.360000e+02   1.000000e+00 p                       y
  000237     2.370000e+02   1.000000e+00 p                       y
  000238     2.380000e+02   1.000000e+00 p                       y
  000239     2.390000e+02   1.000000e+00 p                       y
  000240     2.400000e+02   1.000000e+00 p                       y
  000241     2.410000e+02   1.000000e+00 p       000011          y
  000242     2.420000e+02   1.000000e+00 p                       y
  000243     2.430000e+02   1.000000e+00 p                       y
  000244     2.440000e+02   1.000000e+00 p                       y
  000245     2.450000e+02   1.000000e+00 p                       y
  000246     2.460000e+02   1.000000e+00 p                       y
  000247     2.470000e+02   1.000000e+00 p                       y
  000248     2.480000e+02   1.000000e+00 p                       y
  000249     2.490000e+02   1.000000e+00 p                       y
  000250     2.500000e+02   1.000000e+00 p                       y
  000251     2.510000e+02   1.000000e+00 p                       y
  000252     2.520000e+02   1.000000e+00 p                       y
  000253     2.530000e+02   1.000000e+00 p                       y
  000254     2.540000e+02   1.000000e+00 p                       y
  000255     2.550000e+02   1.000000e+00 p                       y
  000256     2.560000e+02   1.000000e+00 p                       y
  000257     2.570000e+02   1.000000e+00 p                       y
  000258     2.580000e+02   1.000000e+00 p                       y
  000259     2.590000e+02   1.000000e+00 p                       y
  000260     2.600000e+02   1.000000e+00 p                       y
  000261     2.610000e+02   1.000000e+00 p                       y
  000262     2.620000e+02   1.000000e+00 p                       y
  000263     2.630000e+02   1.000000e+00 p                       y
  000264     2.640000e+02   1.000000e+00 p                       y
  000265     2.650000e+02   1.000000e+00 p       000012          y
  000266     2.660000e+02   1.000000e+00 p                       y
  000267     2.670000e+02   1.000000e+00 p                       y
  000268     2.680000e+02   1.000000e+00 p                       y
  000269     2.690000e+02   1.000000e+00 p                       y
  000270     2.700000e+02   1.000000e+00 p                       y
  000271     2.710000e+02   1.000000e+00 p                       y
  000272     2.720000e+02   1.000000e+00 p                       y
  000273     2.730000e+02   1.000000e+00 p                       y
  000274     2.740000e+02   1.000000e+00 p                       y
  000275     2.750000e+02   1.000000e+00 p                       y
  000276     2.760000e+02   1.000000e+00 p                       y
  000277     2.770000e+02   1.000000e+00 p                       y
  000278     2.780000e+02   1.000000e+00 p                       y
  000279     2.790000e+02   1.000000e+00 p                       y
  000280     2.800000e+02   1.000000e+00 p                       y
  000281     2.810000e+02   1.000000e+00 p                       y
  000282     2.820000e+02   1.000000e+00 p                       y
  000283     2.830000e+02   1.000000e+00 p                       y
  000284     2.840000e+02   1.000000e+00 p                       y
  000285     2.850000e+02   1.000000e+00 p                       y
  000286     2.860000e+02   1.000000e+00 p                       y
  000287     2.870000e+02   1.000000e+00 p                       y
  000288     2.880000e+02   1.000000e+00 p                       y
  000289     2.890000e+02   1.000000e+00 p       000013          y
  000290     2.900000e+02   1.000000e+00 p                       y
  000291     2.910000e+02   1.000000e+00 p                       y
  000292     2.920000e+02   1.000000e+00 p                       y
  000293     2.930000e+02   1.000000e+00 p                       y
  000294     2.940000e+02   1.000000e+00 p                       y
  000295     2.950000e+02   1.000000e+00 p                       y
  000296     2.960000e+02   1.000000e+00 p                       y
  000297     2.970000e+02   1.000000e+00 p                       y
  000298     2.980000e+02   1.000000e+00 p                       y
  000299     2.990000e+02   1.000000e+00 p                       y
  000300     3.000000e+02   1.000000e+00 p                       y
  000301     3.010000e+02   1.000000e+00 p                       y
  000302     3.020000e+02   1.000000e+00 p                       y
  000303     3.030000e+02   1.000000e+00 p                       y
  000304     3.040000e+02   1.000000e+00 p                       y
  000305     3.050000e+02   1.000000e+00 p                       y
  000306     3.060000e+02   1.000000e+00 p                       y
  000307     3.070000e+02   1.000000e+00 p                       y
  000308     3.080000e+02   1.000000e+00 p                       y
  000309     3.090000e+02   1.000000e+00 p                       y
  000310     3.100000e+02   1.000000e+00 p                       y
  000311     3.110000e+02   1.000000e+00 p                       y
  000312     3.120000e+02   1.000000e+00 p                       y
  000313     3.130000e+02   1.000000e+00 p       000014          y
  000314     3.140000e+02   1.000000e+00 p                       y
  000315     3.150000e+02   1.000000e+00 p                       y
  000316     3.160000e+02   1.000000e+00 p                       y
  000317     3.170000e+02   1.000000e+00 p                       y
  000318     3.180000e+02   1.000000e+00 p                       y
  000319     3.190000e+02   1.000000e+00 p                       y
  000320     3.200000e+02   1.000000e+00 p                       y
  000321     3.210000e+02   1.000000e+00 p                       y
  000322     3.220000e+02   1.000000e+00 p                       y
  000323     3.230000e+02   1.000000e+00 p                       y
  000324     3.240000e+02   1.000000e+00 p                       y
  000325     3.250000e+02   1.000000e+00 p                       y
  000326     3.260000e+02   1.000000e+00 p                       y
  000327     3.270000e+02   1.000000e+00 p                       y
  000328     3.280000e+02   1.000000e+00 p                       y
  000329     3.290000e+02   1.000000e+00 p                       y
  000330     3.300000e+02   1.000000e+00 p                       y
  000331     3.310000e+02   1.000000e+00 p                       y
  000332     3.320000e+02   1.000000e+00 p                       y
  000333     3.330000e+02   1.000000e+00 p                       y
  000334     3.340000e+02   1.000000e+00 p                       y
  000335     3.350000e+02   1.000000e+00 p                       y
  000336     3.360000e+02   1.000000e+00 f                       y

Overland flow Results
  000000     0.000000e+00   0.000000e+00
  000001     1.000000e+00   1.000000e+00
  000002     2.000000e+00   1.000000e+00
  000003     3.000000e+00   1.000000e+00
  000004     4.000000e+00   1.000000e+00
  000005     5.000000e+00   1.000000e+00
  000006     6.000000e+00   1.000000e+00
  000007     7.000000e+00   1.000000e+00
  000008     8.000000e+00   1.000000e+00
  000009     9.000000e+00   1.000000e+00
  000010     1.000000e+01   1.000000e+00
  000011     1.100000e+01   1.000000e+00
  000012     1.200000e+01   1.000000e+00
  000013     1.300000e+01   1.000000e+00
  000014     1.400000e+01   1.000000e+00
  000015     1.500000e+01   1.000000e+00
  000016     1.600000e+01   1.000000e+00
  000017     1.700000e+01   1.000000e+00
  000018     1.800000e+01   1.000000e+00
  000019     1.900000e+01   1.000000e+00
  000020     2.000000e+01   1.000000e+00
  000021     2.100000e+01   1.000000e+00
  000022     2.200000e+01   1.000000e+00
  000023     2.300000e+01   1.000000e+00
  000024     2.400000e+01   1.000000e+00
  000025     2.500000e+01   1.000000e+00
  000026     2.600000e+01   1.000000e+00
  000027     2.700000e+01   1.000000e+00
  000028     2.800000e+01   1.000000e+00
  000029     2.900000e+01   1.000000e+00
  000030     3.000000e+01   1.000000e+00
  000031     3.100000e+01   1.000000e+00
  000032     3.200000e+01   1.000000e+00
  000033     3.300000e+01   1.000000e+00
  000034     3.400000e+01   1.000000e+00
  000035     3.500000e+01   1.000000e+00
  000036     3.600000e+01   1.000000e+00
  000037     3.700000e+01   1.000000e+00
  000038     3.800000e+01   1.000000e+00
  000039     3.900000e+01   1.000000e+00
  000040     4.000000e+01   1.000000e+00
  000041     4.100000e+01   1.000000e+00
  000042     4.200000e+01   1.000000e+00
  000043     4.300000e+01   1.000000e+00
  000044     4.400000e+01   1.000000e+00
  000045     4.500000e+01   1.000000e+00
  000046     4.600000e+01   1.000000e+00
  000047     4.700000e+01   1.000000e+00
  000048     4.800000e+01   1.000000e+00
  000049     4.900000e+01   1.000000e+00
  000050     5.000000e+01   1.000000e+00
  000051     5.100000e+01   1.000000e+00
  000052     5.200000e+01   1.000000e+00
  000053     5.300000e+01   1.000000e+00
  000054     5.400000e+01   1.000000e+00
  000055     5.500000e+01   1.000000e+00
  000056     5.600000e+01   1.000000e+00
  000057     5.700000e+01   1.000000e+00
  000058     5.800000e+01   1.000000e+00
  000059     5.900000e+01   1.000000e+00
  000060     6.000000e+01   1.000000e+00
  000061     6.100000e+01   1.000000e+00
  000062     6.200000e+01   1.000000e+00
  000063     6.300000e+01   1.000000e+00
  000064     6.400000e+01   1.000000e+00
  000065     6.500000e+01   1.000000e+00
  000066     6.600000e+01   1.000000e+00
  000067     6.700000e+01   1.000000e+00
  000068     6.800000e+01   1.000000e+00
  000069     6.900000e+01   1.000000e+00
  000070     7.000000e+01   1.000000e+00
  000071     7.100000e+01   1.000000e+00
  000072     7.200000e+01   1.000000e+00
  000073     7.300000e+01   1.000000e+00
  000074     7.400000e+01   1.000000e+00
  000075     7.500000e+01   1.000000e+00
  000076     7.600000e+01   1.000000e+00
  000077     7.700000e+01   1.000000e+00
  000078     7.800000e+01   1.000000e+00
  000079     7.900000e+01   1.000000e+00
  000080     8.000000e+01   1.000000e+00
  000081     8.100000e+01   1.000000e+00
  000082     8.200000e+01   1.000000e+00
  000083     8.300000e+01   1.000000e+00
  000084     8.400000e+01   1.000000e+00
  000085     8.500000e+01   1.000000e+00
  000086     8.600000e+01   1.000000e+00
  000087     8.700000e+01   1.000000e+00
  000088     8.800000e+01   1.000000e+00
  000089     8.900000e+01   1.000000e+00
  000090     9.000000e+01   1.000000e+00
  000091     9.100000e+01   1.000000e+00
  000092     9.200000e+01   1.000000e+00
  000093     9.300000e+01   1.000000e+00
  000094     9.400000e+01   1.000000e+00
  000095     9.500000e+01   1.000000e+00
  000096     9.600000e+01   1.000000e+00
  000097     9.700000e+01   1.000000e+00
  000098     9.800000e+01   1.000000e+00
  000099     9.900000e+01   1.000000e+00
  000100     1.000000e+02   1.000000e+00
  000101     1.010000e+02   1.000000e+00
  000102     1.020000e+02   1.000000e+00
  000103     1.030000e+02   1.000000e+00
  000104     1.040000e+02   1.000000e+00
  000105     1.050000e+02   1.000000e+00
  000106     1.060000e+02   1.000000e+00
  000107     1.070000e+02   1.000000e+00
  000108     1.080000e+02   1.000000e+00
  000109     1.090000e+02   1.000000e+00
  000110     1.100000e+02   1.000000e+00
  000111     1.110000e+02   1.000000e+00
  000112     1.120000e+02   1.000000e+00
  000113     1.130000e+02   1.000000e+00
  000114     1.140000e+02   1.000000e+00
  000115     1.150000e+02   1.000000e+00
  000116     1.160000e+02   1.000000e+00
  000117     1.170000e+02   1.000000e+00
  000118     1.180000e+02   1.000000e+00
  000119     1.190000e+02   1.000000e+00
  000120     1.200000e+02   1.000000e+00
  000121     1.210000e+02   1.000000e+00
  000122     1.220000e+02   1.000000e+00
  000123     1.230000e+02   1.000000e+00
  000124     1.240000e+02   1.000000e+00
  000125     1.250000e+02   1.000000e+00
  000126     1.260000e+02   1.000000e+00
  000127     1.270000e+02   1.000000e+00
  000128     1.280000e+02   1.000000e+00
  000129     1.290000e+02   1.000000e+00
  000130     1.300000e+02   1.000000e+00
  000131     1.310000e+02   1.000000e+00
  000132     1.320000e+02   1.000000e+00
  000133     1.330000e+02   1.000000e+00
  000134     1.340000e+02   1.000000e+00
  000135     1.350000e+02   1.000000e+00
  000136     1.360000e+02   1.000000e+00
  000137     1.370000e+02   1.000000e+00
  000138     1.380000e+02   1.000000e+00
  000139     1.390000e+02   1.000000e+00
  000140     1.400000e+02   1.000000e+00
  000141     1.410000e+02   1.000000e+00
  000142     1.420000e+02   1.000000e+00
  000143     1.430000e+02   1.000000e+00
  000144     1.440000e+02   1.000000e+00
  000145     1.450000e+02   1.000000e+00
  000146     1.460000e+02   1.000000e+00
  000147     1.470000e+02   1.000000e+00
  000148     1.480000e+02   1.000000e+00
  000149     1.490000e+02   1.000000e+00
  000150     1.500000e+02   1.000000e+00
  000151     1.510000e+02   1.000000e+00
  000152     1.520000e+02   1.000000e+00
  000153     1.530000e+02   1.000000e+00
  000154     1.540000e+02   1.000000e+00
  000155     1.550000e+02   1.000000e+00
  000156     1.560000e+02   1.000000e+00
  000157     1.570000e+02   1.000000e+00
  000158     1.580000e+02   1.000000e+00
  000159     1.590000e+02   1.000000e+00
  000160     1.600000e+02   1.000000e+00
  000161     1.610000e+02   1.000000e+00
  000162     1.620000e+02   1.000000e+00
  000163     1.630000e+02   1.000000e+00
  000164     1.640000e+02   1.000000e+00
  000165     1.650000e+02   1.000000e+00
  000166     1.660000e+02   1.000000e+00
  000167     1.670000e+02   1.000000e+00
  000168     1.680000e+02   1.000000e+00
  000169     1.690000e+02   1.000000e+00
  000170     1.700000e+02   1.000000e+00
  000171     1.710000e+02   1.000000e+00
  000172     1.720000e+02   1.000000e+00
  000173     1.730000e+02   1.000000e+00
  000174     1.740000e+02   1.000000e+00
  000175     1.750000e+02   1.000000e+00
  000176     1.760000e+02   1.000000e+00
  000177     1.770000e+02   1.000000e+00
  000178     1.780000e+02   1.000000e+00
  000179     1.790000e+02   1.000000e+00
  000180     1.800000e+02   1.000000e+00
  000181     1.810000e+02   1.000000e+00
  000182     1.820000e+02   1.000000e+00
  000183     1.830000e+02   1.000000e+00
  000184     1.840000e+02   1.000000e+00
  000185     1.850000e+02   1.000000e+00
  000186     1.860000e+02   1.000000e+00
  000187     1.870000e+02   1.000000e+00
  000188     1.880000e+02   1.000000e+00
  000189     1.890000e+02   1.000000e+00
  000190     1.900000e+02   1.000000e+00
  000191     1.910000e+02   1.000000e+00
  000192     1.920000e+02   1.000000e+00
  000193     1.930000e+02   1.000000e+00
  000194     1.940000e+02   1.000000e+00
  000195     1.950000e+02   1.000000e+00
  000196     1.960000e+02   1.000000e+00
  000197     1.970000e+02   1.000000e+00
  000198     1.980000e+02   1.000000e+00
  000199     1.990000e+02   1.000000e+00
  000200     2.000000e+02   1.000000e+00
  000201     2.010000e+02   1.000000e+00
  000202     2.020000e+02   1.000000e+00
  000203     2.030000e+02   1.000000e+00
  000204     2.040000e+02   1.000000e+00
  000205     2.050000e+02   1.000000e+00
  000206     2.060000e+02   1.000000e+00
  000207     2.070000e+02   1.000000e+00
  000208     2.080000e+02   1.000000e+00
  000209     2.090000e+02   1.000000e+00
  000210     2.100000e+02   1.000000e+00
  000211     2.110000e+02   1.000000e+00
  000212     2.120000e+02   1.000000e+00
  000213     2.130000e+02   1.000000e+00
  000214     2.140000e+02   1.000000e+00
  000215     2.150000e+02   1.000000e+00
  000216     2.160000e+02   1.000000e+00
  000217     2.170000e+02   1.000000e+00
  000218     2.180000e+02   1.000000e+00
  000219     2.190000e+02   1.000000e+00
  000220     2.200000e+02   1.000000e+00
  000221     2.210000e+02   1.000000e+00
  000222     2.220000e+02   1.000000e+00
  000223     2.230000e+02   1.000000e+00
  000224     2.240000e+02   1.000000e+00
  000225     2.250000e+02   1.000000e+00
  000226     2.260000e+02   1.000000e+00
  000227     2.270000e+02   1.000000e+00
  000228     2.280000e+02   1.000000e+00
  000229     2.290000e+02   1.000000e+00
  000230     2.300000e+02   1.000000e+00
  000231     2.310000e+02   1.000000e+00
  000232     2.320000e+02   1.000000e+00
  000233     2.330000e+02   1.000000e+00
  000234     2.340000e+02   1.000000e+00
  000235     2.350000e+02   1.000000e+00
  000236     2.360000e+02   1.000000e+00
  000237     2.370000e+02   1.000000e+00
  000238     2.380000e+02   1.000000e+00
  000239     2.390000e+02   1.000000e+00
  000240     2.400000e+02   1.000000e+00
  000241     2.410000e+02   1.000000e+00
  000242     2.420000e+02   1.000000e+00
  000243     2.430000e+02   1.000000e+00
  000244     2.440000e+02   1.000000e+00
  000245     2.450000e+02   1.000000e+00
  000246     2.460000e+02   1.000000e+00
  000247     2.470000e+02   1.000000e+00
  000248     2.480000e+02   1.000000e+00
  000249     2.490000e+02   1.000000e+00
  000250     2.500000e+02   1.000000e+00
  000251     2.510000e+02   1.000000e+00
  000252     2.520000e+02   1.000000e+00
  000253     2.530000e+02   1.000000e+00
  000254     2.540000e+02   1.000000e+00
  000255     2.550000e+02   1.000000e+00
  000256     2.560000e+02   1.000000e+00
  000257     2.570000e+02   1.000000e+00
  000258     2.580000e+02   1.000000e+00
  000259     2.590000e+02   1.000000e+00
  000260     2.600000e+02   1.000000e+00
  000261     2.610000e+02   1.000000e+00
  000262     2.620000e+02   1.000000e+00
  000263     2.630000e+02   1.000000e+00
  000264     2.640000e+02   1.000000e+00
  000265     2.650000e+02   1.000000e+00
  000266     2.660000e+02   1.000000e+00
  000267     2.670000e+02   1.000000e+00
  000268     2.680000e+02   1.000000e+00
  000269     2.690000e+02   1.000000e+00
  000270     2.700000e+02   1.000000e+00
  000271     2.710000e+02   1.000000e+00
  000272     2.720000e+02   1.000000e+00
  000273     2.730000e+02   1.000000e+00
  000274     2.740000e+02   1.000000e+00
  000275     2.750000e+02   1.000000e+00
  000276     2.760000e+02   1.000000e+00
  000277     2.770000e+02   1.000000e+00
  000278     2.780000e+02   1.000000e+00
  000279     2.790000e+02   1.000000e+00
  000280     2.800000e+02   1.000000e+00
  000281     2.810000e+02   1.000000e+00
  000282     2.820000e+02   1.000000e+00
  000283     2.830000e+02   1.000000e+00
  000284     2.840000e+02   1.000000e+00
  000285     2.850000e+02   1.000000e+00
  000286     2.860000e+02   1.000000e+00
  000287     2.870000e+02   1.000000e+00
  000288     2.880000e+02   1.000000e+00
  000289     2.890000e+02   1.000000e+00
  000290     2.900000e+02   1.000000e+00
  000291     2.910000e+02   1.000000e+00
  000292     2.920000e+02   1.000000e+00
  000293     2.930000e+02   1.000000e+00
  000294     2.940000e+02   1.000000e+00
  000295     2.950000e+02   1.000000e+00
  000296     2.960000e+02   1.000000e+00
  000297     2.970000e+02   1.000000e+00
  000298     2.980000e+02   1.000000e+00
  000299     2.990000e+02   1.000000e+00
  000300     3.000000e+02   1.000000e+00
  000301     3.010000e+02   1.000000e+00
  000302     3.020000e+02   1.000000e+00
  000303     3.030000e+02   1.000000e+00
  000304     3.040000e+02   1.000000e+00
  000305     3.050000e+02   1.000000e+00
  000306     3.060000e+02   1.000000e+00
  000307     3.070000e+02   1.000000e+00
  000308     3.080000e+02   1.000000e+00
  000309     3.090000e+02   1.000000e+00
  000310     3.100000e+02   1.000000e+00
  000311     3.110000e+02   1.000000e+00
  000312     3.120000e+02   1.000000e+00
  000313     3.130000e+02   1.000000e+00
  000314     3.140000e+02   1.000000e+00
  000315     3.150000e+02   1.000000e+00
  000316     3.160000e+02   1.000000e+00
  000317     3.170000e+02   1.000000e+00
  000318     3.180000e+02   1.000000e+00
  000319     3.190000e+02   1.000000e+00
  000320     3.200000e+02   1.000000e+00
  000321     3.210000e+02   1.000000e+00
  000322     3.220000e+02   1.000000e+00
  000323     3.230000e+02   1.000000e+00
  000324     3.240000e+02   1.000000e+00
  000325     3.250000e+02   1.000000e+00
  000326     3.260000e+02   1.000000e+00
  000327     3.270000e+02   1.000000e+00
  000328     3.280000e+02   1.000000e+00
  000329     3.290000e+02   1.000000e+00
  000330     3.300000e+02   1.000000e+00
  000331     3.310000e+02   1.000000e+00
  000332     3.320000e+02   1.000000e+00
  000333     3.330000e+02   1.000000e+00
  000334     3.340000e+02   1.000000e+00
  000335     3.350000e+02   1.000000e+00
  000336     3.360000e+02   1.000000e+00

END Log Info
==============================================
==============================================
BEGIN Log Info (Globals)

Run Name: /home/patras/Valmalenco/Codes/RunProcess/Tmp/SA_box
Logging Level = 1
Num processes = 4
Process grid = (2,2,1)

END Log Info
==============================================
==============================================
BEGIN Log Info (ParFlow Total Time)

Total Run Time: 6.854100 seconds

Maximum memory used on processor 0 : 38 MB
Maximum memory used on processor 1 : 13 MB
Maximum memory used on processor 2 : 13 MB
Maximum memory used on processor 3 : 13 MB


BEGIN(Contents of /proc/82776/status)
Name:	parflow
Umask:	0022
State:	R (running)
Tgid:	82776
Ngid:	0
Pid:	82776
PPid:	82772
TracerPid:	0
Uid:	1000	1000	1000	1000
Gid:	1000	1000	1000	1000
FDSize:	64
Groups:	4 20 24 25 27 29 30 44 46 116 1000 
NStgid:	82776
NSpid:	82776
NSpgid:	82776
NSsid:	332
VmPeak:	  223828 kB
VmSize:	  208196 kB
VmLck:	       0 kB
VmPin:	       0 kB
VmHWM:	   27572 kB
VmRSS:	   27568 kB
RssAnon:	   13972 kB
RssFile:	   13204 kB
RssShmem:	     392 kB
VmData:	   34620 kB
VmStk:	     160 kB
VmExe:	    1680 kB
VmLib:	   29992 kB
VmPTE:	     192 kB
VmSwap:	       0 kB
HugetlbPages:	       0 kB
CoreDumping:	0
THP_enabled:	1
Threads:	2
SigQ:	1/30485
SigPnd:	0000000000000000
ShdPnd:	0000000000000000
SigBlk:	0000000000000000
SigIgn:	0000000080000000
SigCgt:	00000001000004e0
CapInh:	0000000000000000
CapPrm:	0000000000000000
CapEff:	0000000000000000
CapBnd:	000001ffffffffff
CapAmb:	0000000000000000
NoNewPrivs:	0
Seccomp:	0
Seccomp_filters:	0
Speculation_Store_Bypass:	thread vulnerable
SpeculationIndirectBranch:	conditional enabled
Cpus_allowed:	01
Cpus_allowed_list:	0
Mems_allowed:	1
Mems_allowed_list:	0
voluntary_ctxt_switches:	228
nonvoluntary_ctxt_switches:	19


END(Contents of /proc/82776/status)

Memory in use : 3 MB in 398 allocs, 24 MB reserved ( 20 unused)


END Log Info
==============================================
